[2022-11-21 21:53:34,990] {taskinstance.py:1035} INFO - Dependencies all met for <TaskInstance: bash_operator.notify manual__2022-11-21T21:45:02.928692+00:00 [queued]>
[2022-11-21 21:53:35,059] {taskinstance.py:1035} INFO - Dependencies all met for <TaskInstance: bash_operator.notify manual__2022-11-21T21:45:02.928692+00:00 [queued]>
[2022-11-21 21:53:35,060] {taskinstance.py:1241} INFO - 
--------------------------------------------------------------------------------
[2022-11-21 21:53:35,061] {taskinstance.py:1242} INFO - Starting attempt 1 of 1
[2022-11-21 21:53:35,062] {taskinstance.py:1243} INFO - 
--------------------------------------------------------------------------------
[2022-11-21 21:53:35,080] {taskinstance.py:1262} INFO - Executing <Task(BashOperator): notify> on 2022-11-21 21:45:02.928692+00:00
[2022-11-21 21:53:35,090] {standard_task_runner.py:76} INFO - Running: ['***', 'tasks', 'run', 'bash_operator', 'notify', 'manual__2022-11-21T21:45:02.928692+00:00', '--job-id', '17', '--raw', '--subdir', 'DAGS_FOLDER/bash_example.py', '--cfg-path', '/tmp/tmpgjqz4i7y', '--error-file', '/tmp/tmp7xwb9nh6']
[2022-11-21 21:53:35,092] {standard_task_runner.py:77} INFO - Job 17: Subtask notify
[2022-11-21 21:53:35,085] {standard_task_runner.py:52} INFO - Started process 851 to run task
[2022-11-21 21:53:35,158] {logging_mixin.py:109} INFO - Running <TaskInstance: bash_operator.notify manual__2022-11-21T21:45:02.928692+00:00 [running]> on host e6f0f1db9976
[2022-11-21 21:53:35,231] {taskinstance.py:1414} INFO - Exporting the following env vars:
AIRFLOW_CTX_DAG_OWNER=***
AIRFLOW_CTX_DAG_ID=bash_operator
AIRFLOW_CTX_TASK_ID=notify
AIRFLOW_CTX_EXECUTION_DATE=2022-11-21T21:45:02.928692+00:00
AIRFLOW_CTX_DAG_RUN_ID=manual__2022-11-21T21:45:02.928692+00:00
[2022-11-21 21:53:35,235] {subprocess.py:62} INFO - Tmp dir root location: 
 /tmp
[2022-11-21 21:53:35,237] {subprocess.py:74} INFO - Running command: ['bash', '-c', 'echo "There is $(ls /opt/***/datalake/datalake/bronze/ | wc -l) file."']
[2022-11-21 21:53:35,248] {subprocess.py:85} INFO - Output:
[2022-11-21 21:53:35,255] {subprocess.py:89} INFO - ls: cannot access '/opt/***/datalake/datalake/bronze/': No such file or directory
[2022-11-21 21:53:35,256] {subprocess.py:89} INFO - There is 0 file.
[2022-11-21 21:53:35,257] {subprocess.py:93} INFO - Command exited with return code 0
[2022-11-21 21:53:35,286] {taskinstance.py:1280} INFO - Marking task as SUCCESS. dag_id=bash_operator, task_id=notify, execution_date=20221121T214502, start_date=20221121T215335, end_date=20221121T215335
[2022-11-21 21:53:35,312] {local_task_job.py:154} INFO - Task exited with return code 0
[2022-11-21 21:53:35,347] {local_task_job.py:264} INFO - 0 downstream tasks scheduled from follow-on schedule check
[2022-11-21 23:33:25,582] {taskinstance.py:1035} INFO - Dependencies all met for <TaskInstance: bash_operator.notify manual__2022-11-21T23:33:20.556781+00:00 [queued]>
[2022-11-21 23:33:25,613] {taskinstance.py:1035} INFO - Dependencies all met for <TaskInstance: bash_operator.notify manual__2022-11-21T23:33:20.556781+00:00 [queued]>
[2022-11-21 23:33:25,614] {taskinstance.py:1241} INFO - 
--------------------------------------------------------------------------------
[2022-11-21 23:33:25,616] {taskinstance.py:1242} INFO - Starting attempt 1 of 1
[2022-11-21 23:33:25,618] {taskinstance.py:1243} INFO - 
--------------------------------------------------------------------------------
[2022-11-21 23:33:25,637] {taskinstance.py:1262} INFO - Executing <Task(BashOperator): notify> on 2022-11-21 23:33:20.556781+00:00
[2022-11-21 23:33:25,649] {standard_task_runner.py:76} INFO - Running: ['***', 'tasks', 'run', 'bash_operator', 'notify', 'manual__2022-11-21T23:33:20.556781+00:00', '--job-id', '63', '--raw', '--subdir', 'DAGS_FOLDER/bash_example.py', '--cfg-path', '/tmp/tmpt5cn448u', '--error-file', '/tmp/tmpp4gnlt0o']
[2022-11-21 23:33:25,651] {standard_task_runner.py:77} INFO - Job 63: Subtask notify
[2022-11-21 23:33:25,644] {standard_task_runner.py:52} INFO - Started process 4694 to run task
[2022-11-21 23:33:25,733] {logging_mixin.py:109} INFO - Running <TaskInstance: bash_operator.notify manual__2022-11-21T23:33:20.556781+00:00 [running]> on host e6f0f1db9976
[2022-11-21 23:33:25,827] {taskinstance.py:1414} INFO - Exporting the following env vars:
AIRFLOW_CTX_DAG_OWNER=***
AIRFLOW_CTX_DAG_ID=bash_operator
AIRFLOW_CTX_TASK_ID=notify
AIRFLOW_CTX_EXECUTION_DATE=2022-11-21T23:33:20.556781+00:00
AIRFLOW_CTX_DAG_RUN_ID=manual__2022-11-21T23:33:20.556781+00:00
[2022-11-21 23:33:25,829] {subprocess.py:62} INFO - Tmp dir root location: 
 /tmp
[2022-11-21 23:33:25,831] {subprocess.py:74} INFO - Running command: ['bash', '-c', 'echo "There is $(ls /opt/***/datalake/bronze/ | wc -l) file."']
[2022-11-21 23:33:25,855] {subprocess.py:85} INFO - Output:
[2022-11-21 23:33:25,863] {subprocess.py:89} INFO - There is 1 file.
[2022-11-21 23:33:25,864] {subprocess.py:93} INFO - Command exited with return code 0
[2022-11-21 23:33:25,903] {taskinstance.py:1280} INFO - Marking task as SUCCESS. dag_id=bash_operator, task_id=notify, execution_date=20221121T233320, start_date=20221121T233325, end_date=20221121T233325
[2022-11-21 23:33:25,953] {local_task_job.py:154} INFO - Task exited with return code 0
[2022-11-21 23:33:25,993] {local_task_job.py:264} INFO - 0 downstream tasks scheduled from follow-on schedule check
