[2022-11-21 21:54:53,461] {taskinstance.py:1035} INFO - Dependencies all met for <TaskInstance: bash_operator.notify manual__2022-11-21T21:45:02.928692+00:00 [queued]>
[2022-11-21 21:54:53,476] {taskinstance.py:1035} INFO - Dependencies all met for <TaskInstance: bash_operator.notify manual__2022-11-21T21:45:02.928692+00:00 [queued]>
[2022-11-21 21:54:53,477] {taskinstance.py:1241} INFO - 
--------------------------------------------------------------------------------
[2022-11-21 21:54:53,478] {taskinstance.py:1242} INFO - Starting attempt 3 of 3
[2022-11-21 21:54:53,478] {taskinstance.py:1243} INFO - 
--------------------------------------------------------------------------------
[2022-11-21 21:54:53,489] {taskinstance.py:1262} INFO - Executing <Task(BashOperator): notify> on 2022-11-21 21:45:02.928692+00:00
[2022-11-21 21:54:53,496] {standard_task_runner.py:76} INFO - Running: ['***', 'tasks', 'run', 'bash_operator', 'notify', 'manual__2022-11-21T21:45:02.928692+00:00', '--job-id', '23', '--raw', '--subdir', 'DAGS_FOLDER/bash_example.py', '--cfg-path', '/tmp/tmp1pn8vlgu', '--error-file', '/tmp/tmp171qsdng']
[2022-11-21 21:54:53,497] {standard_task_runner.py:77} INFO - Job 23: Subtask notify
[2022-11-21 21:54:53,493] {standard_task_runner.py:52} INFO - Started process 937 to run task
[2022-11-21 21:54:53,540] {logging_mixin.py:109} INFO - Running <TaskInstance: bash_operator.notify manual__2022-11-21T21:45:02.928692+00:00 [running]> on host e6f0f1db9976
[2022-11-21 21:54:53,584] {taskinstance.py:1414} INFO - Exporting the following env vars:
AIRFLOW_CTX_DAG_OWNER=***
AIRFLOW_CTX_DAG_ID=bash_operator
AIRFLOW_CTX_TASK_ID=notify
AIRFLOW_CTX_EXECUTION_DATE=2022-11-21T21:45:02.928692+00:00
AIRFLOW_CTX_DAG_RUN_ID=manual__2022-11-21T21:45:02.928692+00:00
[2022-11-21 21:54:53,585] {subprocess.py:62} INFO - Tmp dir root location: 
 /tmp
[2022-11-21 21:54:53,587] {subprocess.py:74} INFO - Running command: ['bash', '-c', 'echo "There is $(ls /opt/***/datalake/bronze/ | wc -l) file."']
[2022-11-21 21:54:53,596] {subprocess.py:85} INFO - Output:
[2022-11-21 21:54:53,601] {subprocess.py:89} INFO - There is 1 file.
[2022-11-21 21:54:53,602] {subprocess.py:93} INFO - Command exited with return code 0
[2022-11-21 21:54:53,630] {taskinstance.py:1280} INFO - Marking task as SUCCESS. dag_id=bash_operator, task_id=notify, execution_date=20221121T214502, start_date=20221121T215453, end_date=20221121T215453
[2022-11-21 21:54:53,674] {local_task_job.py:154} INFO - Task exited with return code 0
[2022-11-21 21:54:53,701] {local_task_job.py:264} INFO - 0 downstream tasks scheduled from follow-on schedule check
