[2022-11-21 23:35:01,599] {taskinstance.py:1035} INFO - Dependencies all met for <TaskInstance: python_operator.print_the_context scheduled__2022-11-21T23:30:00+00:00 [queued]>
[2022-11-21 23:35:01,633] {taskinstance.py:1035} INFO - Dependencies all met for <TaskInstance: python_operator.print_the_context scheduled__2022-11-21T23:30:00+00:00 [queued]>
[2022-11-21 23:35:01,635] {taskinstance.py:1241} INFO - 
--------------------------------------------------------------------------------
[2022-11-21 23:35:01,636] {taskinstance.py:1242} INFO - Starting attempt 1 of 1
[2022-11-21 23:35:01,637] {taskinstance.py:1243} INFO - 
--------------------------------------------------------------------------------
[2022-11-21 23:35:01,660] {taskinstance.py:1262} INFO - Executing <Task(PythonOperator): print_the_context> on 2022-11-21 23:30:00+00:00
[2022-11-21 23:35:01,674] {standard_task_runner.py:76} INFO - Running: ['***', 'tasks', 'run', 'python_operator', 'print_the_context', 'scheduled__2022-11-21T23:30:00+00:00', '--job-id', '64', '--raw', '--subdir', 'DAGS_FOLDER/python_example.py', '--cfg-path', '/tmp/tmp8y9vy427', '--error-file', '/tmp/tmpm129pgho']
[2022-11-21 23:35:01,678] {standard_task_runner.py:77} INFO - Job 64: Subtask print_the_context
[2022-11-21 23:35:01,668] {standard_task_runner.py:52} INFO - Started process 4761 to run task
[2022-11-21 23:35:01,759] {logging_mixin.py:109} INFO - Running <TaskInstance: python_operator.print_the_context scheduled__2022-11-21T23:30:00+00:00 [running]> on host e6f0f1db9976
[2022-11-21 23:35:01,850] {taskinstance.py:1414} INFO - Exporting the following env vars:
AIRFLOW_CTX_DAG_OWNER=***
AIRFLOW_CTX_DAG_ID=python_operator
AIRFLOW_CTX_TASK_ID=print_the_context
AIRFLOW_CTX_EXECUTION_DATE=2022-11-21T23:30:00+00:00
AIRFLOW_CTX_DAG_RUN_ID=scheduled__2022-11-21T23:30:00+00:00
[2022-11-21 23:35:01,853] {logging_mixin.py:109} INFO - 2022-11-21
[2022-11-21 23:35:01,854] {python.py:152} INFO - Done. Returned value was: Olá pandawans
[2022-11-21 23:35:01,897] {taskinstance.py:1280} INFO - Marking task as SUCCESS. dag_id=python_operator, task_id=print_the_context, execution_date=20221121T233000, start_date=20221121T233501, end_date=20221121T233501
[2022-11-21 23:35:01,940] {local_task_job.py:154} INFO - Task exited with return code 0
[2022-11-21 23:35:02,005] {local_task_job.py:264} INFO - 0 downstream tasks scheduled from follow-on schedule check
