[2022-11-21 21:56:24,401] {taskinstance.py:1035} INFO - Dependencies all met for <TaskInstance: python_operator.print_the_context scheduled__2022-11-21T21:30:00+00:00 [queued]>
[2022-11-21 21:56:24,478] {taskinstance.py:1035} INFO - Dependencies all met for <TaskInstance: python_operator.print_the_context scheduled__2022-11-21T21:30:00+00:00 [queued]>
[2022-11-21 21:56:24,479] {taskinstance.py:1241} INFO - 
--------------------------------------------------------------------------------
[2022-11-21 21:56:24,481] {taskinstance.py:1242} INFO - Starting attempt 1 of 1
[2022-11-21 21:56:24,482] {taskinstance.py:1243} INFO - 
--------------------------------------------------------------------------------
[2022-11-21 21:56:24,530] {taskinstance.py:1262} INFO - Executing <Task(PythonOperator): print_the_context> on 2022-11-21 21:30:00+00:00
[2022-11-21 21:56:24,560] {standard_task_runner.py:76} INFO - Running: ['***', 'tasks', 'run', 'python_operator', 'print_the_context', 'scheduled__2022-11-21T21:30:00+00:00', '--job-id', '27', '--raw', '--subdir', 'DAGS_FOLDER/python_example.py', '--cfg-path', '/tmp/tmp59awq3ep', '--error-file', '/tmp/tmpdofjscuo']
[2022-11-21 21:56:24,563] {standard_task_runner.py:77} INFO - Job 27: Subtask print_the_context
[2022-11-21 21:56:24,553] {standard_task_runner.py:52} INFO - Started process 1019 to run task
[2022-11-21 21:56:24,663] {logging_mixin.py:109} INFO - Running <TaskInstance: python_operator.print_the_context scheduled__2022-11-21T21:30:00+00:00 [running]> on host e6f0f1db9976
[2022-11-21 21:56:24,796] {taskinstance.py:1414} INFO - Exporting the following env vars:
AIRFLOW_CTX_DAG_OWNER=***
AIRFLOW_CTX_DAG_ID=python_operator
AIRFLOW_CTX_TASK_ID=print_the_context
AIRFLOW_CTX_EXECUTION_DATE=2022-11-21T21:30:00+00:00
AIRFLOW_CTX_DAG_RUN_ID=scheduled__2022-11-21T21:30:00+00:00
[2022-11-21 21:56:24,799] {logging_mixin.py:109} INFO - 2022-11-21
[2022-11-21 21:56:24,801] {python.py:152} INFO - Done. Returned value was: Olá pandawans
[2022-11-21 21:56:24,940] {taskinstance.py:1280} INFO - Marking task as SUCCESS. dag_id=python_operator, task_id=print_the_context, execution_date=20221121T213000, start_date=20221121T215624, end_date=20221121T215624
[2022-11-21 21:56:24,984] {local_task_job.py:154} INFO - Task exited with return code 0
[2022-11-21 21:56:25,070] {local_task_job.py:264} INFO - 0 downstream tasks scheduled from follow-on schedule check
