[2022-11-21 21:31:28,263] {processor.py:163} INFO - Started process (PID=135) to work on /home/airflow/.local/lib/python3.6/site-packages/airflow/example_dags/example_short_circuit_operator.py
[2022-11-21 21:31:28,264] {processor.py:620} INFO - Processing file /home/airflow/.local/lib/python3.6/site-packages/airflow/example_dags/example_short_circuit_operator.py for tasks to queue
[2022-11-21 21:31:28,266] {logging_mixin.py:109} INFO - [2022-11-21 21:31:28,265] {dagbag.py:500} INFO - Filling up the DagBag from /home/airflow/.local/lib/python3.6/site-packages/airflow/example_dags/example_short_circuit_operator.py
[2022-11-21 21:31:28,295] {processor.py:632} INFO - DAG(s) dict_keys(['example_short_circuit_operator']) retrieved from /home/airflow/.local/lib/python3.6/site-packages/airflow/example_dags/example_short_circuit_operator.py
[2022-11-21 21:31:30,046] {logging_mixin.py:109} INFO - [2022-11-21 21:31:30,046] {providers_manager.py:156} WARNING - Exception when importing 'airflow.providers.google.leveldb.hooks.leveldb.LevelDBHook' from 'apache-airflow-providers-google' package: No module named 'plyvel'
[2022-11-21 21:31:30,994] {logging_mixin.py:109} INFO - [2022-11-21 21:31:30,994] {providers_manager.py:156} WARNING - Exception when importing 'airflow.providers.google.leveldb.hooks.leveldb.LevelDBHook' from 'apache-airflow-providers-google' package: No module named 'plyvel'
[2022-11-21 21:31:31,049] {logging_mixin.py:109} INFO - [2022-11-21 21:31:31,049] {manager.py:496} INFO - Created Permission View: can edit on DAG:example_short_circuit_operator
[2022-11-21 21:31:31,093] {logging_mixin.py:109} INFO - [2022-11-21 21:31:31,093] {manager.py:496} INFO - Created Permission View: can read on DAG:example_short_circuit_operator
[2022-11-21 21:31:31,098] {logging_mixin.py:109} INFO - [2022-11-21 21:31:31,095] {dag.py:2389} INFO - Sync 1 DAGs
[2022-11-21 21:31:31,116] {logging_mixin.py:109} INFO - [2022-11-21 21:31:31,115] {dag.py:2408} INFO - Creating ORM DAG for example_short_circuit_operator
[2022-11-21 21:31:31,130] {logging_mixin.py:109} INFO - [2022-11-21 21:31:31,130] {dag.py:2914} INFO - Setting next_dagrun for example_short_circuit_operator to 2022-11-20T21:31:31.130495+00:00
[2022-11-21 21:31:31,145] {processor.py:171} INFO - Processing /home/airflow/.local/lib/python3.6/site-packages/airflow/example_dags/example_short_circuit_operator.py took 2.886 seconds
[2022-11-21 21:32:01,218] {processor.py:163} INFO - Started process (PID=315) to work on /home/airflow/.local/lib/python3.6/site-packages/airflow/example_dags/example_short_circuit_operator.py
[2022-11-21 21:32:01,220] {processor.py:620} INFO - Processing file /home/airflow/.local/lib/python3.6/site-packages/airflow/example_dags/example_short_circuit_operator.py for tasks to queue
[2022-11-21 21:32:01,221] {logging_mixin.py:109} INFO - [2022-11-21 21:32:01,221] {dagbag.py:500} INFO - Filling up the DagBag from /home/airflow/.local/lib/python3.6/site-packages/airflow/example_dags/example_short_circuit_operator.py
[2022-11-21 21:32:01,248] {processor.py:632} INFO - DAG(s) dict_keys(['example_short_circuit_operator']) retrieved from /home/airflow/.local/lib/python3.6/site-packages/airflow/example_dags/example_short_circuit_operator.py
[2022-11-21 21:32:01,259] {logging_mixin.py:109} INFO - [2022-11-21 21:32:01,259] {dag.py:2389} INFO - Sync 1 DAGs
[2022-11-21 21:32:01,277] {logging_mixin.py:109} INFO - [2022-11-21 21:32:01,277] {dag.py:2914} INFO - Setting next_dagrun for example_short_circuit_operator to 2022-11-20T21:32:01.277365+00:00
[2022-11-21 21:32:01,289] {processor.py:171} INFO - Processing /home/airflow/.local/lib/python3.6/site-packages/airflow/example_dags/example_short_circuit_operator.py took 0.075 seconds
[2022-11-21 21:32:31,406] {processor.py:163} INFO - Started process (PID=378) to work on /home/airflow/.local/lib/python3.6/site-packages/airflow/example_dags/example_short_circuit_operator.py
[2022-11-21 21:32:31,409] {processor.py:620} INFO - Processing file /home/airflow/.local/lib/python3.6/site-packages/airflow/example_dags/example_short_circuit_operator.py for tasks to queue
[2022-11-21 21:32:31,411] {logging_mixin.py:109} INFO - [2022-11-21 21:32:31,410] {dagbag.py:500} INFO - Filling up the DagBag from /home/airflow/.local/lib/python3.6/site-packages/airflow/example_dags/example_short_circuit_operator.py
[2022-11-21 21:32:31,458] {processor.py:632} INFO - DAG(s) dict_keys(['example_short_circuit_operator']) retrieved from /home/airflow/.local/lib/python3.6/site-packages/airflow/example_dags/example_short_circuit_operator.py
[2022-11-21 21:32:31,475] {logging_mixin.py:109} INFO - [2022-11-21 21:32:31,475] {dag.py:2389} INFO - Sync 1 DAGs
[2022-11-21 21:32:31,502] {logging_mixin.py:109} INFO - [2022-11-21 21:32:31,502] {dag.py:2914} INFO - Setting next_dagrun for example_short_circuit_operator to 2022-11-20T21:32:31.501561+00:00
[2022-11-21 21:32:31,511] {processor.py:171} INFO - Processing /home/airflow/.local/lib/python3.6/site-packages/airflow/example_dags/example_short_circuit_operator.py took 0.109 seconds
[2022-11-21 21:33:02,355] {processor.py:163} INFO - Started process (PID=431) to work on /home/airflow/.local/lib/python3.6/site-packages/airflow/example_dags/example_short_circuit_operator.py
[2022-11-21 21:33:02,357] {processor.py:620} INFO - Processing file /home/airflow/.local/lib/python3.6/site-packages/airflow/example_dags/example_short_circuit_operator.py for tasks to queue
[2022-11-21 21:33:02,358] {logging_mixin.py:109} INFO - [2022-11-21 21:33:02,358] {dagbag.py:500} INFO - Filling up the DagBag from /home/airflow/.local/lib/python3.6/site-packages/airflow/example_dags/example_short_circuit_operator.py
[2022-11-21 21:33:02,386] {processor.py:632} INFO - DAG(s) dict_keys(['example_short_circuit_operator']) retrieved from /home/airflow/.local/lib/python3.6/site-packages/airflow/example_dags/example_short_circuit_operator.py
[2022-11-21 21:33:02,397] {logging_mixin.py:109} INFO - [2022-11-21 21:33:02,397] {dag.py:2389} INFO - Sync 1 DAGs
[2022-11-21 21:33:02,414] {logging_mixin.py:109} INFO - [2022-11-21 21:33:02,414] {dag.py:2914} INFO - Setting next_dagrun for example_short_circuit_operator to 2022-11-20T21:33:02.413775+00:00
[2022-11-21 21:33:02,423] {processor.py:171} INFO - Processing /home/airflow/.local/lib/python3.6/site-packages/airflow/example_dags/example_short_circuit_operator.py took 0.071 seconds
