[2022-11-21 21:31:50,216] {processor.py:163} INFO - Started process (PID=256) to work on /home/airflow/.local/lib/python3.6/site-packages/airflow/example_dags/example_branch_python_dop_operator_3.py
[2022-11-21 21:31:50,228] {processor.py:620} INFO - Processing file /home/airflow/.local/lib/python3.6/site-packages/airflow/example_dags/example_branch_python_dop_operator_3.py for tasks to queue
[2022-11-21 21:31:50,230] {logging_mixin.py:109} INFO - [2022-11-21 21:31:50,230] {dagbag.py:500} INFO - Filling up the DagBag from /home/airflow/.local/lib/python3.6/site-packages/airflow/example_dags/example_branch_python_dop_operator_3.py
[2022-11-21 21:31:50,284] {processor.py:632} INFO - DAG(s) dict_keys(['example_branch_dop_operator_v3']) retrieved from /home/airflow/.local/lib/python3.6/site-packages/airflow/example_dags/example_branch_python_dop_operator_3.py
[2022-11-21 21:31:52,247] {logging_mixin.py:109} INFO - [2022-11-21 21:31:52,247] {providers_manager.py:156} WARNING - Exception when importing 'airflow.providers.google.leveldb.hooks.leveldb.LevelDBHook' from 'apache-airflow-providers-google' package: No module named 'plyvel'
[2022-11-21 21:31:52,557] {logging_mixin.py:109} INFO - [2022-11-21 21:31:52,556] {providers_manager.py:156} WARNING - Exception when importing 'airflow.providers.google.leveldb.hooks.leveldb.LevelDBHook' from 'apache-airflow-providers-google' package: No module named 'plyvel'
[2022-11-21 21:31:52,576] {logging_mixin.py:109} INFO - [2022-11-21 21:31:52,576] {manager.py:496} INFO - Created Permission View: can edit on DAG:example_branch_dop_operator_v3
[2022-11-21 21:31:52,583] {logging_mixin.py:109} INFO - [2022-11-21 21:31:52,583] {manager.py:496} INFO - Created Permission View: can read on DAG:example_branch_dop_operator_v3
[2022-11-21 21:31:52,585] {logging_mixin.py:109} INFO - [2022-11-21 21:31:52,583] {dag.py:2389} INFO - Sync 1 DAGs
[2022-11-21 21:31:52,595] {logging_mixin.py:109} INFO - [2022-11-21 21:31:52,594] {dag.py:2408} INFO - Creating ORM DAG for example_branch_dop_operator_v3
[2022-11-21 21:31:52,608] {logging_mixin.py:109} INFO - [2022-11-21 21:31:52,608] {dag.py:2914} INFO - Setting next_dagrun for example_branch_dop_operator_v3 to 2022-11-21T21:30:00+00:00
[2022-11-21 21:31:52,618] {processor.py:171} INFO - Processing /home/airflow/.local/lib/python3.6/site-packages/airflow/example_dags/example_branch_python_dop_operator_3.py took 2.407 seconds
[2022-11-21 21:32:23,047] {processor.py:163} INFO - Started process (PID=350) to work on /home/airflow/.local/lib/python3.6/site-packages/airflow/example_dags/example_branch_python_dop_operator_3.py
[2022-11-21 21:32:23,049] {processor.py:620} INFO - Processing file /home/airflow/.local/lib/python3.6/site-packages/airflow/example_dags/example_branch_python_dop_operator_3.py for tasks to queue
[2022-11-21 21:32:23,051] {logging_mixin.py:109} INFO - [2022-11-21 21:32:23,051] {dagbag.py:500} INFO - Filling up the DagBag from /home/airflow/.local/lib/python3.6/site-packages/airflow/example_dags/example_branch_python_dop_operator_3.py
[2022-11-21 21:32:23,083] {processor.py:632} INFO - DAG(s) dict_keys(['example_branch_dop_operator_v3']) retrieved from /home/airflow/.local/lib/python3.6/site-packages/airflow/example_dags/example_branch_python_dop_operator_3.py
[2022-11-21 21:32:23,095] {logging_mixin.py:109} INFO - [2022-11-21 21:32:23,095] {dag.py:2389} INFO - Sync 1 DAGs
[2022-11-21 21:32:23,119] {logging_mixin.py:109} INFO - [2022-11-21 21:32:23,119] {dag.py:2914} INFO - Setting next_dagrun for example_branch_dop_operator_v3 to 2022-11-21T21:31:00+00:00
[2022-11-21 21:32:23,128] {processor.py:171} INFO - Processing /home/airflow/.local/lib/python3.6/site-packages/airflow/example_dags/example_branch_python_dop_operator_3.py took 0.085 seconds
[2022-11-21 21:32:53,662] {processor.py:163} INFO - Started process (PID=403) to work on /home/airflow/.local/lib/python3.6/site-packages/airflow/example_dags/example_branch_python_dop_operator_3.py
[2022-11-21 21:32:53,664] {processor.py:620} INFO - Processing file /home/airflow/.local/lib/python3.6/site-packages/airflow/example_dags/example_branch_python_dop_operator_3.py for tasks to queue
[2022-11-21 21:32:53,666] {logging_mixin.py:109} INFO - [2022-11-21 21:32:53,666] {dagbag.py:500} INFO - Filling up the DagBag from /home/airflow/.local/lib/python3.6/site-packages/airflow/example_dags/example_branch_python_dop_operator_3.py
[2022-11-21 21:32:53,701] {processor.py:632} INFO - DAG(s) dict_keys(['example_branch_dop_operator_v3']) retrieved from /home/airflow/.local/lib/python3.6/site-packages/airflow/example_dags/example_branch_python_dop_operator_3.py
[2022-11-21 21:32:53,712] {logging_mixin.py:109} INFO - [2022-11-21 21:32:53,712] {dag.py:2389} INFO - Sync 1 DAGs
[2022-11-21 21:32:53,735] {logging_mixin.py:109} INFO - [2022-11-21 21:32:53,735] {dag.py:2914} INFO - Setting next_dagrun for example_branch_dop_operator_v3 to 2022-11-21T21:31:00+00:00
[2022-11-21 21:32:53,745] {processor.py:171} INFO - Processing /home/airflow/.local/lib/python3.6/site-packages/airflow/example_dags/example_branch_python_dop_operator_3.py took 0.088 seconds
[2022-11-21 21:33:24,087] {processor.py:163} INFO - Started process (PID=466) to work on /home/airflow/.local/lib/python3.6/site-packages/airflow/example_dags/example_branch_python_dop_operator_3.py
[2022-11-21 21:33:24,089] {processor.py:620} INFO - Processing file /home/airflow/.local/lib/python3.6/site-packages/airflow/example_dags/example_branch_python_dop_operator_3.py for tasks to queue
[2022-11-21 21:33:24,091] {logging_mixin.py:109} INFO - [2022-11-21 21:33:24,091] {dagbag.py:500} INFO - Filling up the DagBag from /home/airflow/.local/lib/python3.6/site-packages/airflow/example_dags/example_branch_python_dop_operator_3.py
[2022-11-21 21:33:24,148] {processor.py:632} INFO - DAG(s) dict_keys(['example_branch_dop_operator_v3']) retrieved from /home/airflow/.local/lib/python3.6/site-packages/airflow/example_dags/example_branch_python_dop_operator_3.py
[2022-11-21 21:33:24,167] {logging_mixin.py:109} INFO - [2022-11-21 21:33:24,167] {dag.py:2389} INFO - Sync 1 DAGs
[2022-11-21 21:33:24,196] {logging_mixin.py:109} INFO - [2022-11-21 21:33:24,196] {dag.py:2914} INFO - Setting next_dagrun for example_branch_dop_operator_v3 to 2022-11-21T21:32:00+00:00
[2022-11-21 21:33:24,207] {processor.py:171} INFO - Processing /home/airflow/.local/lib/python3.6/site-packages/airflow/example_dags/example_branch_python_dop_operator_3.py took 0.127 seconds
