[2022-11-21 21:31:15,329] {processor.py:163} INFO - Started process (PID=82) to work on /home/airflow/.local/lib/python3.6/site-packages/airflow/example_dags/example_dag_decorator.py
[2022-11-21 21:31:15,332] {processor.py:620} INFO - Processing file /home/airflow/.local/lib/python3.6/site-packages/airflow/example_dags/example_dag_decorator.py for tasks to queue
[2022-11-21 21:31:15,336] {logging_mixin.py:109} INFO - [2022-11-21 21:31:15,336] {dagbag.py:500} INFO - Filling up the DagBag from /home/airflow/.local/lib/python3.6/site-packages/airflow/example_dags/example_dag_decorator.py
[2022-11-21 21:31:15,412] {processor.py:632} INFO - DAG(s) dict_keys(['example_dag_decorator']) retrieved from /home/airflow/.local/lib/python3.6/site-packages/airflow/example_dags/example_dag_decorator.py
[2022-11-21 21:31:20,136] {logging_mixin.py:109} INFO - [2022-11-21 21:31:20,136] {providers_manager.py:156} WARNING - Exception when importing 'airflow.providers.google.leveldb.hooks.leveldb.LevelDBHook' from 'apache-airflow-providers-google' package: No module named 'plyvel'
[2022-11-21 21:31:21,157] {logging_mixin.py:109} INFO - [2022-11-21 21:31:21,157] {providers_manager.py:156} WARNING - Exception when importing 'airflow.providers.google.leveldb.hooks.leveldb.LevelDBHook' from 'apache-airflow-providers-google' package: No module named 'plyvel'
[2022-11-21 21:31:21,226] {logging_mixin.py:109} INFO - [2022-11-21 21:31:21,225] {manager.py:496} INFO - Created Permission View: can edit on DAG:example_dag_decorator
[2022-11-21 21:31:21,241] {logging_mixin.py:109} INFO - [2022-11-21 21:31:21,241] {manager.py:496} INFO - Created Permission View: can read on DAG:example_dag_decorator
[2022-11-21 21:31:21,245] {logging_mixin.py:109} INFO - [2022-11-21 21:31:21,242] {dag.py:2389} INFO - Sync 1 DAGs
[2022-11-21 21:31:21,268] {logging_mixin.py:109} INFO - [2022-11-21 21:31:21,266] {dag.py:2408} INFO - Creating ORM DAG for example_dag_decorator
[2022-11-21 21:31:21,294] {logging_mixin.py:109} INFO - [2022-11-21 21:31:21,293] {dag.py:2914} INFO - Setting next_dagrun for example_dag_decorator to None
[2022-11-21 21:31:21,315] {processor.py:171} INFO - Processing /home/airflow/.local/lib/python3.6/site-packages/airflow/example_dags/example_dag_decorator.py took 6.016 seconds
[2022-11-21 21:31:56,776] {processor.py:163} INFO - Started process (PID=307) to work on /home/airflow/.local/lib/python3.6/site-packages/airflow/example_dags/example_dag_decorator.py
[2022-11-21 21:31:56,778] {processor.py:620} INFO - Processing file /home/airflow/.local/lib/python3.6/site-packages/airflow/example_dags/example_dag_decorator.py for tasks to queue
[2022-11-21 21:31:56,779] {logging_mixin.py:109} INFO - [2022-11-21 21:31:56,779] {dagbag.py:500} INFO - Filling up the DagBag from /home/airflow/.local/lib/python3.6/site-packages/airflow/example_dags/example_dag_decorator.py
[2022-11-21 21:31:56,820] {processor.py:632} INFO - DAG(s) dict_keys(['example_dag_decorator']) retrieved from /home/airflow/.local/lib/python3.6/site-packages/airflow/example_dags/example_dag_decorator.py
[2022-11-21 21:31:57,053] {logging_mixin.py:109} INFO - [2022-11-21 21:31:57,053] {dag.py:2389} INFO - Sync 1 DAGs
[2022-11-21 21:31:57,066] {logging_mixin.py:109} INFO - [2022-11-21 21:31:57,065] {dag.py:2914} INFO - Setting next_dagrun for example_dag_decorator to None
[2022-11-21 21:31:57,077] {processor.py:171} INFO - Processing /home/airflow/.local/lib/python3.6/site-packages/airflow/example_dags/example_dag_decorator.py took 0.304 seconds
[2022-11-21 21:32:27,638] {processor.py:163} INFO - Started process (PID=360) to work on /home/airflow/.local/lib/python3.6/site-packages/airflow/example_dags/example_dag_decorator.py
[2022-11-21 21:32:27,640] {processor.py:620} INFO - Processing file /home/airflow/.local/lib/python3.6/site-packages/airflow/example_dags/example_dag_decorator.py for tasks to queue
[2022-11-21 21:32:27,642] {logging_mixin.py:109} INFO - [2022-11-21 21:32:27,642] {dagbag.py:500} INFO - Filling up the DagBag from /home/airflow/.local/lib/python3.6/site-packages/airflow/example_dags/example_dag_decorator.py
[2022-11-21 21:32:27,687] {processor.py:632} INFO - DAG(s) dict_keys(['example_dag_decorator']) retrieved from /home/airflow/.local/lib/python3.6/site-packages/airflow/example_dags/example_dag_decorator.py
[2022-11-21 21:32:27,884] {logging_mixin.py:109} INFO - [2022-11-21 21:32:27,884] {dag.py:2389} INFO - Sync 1 DAGs
[2022-11-21 21:32:27,898] {logging_mixin.py:109} INFO - [2022-11-21 21:32:27,898] {dag.py:2914} INFO - Setting next_dagrun for example_dag_decorator to None
[2022-11-21 21:32:27,908] {processor.py:171} INFO - Processing /home/airflow/.local/lib/python3.6/site-packages/airflow/example_dags/example_dag_decorator.py took 0.274 seconds
[2022-11-21 21:32:58,301] {processor.py:163} INFO - Started process (PID=422) to work on /home/airflow/.local/lib/python3.6/site-packages/airflow/example_dags/example_dag_decorator.py
[2022-11-21 21:32:58,303] {processor.py:620} INFO - Processing file /home/airflow/.local/lib/python3.6/site-packages/airflow/example_dags/example_dag_decorator.py for tasks to queue
[2022-11-21 21:32:58,305] {logging_mixin.py:109} INFO - [2022-11-21 21:32:58,305] {dagbag.py:500} INFO - Filling up the DagBag from /home/airflow/.local/lib/python3.6/site-packages/airflow/example_dags/example_dag_decorator.py
[2022-11-21 21:32:58,359] {processor.py:632} INFO - DAG(s) dict_keys(['example_dag_decorator']) retrieved from /home/airflow/.local/lib/python3.6/site-packages/airflow/example_dags/example_dag_decorator.py
[2022-11-21 21:32:58,565] {logging_mixin.py:109} INFO - [2022-11-21 21:32:58,565] {dag.py:2389} INFO - Sync 1 DAGs
[2022-11-21 21:32:58,579] {logging_mixin.py:109} INFO - [2022-11-21 21:32:58,579] {dag.py:2914} INFO - Setting next_dagrun for example_dag_decorator to None
[2022-11-21 21:32:58,588] {processor.py:171} INFO - Processing /home/airflow/.local/lib/python3.6/site-packages/airflow/example_dags/example_dag_decorator.py took 0.292 seconds
[2022-11-21 21:33:28,649] {processor.py:163} INFO - Started process (PID=476) to work on /home/airflow/.local/lib/python3.6/site-packages/airflow/example_dags/example_dag_decorator.py
[2022-11-21 21:33:28,652] {processor.py:620} INFO - Processing file /home/airflow/.local/lib/python3.6/site-packages/airflow/example_dags/example_dag_decorator.py for tasks to queue
[2022-11-21 21:33:28,654] {logging_mixin.py:109} INFO - [2022-11-21 21:33:28,654] {dagbag.py:500} INFO - Filling up the DagBag from /home/airflow/.local/lib/python3.6/site-packages/airflow/example_dags/example_dag_decorator.py
[2022-11-21 21:33:28,730] {processor.py:632} INFO - DAG(s) dict_keys(['example_dag_decorator']) retrieved from /home/airflow/.local/lib/python3.6/site-packages/airflow/example_dags/example_dag_decorator.py
[2022-11-21 21:33:28,967] {logging_mixin.py:109} INFO - [2022-11-21 21:33:28,967] {dag.py:2389} INFO - Sync 1 DAGs
[2022-11-21 21:33:28,983] {logging_mixin.py:109} INFO - [2022-11-21 21:33:28,983] {dag.py:2914} INFO - Setting next_dagrun for example_dag_decorator to None
[2022-11-21 21:33:28,998] {processor.py:171} INFO - Processing /home/airflow/.local/lib/python3.6/site-packages/airflow/example_dags/example_dag_decorator.py took 0.359 seconds
