[2022-11-21 21:31:21,590] {processor.py:163} INFO - Started process (PID=97) to work on /home/airflow/.local/lib/python3.6/site-packages/airflow/example_dags/example_xcom.py
[2022-11-21 21:31:21,595] {processor.py:620} INFO - Processing file /home/airflow/.local/lib/python3.6/site-packages/airflow/example_dags/example_xcom.py for tasks to queue
[2022-11-21 21:31:21,597] {logging_mixin.py:109} INFO - [2022-11-21 21:31:21,597] {dagbag.py:500} INFO - Filling up the DagBag from /home/airflow/.local/lib/python3.6/site-packages/airflow/example_dags/example_xcom.py
[2022-11-21 21:31:21,651] {processor.py:632} INFO - DAG(s) dict_keys(['example_xcom']) retrieved from /home/airflow/.local/lib/python3.6/site-packages/airflow/example_dags/example_xcom.py
[2022-11-21 21:31:24,396] {logging_mixin.py:109} INFO - [2022-11-21 21:31:24,396] {providers_manager.py:156} WARNING - Exception when importing 'airflow.providers.google.leveldb.hooks.leveldb.LevelDBHook' from 'apache-airflow-providers-google' package: No module named 'plyvel'
[2022-11-21 21:31:24,828] {logging_mixin.py:109} INFO - [2022-11-21 21:31:24,828] {providers_manager.py:156} WARNING - Exception when importing 'airflow.providers.google.leveldb.hooks.leveldb.LevelDBHook' from 'apache-airflow-providers-google' package: No module named 'plyvel'
[2022-11-21 21:31:24,856] {logging_mixin.py:109} INFO - [2022-11-21 21:31:24,856] {manager.py:496} INFO - Created Permission View: can edit on DAG:example_xcom
[2022-11-21 21:31:24,866] {logging_mixin.py:109} INFO - [2022-11-21 21:31:24,866] {manager.py:496} INFO - Created Permission View: can read on DAG:example_xcom
[2022-11-21 21:31:24,868] {logging_mixin.py:109} INFO - [2022-11-21 21:31:24,867] {dag.py:2389} INFO - Sync 1 DAGs
[2022-11-21 21:31:24,879] {logging_mixin.py:109} INFO - [2022-11-21 21:31:24,878] {dag.py:2408} INFO - Creating ORM DAG for example_xcom
[2022-11-21 21:31:24,884] {logging_mixin.py:109} INFO - [2022-11-21 21:31:24,884] {dag.py:2914} INFO - Setting next_dagrun for example_xcom to 2021-01-01T00:00:00+00:00
[2022-11-21 21:31:24,896] {processor.py:171} INFO - Processing /home/airflow/.local/lib/python3.6/site-packages/airflow/example_dags/example_xcom.py took 3.312 seconds
[2022-11-21 21:31:57,482] {processor.py:163} INFO - Started process (PID=311) to work on /home/airflow/.local/lib/python3.6/site-packages/airflow/example_dags/example_xcom.py
[2022-11-21 21:31:57,484] {processor.py:620} INFO - Processing file /home/airflow/.local/lib/python3.6/site-packages/airflow/example_dags/example_xcom.py for tasks to queue
[2022-11-21 21:31:57,485] {logging_mixin.py:109} INFO - [2022-11-21 21:31:57,485] {dagbag.py:500} INFO - Filling up the DagBag from /home/airflow/.local/lib/python3.6/site-packages/airflow/example_dags/example_xcom.py
[2022-11-21 21:31:57,519] {processor.py:632} INFO - DAG(s) dict_keys(['example_xcom']) retrieved from /home/airflow/.local/lib/python3.6/site-packages/airflow/example_dags/example_xcom.py
[2022-11-21 21:31:57,741] {logging_mixin.py:109} INFO - [2022-11-21 21:31:57,740] {dag.py:2389} INFO - Sync 1 DAGs
[2022-11-21 21:31:57,755] {logging_mixin.py:109} INFO - [2022-11-21 21:31:57,755] {dag.py:2914} INFO - Setting next_dagrun for example_xcom to 2021-01-01T00:00:00+00:00
[2022-11-21 21:31:57,767] {processor.py:171} INFO - Processing /home/airflow/.local/lib/python3.6/site-packages/airflow/example_dags/example_xcom.py took 0.289 seconds
[2022-11-21 21:32:27,957] {processor.py:163} INFO - Started process (PID=363) to work on /home/airflow/.local/lib/python3.6/site-packages/airflow/example_dags/example_xcom.py
[2022-11-21 21:32:27,960] {processor.py:620} INFO - Processing file /home/airflow/.local/lib/python3.6/site-packages/airflow/example_dags/example_xcom.py for tasks to queue
[2022-11-21 21:32:27,961] {logging_mixin.py:109} INFO - [2022-11-21 21:32:27,961] {dagbag.py:500} INFO - Filling up the DagBag from /home/airflow/.local/lib/python3.6/site-packages/airflow/example_dags/example_xcom.py
[2022-11-21 21:32:27,996] {processor.py:632} INFO - DAG(s) dict_keys(['example_xcom']) retrieved from /home/airflow/.local/lib/python3.6/site-packages/airflow/example_dags/example_xcom.py
[2022-11-21 21:32:28,223] {logging_mixin.py:109} INFO - [2022-11-21 21:32:28,223] {dag.py:2389} INFO - Sync 1 DAGs
[2022-11-21 21:32:28,239] {logging_mixin.py:109} INFO - [2022-11-21 21:32:28,239] {dag.py:2914} INFO - Setting next_dagrun for example_xcom to 2021-01-01T00:00:00+00:00
[2022-11-21 21:32:28,252] {processor.py:171} INFO - Processing /home/airflow/.local/lib/python3.6/site-packages/airflow/example_dags/example_xcom.py took 0.298 seconds
[2022-11-21 21:32:58,942] {processor.py:163} INFO - Started process (PID=426) to work on /home/airflow/.local/lib/python3.6/site-packages/airflow/example_dags/example_xcom.py
[2022-11-21 21:32:58,944] {processor.py:620} INFO - Processing file /home/airflow/.local/lib/python3.6/site-packages/airflow/example_dags/example_xcom.py for tasks to queue
[2022-11-21 21:32:58,945] {logging_mixin.py:109} INFO - [2022-11-21 21:32:58,945] {dagbag.py:500} INFO - Filling up the DagBag from /home/airflow/.local/lib/python3.6/site-packages/airflow/example_dags/example_xcom.py
[2022-11-21 21:32:58,976] {processor.py:632} INFO - DAG(s) dict_keys(['example_xcom']) retrieved from /home/airflow/.local/lib/python3.6/site-packages/airflow/example_dags/example_xcom.py
[2022-11-21 21:32:59,152] {logging_mixin.py:109} INFO - [2022-11-21 21:32:59,152] {dag.py:2389} INFO - Sync 1 DAGs
[2022-11-21 21:32:59,166] {logging_mixin.py:109} INFO - [2022-11-21 21:32:59,166] {dag.py:2914} INFO - Setting next_dagrun for example_xcom to 2021-01-01T00:00:00+00:00
[2022-11-21 21:32:59,179] {processor.py:171} INFO - Processing /home/airflow/.local/lib/python3.6/site-packages/airflow/example_dags/example_xcom.py took 0.241 seconds
[2022-11-21 21:33:29,805] {processor.py:163} INFO - Started process (PID=479) to work on /home/airflow/.local/lib/python3.6/site-packages/airflow/example_dags/example_xcom.py
[2022-11-21 21:33:29,809] {processor.py:620} INFO - Processing file /home/airflow/.local/lib/python3.6/site-packages/airflow/example_dags/example_xcom.py for tasks to queue
[2022-11-21 21:33:29,812] {logging_mixin.py:109} INFO - [2022-11-21 21:33:29,811] {dagbag.py:500} INFO - Filling up the DagBag from /home/airflow/.local/lib/python3.6/site-packages/airflow/example_dags/example_xcom.py
[2022-11-21 21:33:29,876] {processor.py:632} INFO - DAG(s) dict_keys(['example_xcom']) retrieved from /home/airflow/.local/lib/python3.6/site-packages/airflow/example_dags/example_xcom.py
