[2022-11-21 21:31:11,589] {processor.py:163} INFO - Started process (PID=68) to work on /home/airflow/.local/lib/python3.6/site-packages/airflow/example_dags/example_branch_labels.py
[2022-11-21 21:31:11,595] {processor.py:620} INFO - Processing file /home/airflow/.local/lib/python3.6/site-packages/airflow/example_dags/example_branch_labels.py for tasks to queue
[2022-11-21 21:31:11,597] {logging_mixin.py:109} INFO - [2022-11-21 21:31:11,597] {dagbag.py:500} INFO - Filling up the DagBag from /home/airflow/.local/lib/python3.6/site-packages/airflow/example_dags/example_branch_labels.py
[2022-11-21 21:31:11,659] {processor.py:632} INFO - DAG(s) dict_keys(['example_branch_labels']) retrieved from /home/airflow/.local/lib/python3.6/site-packages/airflow/example_dags/example_branch_labels.py
[2022-11-21 21:31:14,595] {logging_mixin.py:109} INFO - [2022-11-21 21:31:14,595] {providers_manager.py:156} WARNING - Exception when importing 'airflow.providers.google.leveldb.hooks.leveldb.LevelDBHook' from 'apache-airflow-providers-google' package: No module named 'plyvel'
[2022-11-21 21:31:15,129] {logging_mixin.py:109} INFO - [2022-11-21 21:31:15,129] {providers_manager.py:156} WARNING - Exception when importing 'airflow.providers.google.leveldb.hooks.leveldb.LevelDBHook' from 'apache-airflow-providers-google' package: No module named 'plyvel'
[2022-11-21 21:31:15,152] {logging_mixin.py:109} INFO - [2022-11-21 21:31:15,151] {manager.py:496} INFO - Created Permission View: can edit on DAG:example_branch_labels
[2022-11-21 21:31:15,169] {logging_mixin.py:109} INFO - [2022-11-21 21:31:15,169] {manager.py:496} INFO - Created Permission View: can read on DAG:example_branch_labels
[2022-11-21 21:31:15,172] {logging_mixin.py:109} INFO - [2022-11-21 21:31:15,170] {dag.py:2389} INFO - Sync 1 DAGs
[2022-11-21 21:31:15,190] {logging_mixin.py:109} INFO - [2022-11-21 21:31:15,189] {dag.py:2408} INFO - Creating ORM DAG for example_branch_labels
[2022-11-21 21:31:15,203] {logging_mixin.py:109} INFO - [2022-11-21 21:31:15,203] {dag.py:2914} INFO - Setting next_dagrun for example_branch_labels to 2022-11-20 00:00:00+00:00
[2022-11-21 21:31:15,222] {processor.py:171} INFO - Processing /home/airflow/.local/lib/python3.6/site-packages/airflow/example_dags/example_branch_labels.py took 3.638 seconds
[2022-11-21 21:31:56,578] {processor.py:163} INFO - Started process (PID=305) to work on /home/airflow/.local/lib/python3.6/site-packages/airflow/example_dags/example_branch_labels.py
[2022-11-21 21:31:56,580] {processor.py:620} INFO - Processing file /home/airflow/.local/lib/python3.6/site-packages/airflow/example_dags/example_branch_labels.py for tasks to queue
[2022-11-21 21:31:56,581] {logging_mixin.py:109} INFO - [2022-11-21 21:31:56,581] {dagbag.py:500} INFO - Filling up the DagBag from /home/airflow/.local/lib/python3.6/site-packages/airflow/example_dags/example_branch_labels.py
[2022-11-21 21:31:56,615] {processor.py:632} INFO - DAG(s) dict_keys(['example_branch_labels']) retrieved from /home/airflow/.local/lib/python3.6/site-packages/airflow/example_dags/example_branch_labels.py
[2022-11-21 21:31:56,627] {logging_mixin.py:109} INFO - [2022-11-21 21:31:56,627] {dag.py:2389} INFO - Sync 1 DAGs
[2022-11-21 21:31:56,647] {logging_mixin.py:109} INFO - [2022-11-21 21:31:56,647] {dag.py:2914} INFO - Setting next_dagrun for example_branch_labels to 2022-11-20 00:00:00+00:00
[2022-11-21 21:31:56,657] {processor.py:171} INFO - Processing /home/airflow/.local/lib/python3.6/site-packages/airflow/example_dags/example_branch_labels.py took 0.083 seconds
[2022-11-21 21:32:27,542] {processor.py:163} INFO - Started process (PID=358) to work on /home/airflow/.local/lib/python3.6/site-packages/airflow/example_dags/example_branch_labels.py
[2022-11-21 21:32:27,545] {processor.py:620} INFO - Processing file /home/airflow/.local/lib/python3.6/site-packages/airflow/example_dags/example_branch_labels.py for tasks to queue
[2022-11-21 21:32:27,547] {logging_mixin.py:109} INFO - [2022-11-21 21:32:27,546] {dagbag.py:500} INFO - Filling up the DagBag from /home/airflow/.local/lib/python3.6/site-packages/airflow/example_dags/example_branch_labels.py
[2022-11-21 21:32:27,578] {processor.py:632} INFO - DAG(s) dict_keys(['example_branch_labels']) retrieved from /home/airflow/.local/lib/python3.6/site-packages/airflow/example_dags/example_branch_labels.py
[2022-11-21 21:32:27,589] {logging_mixin.py:109} INFO - [2022-11-21 21:32:27,589] {dag.py:2389} INFO - Sync 1 DAGs
[2022-11-21 21:32:27,607] {logging_mixin.py:109} INFO - [2022-11-21 21:32:27,607] {dag.py:2914} INFO - Setting next_dagrun for example_branch_labels to 2022-11-20 00:00:00+00:00
[2022-11-21 21:32:27,616] {processor.py:171} INFO - Processing /home/airflow/.local/lib/python3.6/site-packages/airflow/example_dags/example_branch_labels.py took 0.078 seconds
[2022-11-21 21:32:58,137] {processor.py:163} INFO - Started process (PID=418) to work on /home/airflow/.local/lib/python3.6/site-packages/airflow/example_dags/example_branch_labels.py
[2022-11-21 21:32:58,139] {processor.py:620} INFO - Processing file /home/airflow/.local/lib/python3.6/site-packages/airflow/example_dags/example_branch_labels.py for tasks to queue
[2022-11-21 21:32:58,142] {logging_mixin.py:109} INFO - [2022-11-21 21:32:58,141] {dagbag.py:500} INFO - Filling up the DagBag from /home/airflow/.local/lib/python3.6/site-packages/airflow/example_dags/example_branch_labels.py
[2022-11-21 21:32:58,192] {processor.py:632} INFO - DAG(s) dict_keys(['example_branch_labels']) retrieved from /home/airflow/.local/lib/python3.6/site-packages/airflow/example_dags/example_branch_labels.py
[2022-11-21 21:32:58,215] {logging_mixin.py:109} INFO - [2022-11-21 21:32:58,215] {dag.py:2389} INFO - Sync 1 DAGs
[2022-11-21 21:32:58,245] {logging_mixin.py:109} INFO - [2022-11-21 21:32:58,245] {dag.py:2914} INFO - Setting next_dagrun for example_branch_labels to 2022-11-20 00:00:00+00:00
[2022-11-21 21:32:58,259] {processor.py:171} INFO - Processing /home/airflow/.local/lib/python3.6/site-packages/airflow/example_dags/example_branch_labels.py took 0.128 seconds
[2022-11-21 21:33:28,482] {processor.py:163} INFO - Started process (PID=474) to work on /home/airflow/.local/lib/python3.6/site-packages/airflow/example_dags/example_branch_labels.py
[2022-11-21 21:33:28,486] {processor.py:620} INFO - Processing file /home/airflow/.local/lib/python3.6/site-packages/airflow/example_dags/example_branch_labels.py for tasks to queue
[2022-11-21 21:33:28,488] {logging_mixin.py:109} INFO - [2022-11-21 21:33:28,488] {dagbag.py:500} INFO - Filling up the DagBag from /home/airflow/.local/lib/python3.6/site-packages/airflow/example_dags/example_branch_labels.py
[2022-11-21 21:33:28,534] {processor.py:632} INFO - DAG(s) dict_keys(['example_branch_labels']) retrieved from /home/airflow/.local/lib/python3.6/site-packages/airflow/example_dags/example_branch_labels.py
[2022-11-21 21:33:28,561] {logging_mixin.py:109} INFO - [2022-11-21 21:33:28,561] {dag.py:2389} INFO - Sync 1 DAGs
[2022-11-21 21:33:28,593] {logging_mixin.py:109} INFO - [2022-11-21 21:33:28,593] {dag.py:2914} INFO - Setting next_dagrun for example_branch_labels to 2022-11-20 00:00:00+00:00
[2022-11-21 21:33:28,609] {processor.py:171} INFO - Processing /home/airflow/.local/lib/python3.6/site-packages/airflow/example_dags/example_branch_labels.py took 0.133 seconds
