[2022-11-21 21:31:52,670] {processor.py:163} INFO - Started process (PID=281) to work on /home/airflow/.local/lib/python3.6/site-packages/airflow/example_dags/example_skip_dag.py
[2022-11-21 21:31:52,672] {processor.py:620} INFO - Processing file /home/airflow/.local/lib/python3.6/site-packages/airflow/example_dags/example_skip_dag.py for tasks to queue
[2022-11-21 21:31:52,673] {logging_mixin.py:109} INFO - [2022-11-21 21:31:52,673] {dagbag.py:500} INFO - Filling up the DagBag from /home/airflow/.local/lib/python3.6/site-packages/airflow/example_dags/example_skip_dag.py
[2022-11-21 21:31:52,704] {processor.py:632} INFO - DAG(s) dict_keys(['example_skip_dag']) retrieved from /home/airflow/.local/lib/python3.6/site-packages/airflow/example_dags/example_skip_dag.py
[2022-11-21 21:31:54,373] {logging_mixin.py:109} INFO - [2022-11-21 21:31:54,373] {providers_manager.py:156} WARNING - Exception when importing 'airflow.providers.google.leveldb.hooks.leveldb.LevelDBHook' from 'apache-airflow-providers-google' package: No module named 'plyvel'
[2022-11-21 21:31:54,701] {logging_mixin.py:109} INFO - [2022-11-21 21:31:54,701] {providers_manager.py:156} WARNING - Exception when importing 'airflow.providers.google.leveldb.hooks.leveldb.LevelDBHook' from 'apache-airflow-providers-google' package: No module named 'plyvel'
[2022-11-21 21:31:54,724] {logging_mixin.py:109} INFO - [2022-11-21 21:31:54,724] {manager.py:496} INFO - Created Permission View: can edit on DAG:example_skip_dag
[2022-11-21 21:31:54,733] {logging_mixin.py:109} INFO - [2022-11-21 21:31:54,733] {manager.py:496} INFO - Created Permission View: can read on DAG:example_skip_dag
[2022-11-21 21:31:54,736] {logging_mixin.py:109} INFO - [2022-11-21 21:31:54,734] {dag.py:2389} INFO - Sync 1 DAGs
[2022-11-21 21:31:54,748] {logging_mixin.py:109} INFO - [2022-11-21 21:31:54,747] {dag.py:2408} INFO - Creating ORM DAG for example_skip_dag
[2022-11-21 21:31:54,755] {logging_mixin.py:109} INFO - [2022-11-21 21:31:54,754] {dag.py:2914} INFO - Setting next_dagrun for example_skip_dag to 2022-11-20T21:31:54.754689+00:00
[2022-11-21 21:31:54,767] {processor.py:171} INFO - Processing /home/airflow/.local/lib/python3.6/site-packages/airflow/example_dags/example_skip_dag.py took 2.101 seconds
[2022-11-21 21:32:25,155] {processor.py:163} INFO - Started process (PID=352) to work on /home/airflow/.local/lib/python3.6/site-packages/airflow/example_dags/example_skip_dag.py
[2022-11-21 21:32:25,158] {processor.py:620} INFO - Processing file /home/airflow/.local/lib/python3.6/site-packages/airflow/example_dags/example_skip_dag.py for tasks to queue
[2022-11-21 21:32:25,160] {logging_mixin.py:109} INFO - [2022-11-21 21:32:25,160] {dagbag.py:500} INFO - Filling up the DagBag from /home/airflow/.local/lib/python3.6/site-packages/airflow/example_dags/example_skip_dag.py
[2022-11-21 21:32:25,193] {processor.py:632} INFO - DAG(s) dict_keys(['example_skip_dag']) retrieved from /home/airflow/.local/lib/python3.6/site-packages/airflow/example_dags/example_skip_dag.py
[2022-11-21 21:32:25,217] {logging_mixin.py:109} INFO - [2022-11-21 21:32:25,217] {dag.py:2389} INFO - Sync 1 DAGs
[2022-11-21 21:32:25,239] {logging_mixin.py:109} INFO - [2022-11-21 21:32:25,239] {dag.py:2914} INFO - Setting next_dagrun for example_skip_dag to 2022-11-20T21:32:25.239323+00:00
[2022-11-21 21:32:25,251] {processor.py:171} INFO - Processing /home/airflow/.local/lib/python3.6/site-packages/airflow/example_dags/example_skip_dag.py took 0.100 seconds
[2022-11-21 21:32:55,784] {processor.py:163} INFO - Started process (PID=405) to work on /home/airflow/.local/lib/python3.6/site-packages/airflow/example_dags/example_skip_dag.py
[2022-11-21 21:32:55,786] {processor.py:620} INFO - Processing file /home/airflow/.local/lib/python3.6/site-packages/airflow/example_dags/example_skip_dag.py for tasks to queue
[2022-11-21 21:32:55,788] {logging_mixin.py:109} INFO - [2022-11-21 21:32:55,788] {dagbag.py:500} INFO - Filling up the DagBag from /home/airflow/.local/lib/python3.6/site-packages/airflow/example_dags/example_skip_dag.py
[2022-11-21 21:32:55,823] {processor.py:632} INFO - DAG(s) dict_keys(['example_skip_dag']) retrieved from /home/airflow/.local/lib/python3.6/site-packages/airflow/example_dags/example_skip_dag.py
[2022-11-21 21:32:55,837] {logging_mixin.py:109} INFO - [2022-11-21 21:32:55,837] {dag.py:2389} INFO - Sync 1 DAGs
[2022-11-21 21:32:55,856] {logging_mixin.py:109} INFO - [2022-11-21 21:32:55,855] {dag.py:2914} INFO - Setting next_dagrun for example_skip_dag to 2022-11-20T21:32:55.855618+00:00
[2022-11-21 21:32:55,866] {processor.py:171} INFO - Processing /home/airflow/.local/lib/python3.6/site-packages/airflow/example_dags/example_skip_dag.py took 0.088 seconds
[2022-11-21 21:33:26,257] {processor.py:163} INFO - Started process (PID=468) to work on /home/airflow/.local/lib/python3.6/site-packages/airflow/example_dags/example_skip_dag.py
[2022-11-21 21:33:26,262] {processor.py:620} INFO - Processing file /home/airflow/.local/lib/python3.6/site-packages/airflow/example_dags/example_skip_dag.py for tasks to queue
[2022-11-21 21:33:26,265] {logging_mixin.py:109} INFO - [2022-11-21 21:33:26,264] {dagbag.py:500} INFO - Filling up the DagBag from /home/airflow/.local/lib/python3.6/site-packages/airflow/example_dags/example_skip_dag.py
[2022-11-21 21:33:26,318] {processor.py:632} INFO - DAG(s) dict_keys(['example_skip_dag']) retrieved from /home/airflow/.local/lib/python3.6/site-packages/airflow/example_dags/example_skip_dag.py
[2022-11-21 21:33:26,345] {logging_mixin.py:109} INFO - [2022-11-21 21:33:26,344] {dag.py:2389} INFO - Sync 1 DAGs
[2022-11-21 21:33:26,379] {logging_mixin.py:109} INFO - [2022-11-21 21:33:26,378] {dag.py:2914} INFO - Setting next_dagrun for example_skip_dag to 2022-11-20T21:33:26.378248+00:00
[2022-11-21 21:33:26,398] {processor.py:171} INFO - Processing /home/airflow/.local/lib/python3.6/site-packages/airflow/example_dags/example_skip_dag.py took 0.150 seconds
