[2022-11-21 21:31:54,821] {processor.py:163} INFO - Started process (PID=294) to work on /home/airflow/.local/lib/python3.6/site-packages/airflow/example_dags/example_kubernetes_executor_config.py
[2022-11-21 21:31:54,823] {processor.py:620} INFO - Processing file /home/airflow/.local/lib/python3.6/site-packages/airflow/example_dags/example_kubernetes_executor_config.py for tasks to queue
[2022-11-21 21:31:54,824] {logging_mixin.py:109} INFO - [2022-11-21 21:31:54,824] {dagbag.py:500} INFO - Filling up the DagBag from /home/airflow/.local/lib/python3.6/site-packages/airflow/example_dags/example_kubernetes_executor_config.py
[2022-11-21 21:31:54,865] {processor.py:632} INFO - DAG(s) dict_keys(['example_kubernetes_executor_config']) retrieved from /home/airflow/.local/lib/python3.6/site-packages/airflow/example_dags/example_kubernetes_executor_config.py
[2022-11-21 21:31:57,042] {logging_mixin.py:109} INFO - [2022-11-21 21:31:57,042] {providers_manager.py:156} WARNING - Exception when importing 'airflow.providers.google.leveldb.hooks.leveldb.LevelDBHook' from 'apache-airflow-providers-google' package: No module named 'plyvel'
[2022-11-21 21:31:57,378] {logging_mixin.py:109} INFO - [2022-11-21 21:31:57,378] {providers_manager.py:156} WARNING - Exception when importing 'airflow.providers.google.leveldb.hooks.leveldb.LevelDBHook' from 'apache-airflow-providers-google' package: No module named 'plyvel'
[2022-11-21 21:31:57,397] {logging_mixin.py:109} INFO - [2022-11-21 21:31:57,397] {manager.py:496} INFO - Created Permission View: can edit on DAG:example_kubernetes_executor_config
[2022-11-21 21:31:57,404] {logging_mixin.py:109} INFO - [2022-11-21 21:31:57,404] {manager.py:496} INFO - Created Permission View: can read on DAG:example_kubernetes_executor_config
[2022-11-21 21:31:57,406] {logging_mixin.py:109} INFO - [2022-11-21 21:31:57,405] {dag.py:2389} INFO - Sync 1 DAGs
[2022-11-21 21:31:57,416] {logging_mixin.py:109} INFO - [2022-11-21 21:31:57,415] {dag.py:2408} INFO - Creating ORM DAG for example_kubernetes_executor_config
[2022-11-21 21:31:57,422] {logging_mixin.py:109} INFO - [2022-11-21 21:31:57,421] {dag.py:2914} INFO - Setting next_dagrun for example_kubernetes_executor_config to None
[2022-11-21 21:31:57,435] {processor.py:171} INFO - Processing /home/airflow/.local/lib/python3.6/site-packages/airflow/example_dags/example_kubernetes_executor_config.py took 2.618 seconds
[2022-11-21 21:32:28,267] {processor.py:163} INFO - Started process (PID=364) to work on /home/airflow/.local/lib/python3.6/site-packages/airflow/example_dags/example_kubernetes_executor_config.py
[2022-11-21 21:32:28,269] {processor.py:620} INFO - Processing file /home/airflow/.local/lib/python3.6/site-packages/airflow/example_dags/example_kubernetes_executor_config.py for tasks to queue
[2022-11-21 21:32:28,270] {logging_mixin.py:109} INFO - [2022-11-21 21:32:28,270] {dagbag.py:500} INFO - Filling up the DagBag from /home/airflow/.local/lib/python3.6/site-packages/airflow/example_dags/example_kubernetes_executor_config.py
[2022-11-21 21:32:28,305] {processor.py:632} INFO - DAG(s) dict_keys(['example_kubernetes_executor_config']) retrieved from /home/airflow/.local/lib/python3.6/site-packages/airflow/example_dags/example_kubernetes_executor_config.py
[2022-11-21 21:32:28,317] {logging_mixin.py:109} INFO - [2022-11-21 21:32:28,317] {dag.py:2389} INFO - Sync 1 DAGs
[2022-11-21 21:32:28,334] {logging_mixin.py:109} INFO - [2022-11-21 21:32:28,334] {dag.py:2914} INFO - Setting next_dagrun for example_kubernetes_executor_config to None
[2022-11-21 21:32:28,342] {processor.py:171} INFO - Processing /home/airflow/.local/lib/python3.6/site-packages/airflow/example_dags/example_kubernetes_executor_config.py took 0.080 seconds
[2022-11-21 21:32:59,210] {processor.py:163} INFO - Started process (PID=427) to work on /home/airflow/.local/lib/python3.6/site-packages/airflow/example_dags/example_kubernetes_executor_config.py
[2022-11-21 21:32:59,212] {processor.py:620} INFO - Processing file /home/airflow/.local/lib/python3.6/site-packages/airflow/example_dags/example_kubernetes_executor_config.py for tasks to queue
[2022-11-21 21:32:59,214] {logging_mixin.py:109} INFO - [2022-11-21 21:32:59,214] {dagbag.py:500} INFO - Filling up the DagBag from /home/airflow/.local/lib/python3.6/site-packages/airflow/example_dags/example_kubernetes_executor_config.py
[2022-11-21 21:32:59,250] {processor.py:632} INFO - DAG(s) dict_keys(['example_kubernetes_executor_config']) retrieved from /home/airflow/.local/lib/python3.6/site-packages/airflow/example_dags/example_kubernetes_executor_config.py
[2022-11-21 21:32:59,269] {logging_mixin.py:109} INFO - [2022-11-21 21:32:59,269] {dag.py:2389} INFO - Sync 1 DAGs
[2022-11-21 21:32:59,291] {logging_mixin.py:109} INFO - [2022-11-21 21:32:59,291] {dag.py:2914} INFO - Setting next_dagrun for example_kubernetes_executor_config to None
[2022-11-21 21:32:59,299] {processor.py:171} INFO - Processing /home/airflow/.local/lib/python3.6/site-packages/airflow/example_dags/example_kubernetes_executor_config.py took 0.093 seconds
[2022-11-21 21:33:29,805] {processor.py:163} INFO - Started process (PID=480) to work on /home/airflow/.local/lib/python3.6/site-packages/airflow/example_dags/example_kubernetes_executor_config.py
[2022-11-21 21:33:29,820] {processor.py:620} INFO - Processing file /home/airflow/.local/lib/python3.6/site-packages/airflow/example_dags/example_kubernetes_executor_config.py for tasks to queue
[2022-11-21 21:33:29,827] {logging_mixin.py:109} INFO - [2022-11-21 21:33:29,826] {dagbag.py:500} INFO - Filling up the DagBag from /home/airflow/.local/lib/python3.6/site-packages/airflow/example_dags/example_kubernetes_executor_config.py
[2022-11-21 21:33:29,914] {processor.py:632} INFO - DAG(s) dict_keys(['example_kubernetes_executor_config']) retrieved from /home/airflow/.local/lib/python3.6/site-packages/airflow/example_dags/example_kubernetes_executor_config.py
[2022-11-21 21:33:29,946] {logging_mixin.py:109} INFO - [2022-11-21 21:33:29,946] {dag.py:2389} INFO - Sync 1 DAGs
[2022-11-21 21:33:29,978] {logging_mixin.py:109} INFO - [2022-11-21 21:33:29,978] {dag.py:2914} INFO - Setting next_dagrun for example_kubernetes_executor_config to None
[2022-11-21 21:33:30,008] {processor.py:171} INFO - Processing /home/airflow/.local/lib/python3.6/site-packages/airflow/example_dags/example_kubernetes_executor_config.py took 0.221 seconds
