[2022-11-21 21:31:31,227] {processor.py:163} INFO - Started process (PID=149) to work on /home/airflow/.local/lib/python3.6/site-packages/airflow/example_dags/example_kubernetes_executor.py
[2022-11-21 21:31:31,230] {processor.py:620} INFO - Processing file /home/airflow/.local/lib/python3.6/site-packages/airflow/example_dags/example_kubernetes_executor.py for tasks to queue
[2022-11-21 21:31:31,233] {logging_mixin.py:109} INFO - [2022-11-21 21:31:31,233] {dagbag.py:500} INFO - Filling up the DagBag from /home/airflow/.local/lib/python3.6/site-packages/airflow/example_dags/example_kubernetes_executor.py
[2022-11-21 21:31:31,286] {processor.py:632} INFO - DAG(s) dict_keys(['example_kubernetes_executor']) retrieved from /home/airflow/.local/lib/python3.6/site-packages/airflow/example_dags/example_kubernetes_executor.py
[2022-11-21 21:31:33,646] {logging_mixin.py:109} INFO - [2022-11-21 21:31:33,646] {providers_manager.py:156} WARNING - Exception when importing 'airflow.providers.google.leveldb.hooks.leveldb.LevelDBHook' from 'apache-airflow-providers-google' package: No module named 'plyvel'
[2022-11-21 21:31:34,133] {logging_mixin.py:109} INFO - [2022-11-21 21:31:34,132] {providers_manager.py:156} WARNING - Exception when importing 'airflow.providers.google.leveldb.hooks.leveldb.LevelDBHook' from 'apache-airflow-providers-google' package: No module named 'plyvel'
[2022-11-21 21:31:34,157] {logging_mixin.py:109} INFO - [2022-11-21 21:31:34,157] {manager.py:496} INFO - Created Permission View: can edit on DAG:example_kubernetes_executor
[2022-11-21 21:31:34,169] {logging_mixin.py:109} INFO - [2022-11-21 21:31:34,169] {manager.py:496} INFO - Created Permission View: can read on DAG:example_kubernetes_executor
[2022-11-21 21:31:34,173] {logging_mixin.py:109} INFO - [2022-11-21 21:31:34,171] {dag.py:2389} INFO - Sync 1 DAGs
[2022-11-21 21:31:34,194] {logging_mixin.py:109} INFO - [2022-11-21 21:31:34,192] {dag.py:2408} INFO - Creating ORM DAG for example_kubernetes_executor
[2022-11-21 21:31:34,206] {logging_mixin.py:109} INFO - [2022-11-21 21:31:34,205] {dag.py:2914} INFO - Setting next_dagrun for example_kubernetes_executor to None
[2022-11-21 21:31:34,235] {processor.py:171} INFO - Processing /home/airflow/.local/lib/python3.6/site-packages/airflow/example_dags/example_kubernetes_executor.py took 3.015 seconds
[2022-11-21 21:32:04,316] {processor.py:163} INFO - Started process (PID=325) to work on /home/airflow/.local/lib/python3.6/site-packages/airflow/example_dags/example_kubernetes_executor.py
[2022-11-21 21:32:04,318] {processor.py:620} INFO - Processing file /home/airflow/.local/lib/python3.6/site-packages/airflow/example_dags/example_kubernetes_executor.py for tasks to queue
[2022-11-21 21:32:04,319] {logging_mixin.py:109} INFO - [2022-11-21 21:32:04,319] {dagbag.py:500} INFO - Filling up the DagBag from /home/airflow/.local/lib/python3.6/site-packages/airflow/example_dags/example_kubernetes_executor.py
[2022-11-21 21:32:04,349] {processor.py:632} INFO - DAG(s) dict_keys(['example_kubernetes_executor']) retrieved from /home/airflow/.local/lib/python3.6/site-packages/airflow/example_dags/example_kubernetes_executor.py
[2022-11-21 21:32:04,360] {logging_mixin.py:109} INFO - [2022-11-21 21:32:04,360] {dag.py:2389} INFO - Sync 1 DAGs
[2022-11-21 21:32:04,377] {logging_mixin.py:109} INFO - [2022-11-21 21:32:04,377] {dag.py:2914} INFO - Setting next_dagrun for example_kubernetes_executor to None
[2022-11-21 21:32:04,387] {processor.py:171} INFO - Processing /home/airflow/.local/lib/python3.6/site-packages/airflow/example_dags/example_kubernetes_executor.py took 0.074 seconds
[2022-11-21 21:32:34,624] {processor.py:163} INFO - Started process (PID=380) to work on /home/airflow/.local/lib/python3.6/site-packages/airflow/example_dags/example_kubernetes_executor.py
[2022-11-21 21:32:34,631] {processor.py:620} INFO - Processing file /home/airflow/.local/lib/python3.6/site-packages/airflow/example_dags/example_kubernetes_executor.py for tasks to queue
[2022-11-21 21:32:34,636] {logging_mixin.py:109} INFO - [2022-11-21 21:32:34,635] {dagbag.py:500} INFO - Filling up the DagBag from /home/airflow/.local/lib/python3.6/site-packages/airflow/example_dags/example_kubernetes_executor.py
[2022-11-21 21:32:34,725] {processor.py:632} INFO - DAG(s) dict_keys(['example_kubernetes_executor']) retrieved from /home/airflow/.local/lib/python3.6/site-packages/airflow/example_dags/example_kubernetes_executor.py
[2022-11-21 21:32:34,753] {logging_mixin.py:109} INFO - [2022-11-21 21:32:34,753] {dag.py:2389} INFO - Sync 1 DAGs
[2022-11-21 21:32:34,783] {logging_mixin.py:109} INFO - [2022-11-21 21:32:34,782] {dag.py:2914} INFO - Setting next_dagrun for example_kubernetes_executor to None
[2022-11-21 21:32:34,803] {processor.py:171} INFO - Processing /home/airflow/.local/lib/python3.6/site-packages/airflow/example_dags/example_kubernetes_executor.py took 0.191 seconds
[2022-11-21 21:33:05,468] {processor.py:163} INFO - Started process (PID=433) to work on /home/airflow/.local/lib/python3.6/site-packages/airflow/example_dags/example_kubernetes_executor.py
[2022-11-21 21:33:05,470] {processor.py:620} INFO - Processing file /home/airflow/.local/lib/python3.6/site-packages/airflow/example_dags/example_kubernetes_executor.py for tasks to queue
[2022-11-21 21:33:05,472] {logging_mixin.py:109} INFO - [2022-11-21 21:33:05,471] {dagbag.py:500} INFO - Filling up the DagBag from /home/airflow/.local/lib/python3.6/site-packages/airflow/example_dags/example_kubernetes_executor.py
[2022-11-21 21:33:05,502] {processor.py:632} INFO - DAG(s) dict_keys(['example_kubernetes_executor']) retrieved from /home/airflow/.local/lib/python3.6/site-packages/airflow/example_dags/example_kubernetes_executor.py
[2022-11-21 21:33:05,515] {logging_mixin.py:109} INFO - [2022-11-21 21:33:05,515] {dag.py:2389} INFO - Sync 1 DAGs
[2022-11-21 21:33:05,531] {logging_mixin.py:109} INFO - [2022-11-21 21:33:05,531] {dag.py:2914} INFO - Setting next_dagrun for example_kubernetes_executor to None
[2022-11-21 21:33:05,540] {processor.py:171} INFO - Processing /home/airflow/.local/lib/python3.6/site-packages/airflow/example_dags/example_kubernetes_executor.py took 0.078 seconds
