[2022-11-21 21:31:39,441] {processor.py:163} INFO - Started process (PID=200) to work on /home/airflow/.local/lib/python3.6/site-packages/airflow/example_dags/example_branch_operator.py
[2022-11-21 21:31:39,443] {processor.py:620} INFO - Processing file /home/airflow/.local/lib/python3.6/site-packages/airflow/example_dags/example_branch_operator.py for tasks to queue
[2022-11-21 21:31:39,444] {logging_mixin.py:109} INFO - [2022-11-21 21:31:39,444] {dagbag.py:500} INFO - Filling up the DagBag from /home/airflow/.local/lib/python3.6/site-packages/airflow/example_dags/example_branch_operator.py
[2022-11-21 21:31:39,478] {processor.py:632} INFO - DAG(s) dict_keys(['example_branch_operator']) retrieved from /home/airflow/.local/lib/python3.6/site-packages/airflow/example_dags/example_branch_operator.py
[2022-11-21 21:31:41,452] {logging_mixin.py:109} INFO - [2022-11-21 21:31:41,452] {providers_manager.py:156} WARNING - Exception when importing 'airflow.providers.google.leveldb.hooks.leveldb.LevelDBHook' from 'apache-airflow-providers-google' package: No module named 'plyvel'
[2022-11-21 21:31:41,775] {logging_mixin.py:109} INFO - [2022-11-21 21:31:41,775] {providers_manager.py:156} WARNING - Exception when importing 'airflow.providers.google.leveldb.hooks.leveldb.LevelDBHook' from 'apache-airflow-providers-google' package: No module named 'plyvel'
[2022-11-21 21:31:41,794] {logging_mixin.py:109} INFO - [2022-11-21 21:31:41,794] {manager.py:496} INFO - Created Permission View: can edit on DAG:example_branch_operator
[2022-11-21 21:31:41,802] {logging_mixin.py:109} INFO - [2022-11-21 21:31:41,802] {manager.py:496} INFO - Created Permission View: can read on DAG:example_branch_operator
[2022-11-21 21:31:41,804] {logging_mixin.py:109} INFO - [2022-11-21 21:31:41,803] {dag.py:2389} INFO - Sync 1 DAGs
[2022-11-21 21:31:41,813] {logging_mixin.py:109} INFO - [2022-11-21 21:31:41,812] {dag.py:2408} INFO - Creating ORM DAG for example_branch_operator
[2022-11-21 21:31:41,821] {logging_mixin.py:109} INFO - [2022-11-21 21:31:41,821] {dag.py:2914} INFO - Setting next_dagrun for example_branch_operator to 2022-11-20 00:00:00+00:00
[2022-11-21 21:31:41,832] {processor.py:171} INFO - Processing /home/airflow/.local/lib/python3.6/site-packages/airflow/example_dags/example_branch_operator.py took 2.395 seconds
[2022-11-21 21:32:12,665] {processor.py:163} INFO - Started process (PID=332) to work on /home/airflow/.local/lib/python3.6/site-packages/airflow/example_dags/example_branch_operator.py
[2022-11-21 21:32:12,667] {processor.py:620} INFO - Processing file /home/airflow/.local/lib/python3.6/site-packages/airflow/example_dags/example_branch_operator.py for tasks to queue
[2022-11-21 21:32:12,668] {logging_mixin.py:109} INFO - [2022-11-21 21:32:12,668] {dagbag.py:500} INFO - Filling up the DagBag from /home/airflow/.local/lib/python3.6/site-packages/airflow/example_dags/example_branch_operator.py
[2022-11-21 21:32:12,697] {processor.py:632} INFO - DAG(s) dict_keys(['example_branch_operator']) retrieved from /home/airflow/.local/lib/python3.6/site-packages/airflow/example_dags/example_branch_operator.py
[2022-11-21 21:32:12,712] {logging_mixin.py:109} INFO - [2022-11-21 21:32:12,712] {dag.py:2389} INFO - Sync 1 DAGs
[2022-11-21 21:32:12,736] {logging_mixin.py:109} INFO - [2022-11-21 21:32:12,736] {dag.py:2914} INFO - Setting next_dagrun for example_branch_operator to 2022-11-20 00:00:00+00:00
[2022-11-21 21:32:12,747] {processor.py:171} INFO - Processing /home/airflow/.local/lib/python3.6/site-packages/airflow/example_dags/example_branch_operator.py took 0.088 seconds
[2022-11-21 21:32:43,123] {processor.py:163} INFO - Started process (PID=394) to work on /home/airflow/.local/lib/python3.6/site-packages/airflow/example_dags/example_branch_operator.py
[2022-11-21 21:32:43,126] {processor.py:620} INFO - Processing file /home/airflow/.local/lib/python3.6/site-packages/airflow/example_dags/example_branch_operator.py for tasks to queue
[2022-11-21 21:32:43,128] {logging_mixin.py:109} INFO - [2022-11-21 21:32:43,128] {dagbag.py:500} INFO - Filling up the DagBag from /home/airflow/.local/lib/python3.6/site-packages/airflow/example_dags/example_branch_operator.py
[2022-11-21 21:32:43,192] {processor.py:632} INFO - DAG(s) dict_keys(['example_branch_operator']) retrieved from /home/airflow/.local/lib/python3.6/site-packages/airflow/example_dags/example_branch_operator.py
[2022-11-21 21:32:43,220] {logging_mixin.py:109} INFO - [2022-11-21 21:32:43,220] {dag.py:2389} INFO - Sync 1 DAGs
[2022-11-21 21:32:43,282] {logging_mixin.py:109} INFO - [2022-11-21 21:32:43,281] {dag.py:2914} INFO - Setting next_dagrun for example_branch_operator to 2022-11-20 00:00:00+00:00
[2022-11-21 21:32:43,308] {processor.py:171} INFO - Processing /home/airflow/.local/lib/python3.6/site-packages/airflow/example_dags/example_branch_operator.py took 0.193 seconds
[2022-11-21 21:33:13,731] {processor.py:163} INFO - Started process (PID=448) to work on /home/airflow/.local/lib/python3.6/site-packages/airflow/example_dags/example_branch_operator.py
[2022-11-21 21:33:13,733] {processor.py:620} INFO - Processing file /home/airflow/.local/lib/python3.6/site-packages/airflow/example_dags/example_branch_operator.py for tasks to queue
[2022-11-21 21:33:13,735] {logging_mixin.py:109} INFO - [2022-11-21 21:33:13,735] {dagbag.py:500} INFO - Filling up the DagBag from /home/airflow/.local/lib/python3.6/site-packages/airflow/example_dags/example_branch_operator.py
[2022-11-21 21:33:13,768] {processor.py:632} INFO - DAG(s) dict_keys(['example_branch_operator']) retrieved from /home/airflow/.local/lib/python3.6/site-packages/airflow/example_dags/example_branch_operator.py
[2022-11-21 21:33:13,781] {logging_mixin.py:109} INFO - [2022-11-21 21:33:13,781] {dag.py:2389} INFO - Sync 1 DAGs
[2022-11-21 21:33:13,800] {logging_mixin.py:109} INFO - [2022-11-21 21:33:13,800] {dag.py:2914} INFO - Setting next_dagrun for example_branch_operator to 2022-11-20 00:00:00+00:00
[2022-11-21 21:33:13,810] {processor.py:171} INFO - Processing /home/airflow/.local/lib/python3.6/site-packages/airflow/example_dags/example_branch_operator.py took 0.083 seconds
