[2022-11-21 21:31:11,636] {processor.py:163} INFO - Started process (PID=69) to work on /home/airflow/.local/lib/python3.6/site-packages/airflow/example_dags/example_external_task_marker_dag.py
[2022-11-21 21:31:11,639] {processor.py:620} INFO - Processing file /home/airflow/.local/lib/python3.6/site-packages/airflow/example_dags/example_external_task_marker_dag.py for tasks to queue
[2022-11-21 21:31:11,641] {logging_mixin.py:109} INFO - [2022-11-21 21:31:11,640] {dagbag.py:500} INFO - Filling up the DagBag from /home/airflow/.local/lib/python3.6/site-packages/airflow/example_dags/example_external_task_marker_dag.py
[2022-11-21 21:31:11,724] {processor.py:632} INFO - DAG(s) dict_keys(['example_external_task_marker_parent', 'example_external_task_marker_child']) retrieved from /home/airflow/.local/lib/python3.6/site-packages/airflow/example_dags/example_external_task_marker_dag.py
[2022-11-21 21:31:14,590] {logging_mixin.py:109} INFO - [2022-11-21 21:31:14,590] {providers_manager.py:156} WARNING - Exception when importing 'airflow.providers.google.leveldb.hooks.leveldb.LevelDBHook' from 'apache-airflow-providers-google' package: No module named 'plyvel'
[2022-11-21 21:31:15,211] {logging_mixin.py:109} INFO - [2022-11-21 21:31:15,211] {providers_manager.py:156} WARNING - Exception when importing 'airflow.providers.google.leveldb.hooks.leveldb.LevelDBHook' from 'apache-airflow-providers-google' package: No module named 'plyvel'
[2022-11-21 21:31:15,245] {logging_mixin.py:109} INFO - [2022-11-21 21:31:15,245] {manager.py:496} INFO - Created Permission View: can edit on DAG:example_external_task_marker_parent
[2022-11-21 21:31:15,267] {logging_mixin.py:109} INFO - [2022-11-21 21:31:15,267] {manager.py:496} INFO - Created Permission View: can read on DAG:example_external_task_marker_parent
[2022-11-21 21:31:15,313] {logging_mixin.py:109} INFO - [2022-11-21 21:31:15,313] {manager.py:496} INFO - Created Permission View: can edit on DAG:example_external_task_marker_child
[2022-11-21 21:31:15,332] {logging_mixin.py:109} INFO - [2022-11-21 21:31:15,332] {manager.py:496} INFO - Created Permission View: can read on DAG:example_external_task_marker_child
[2022-11-21 21:31:15,335] {logging_mixin.py:109} INFO - [2022-11-21 21:31:15,334] {dag.py:2389} INFO - Sync 2 DAGs
[2022-11-21 21:31:15,355] {logging_mixin.py:109} INFO - [2022-11-21 21:31:15,353] {dag.py:2408} INFO - Creating ORM DAG for example_external_task_marker_parent
[2022-11-21 21:31:15,357] {logging_mixin.py:109} INFO - [2022-11-21 21:31:15,357] {dag.py:2408} INFO - Creating ORM DAG for example_external_task_marker_child
[2022-11-21 21:31:15,367] {logging_mixin.py:109} INFO - [2022-11-21 21:31:15,367] {dag.py:2914} INFO - Setting next_dagrun for example_external_task_marker_child to None
[2022-11-21 21:31:15,370] {logging_mixin.py:109} INFO - [2022-11-21 21:31:15,370] {dag.py:2914} INFO - Setting next_dagrun for example_external_task_marker_parent to None
[2022-11-21 21:31:15,393] {processor.py:171} INFO - Processing /home/airflow/.local/lib/python3.6/site-packages/airflow/example_dags/example_external_task_marker_dag.py took 3.762 seconds
[2022-11-21 21:31:56,679] {processor.py:163} INFO - Started process (PID=306) to work on /home/airflow/.local/lib/python3.6/site-packages/airflow/example_dags/example_external_task_marker_dag.py
[2022-11-21 21:31:56,681] {processor.py:620} INFO - Processing file /home/airflow/.local/lib/python3.6/site-packages/airflow/example_dags/example_external_task_marker_dag.py for tasks to queue
[2022-11-21 21:31:56,682] {logging_mixin.py:109} INFO - [2022-11-21 21:31:56,682] {dagbag.py:500} INFO - Filling up the DagBag from /home/airflow/.local/lib/python3.6/site-packages/airflow/example_dags/example_external_task_marker_dag.py
[2022-11-21 21:31:56,712] {processor.py:632} INFO - DAG(s) dict_keys(['example_external_task_marker_parent', 'example_external_task_marker_child']) retrieved from /home/airflow/.local/lib/python3.6/site-packages/airflow/example_dags/example_external_task_marker_dag.py
[2022-11-21 21:31:56,726] {logging_mixin.py:109} INFO - [2022-11-21 21:31:56,726] {dag.py:2389} INFO - Sync 2 DAGs
[2022-11-21 21:31:56,744] {logging_mixin.py:109} INFO - [2022-11-21 21:31:56,744] {dag.py:2914} INFO - Setting next_dagrun for example_external_task_marker_child to None
[2022-11-21 21:31:56,745] {logging_mixin.py:109} INFO - [2022-11-21 21:31:56,745] {dag.py:2914} INFO - Setting next_dagrun for example_external_task_marker_parent to None
[2022-11-21 21:31:56,755] {processor.py:171} INFO - Processing /home/airflow/.local/lib/python3.6/site-packages/airflow/example_dags/example_external_task_marker_dag.py took 0.080 seconds
[2022-11-21 21:32:27,561] {processor.py:163} INFO - Started process (PID=359) to work on /home/airflow/.local/lib/python3.6/site-packages/airflow/example_dags/example_external_task_marker_dag.py
[2022-11-21 21:32:27,563] {processor.py:620} INFO - Processing file /home/airflow/.local/lib/python3.6/site-packages/airflow/example_dags/example_external_task_marker_dag.py for tasks to queue
[2022-11-21 21:32:27,564] {logging_mixin.py:109} INFO - [2022-11-21 21:32:27,564] {dagbag.py:500} INFO - Filling up the DagBag from /home/airflow/.local/lib/python3.6/site-packages/airflow/example_dags/example_external_task_marker_dag.py
[2022-11-21 21:32:27,602] {processor.py:632} INFO - DAG(s) dict_keys(['example_external_task_marker_parent', 'example_external_task_marker_child']) retrieved from /home/airflow/.local/lib/python3.6/site-packages/airflow/example_dags/example_external_task_marker_dag.py
[2022-11-21 21:32:27,617] {logging_mixin.py:109} INFO - [2022-11-21 21:32:27,617] {dag.py:2389} INFO - Sync 2 DAGs
[2022-11-21 21:32:27,637] {logging_mixin.py:109} INFO - [2022-11-21 21:32:27,636] {dag.py:2914} INFO - Setting next_dagrun for example_external_task_marker_child to None
[2022-11-21 21:32:27,637] {logging_mixin.py:109} INFO - [2022-11-21 21:32:27,637] {dag.py:2914} INFO - Setting next_dagrun for example_external_task_marker_parent to None
[2022-11-21 21:32:27,648] {processor.py:171} INFO - Processing /home/airflow/.local/lib/python3.6/site-packages/airflow/example_dags/example_external_task_marker_dag.py took 0.093 seconds
[2022-11-21 21:32:58,159] {processor.py:163} INFO - Started process (PID=419) to work on /home/airflow/.local/lib/python3.6/site-packages/airflow/example_dags/example_external_task_marker_dag.py
[2022-11-21 21:32:58,162] {processor.py:620} INFO - Processing file /home/airflow/.local/lib/python3.6/site-packages/airflow/example_dags/example_external_task_marker_dag.py for tasks to queue
[2022-11-21 21:32:58,164] {logging_mixin.py:109} INFO - [2022-11-21 21:32:58,164] {dagbag.py:500} INFO - Filling up the DagBag from /home/airflow/.local/lib/python3.6/site-packages/airflow/example_dags/example_external_task_marker_dag.py
[2022-11-21 21:32:58,209] {processor.py:632} INFO - DAG(s) dict_keys(['example_external_task_marker_parent', 'example_external_task_marker_child']) retrieved from /home/airflow/.local/lib/python3.6/site-packages/airflow/example_dags/example_external_task_marker_dag.py
[2022-11-21 21:32:58,233] {logging_mixin.py:109} INFO - [2022-11-21 21:32:58,233] {dag.py:2389} INFO - Sync 2 DAGs
[2022-11-21 21:32:58,260] {logging_mixin.py:109} INFO - [2022-11-21 21:32:58,260] {dag.py:2914} INFO - Setting next_dagrun for example_external_task_marker_child to None
[2022-11-21 21:32:58,261] {logging_mixin.py:109} INFO - [2022-11-21 21:32:58,261] {dag.py:2914} INFO - Setting next_dagrun for example_external_task_marker_parent to None
[2022-11-21 21:32:58,282] {processor.py:171} INFO - Processing /home/airflow/.local/lib/python3.6/site-packages/airflow/example_dags/example_external_task_marker_dag.py took 0.129 seconds
[2022-11-21 21:33:28,512] {processor.py:163} INFO - Started process (PID=475) to work on /home/airflow/.local/lib/python3.6/site-packages/airflow/example_dags/example_external_task_marker_dag.py
[2022-11-21 21:33:28,515] {processor.py:620} INFO - Processing file /home/airflow/.local/lib/python3.6/site-packages/airflow/example_dags/example_external_task_marker_dag.py for tasks to queue
[2022-11-21 21:33:28,517] {logging_mixin.py:109} INFO - [2022-11-21 21:33:28,517] {dagbag.py:500} INFO - Filling up the DagBag from /home/airflow/.local/lib/python3.6/site-packages/airflow/example_dags/example_external_task_marker_dag.py
[2022-11-21 21:33:28,571] {processor.py:632} INFO - DAG(s) dict_keys(['example_external_task_marker_parent', 'example_external_task_marker_child']) retrieved from /home/airflow/.local/lib/python3.6/site-packages/airflow/example_dags/example_external_task_marker_dag.py
[2022-11-21 21:33:28,596] {logging_mixin.py:109} INFO - [2022-11-21 21:33:28,596] {dag.py:2389} INFO - Sync 2 DAGs
[2022-11-21 21:33:28,629] {logging_mixin.py:109} INFO - [2022-11-21 21:33:28,629] {dag.py:2914} INFO - Setting next_dagrun for example_external_task_marker_child to None
[2022-11-21 21:33:28,630] {logging_mixin.py:109} INFO - [2022-11-21 21:33:28,630] {dag.py:2914} INFO - Setting next_dagrun for example_external_task_marker_parent to None
[2022-11-21 21:33:28,655] {processor.py:171} INFO - Processing /home/airflow/.local/lib/python3.6/site-packages/airflow/example_dags/example_external_task_marker_dag.py took 0.149 seconds
