[2022-11-21 21:31:03,444] {processor.py:163} INFO - Started process (PID=46) to work on /home/airflow/.local/lib/python3.6/site-packages/airflow/example_dags/example_nested_branch_dag.py
[2022-11-21 21:31:03,459] {processor.py:620} INFO - Processing file /home/airflow/.local/lib/python3.6/site-packages/airflow/example_dags/example_nested_branch_dag.py for tasks to queue
[2022-11-21 21:31:03,462] {logging_mixin.py:109} INFO - [2022-11-21 21:31:03,461] {dagbag.py:500} INFO - Filling up the DagBag from /home/airflow/.local/lib/python3.6/site-packages/airflow/example_dags/example_nested_branch_dag.py
[2022-11-21 21:31:03,561] {processor.py:632} INFO - DAG(s) dict_keys(['example_nested_branch_dag']) retrieved from /home/airflow/.local/lib/python3.6/site-packages/airflow/example_dags/example_nested_branch_dag.py
[2022-11-21 21:31:09,136] {logging_mixin.py:109} INFO - [2022-11-21 21:31:09,136] {providers_manager.py:156} WARNING - Exception when importing 'airflow.providers.google.leveldb.hooks.leveldb.LevelDBHook' from 'apache-airflow-providers-google' package: No module named 'plyvel'
[2022-11-21 21:31:11,323] {logging_mixin.py:109} INFO - [2022-11-21 21:31:11,323] {providers_manager.py:156} WARNING - Exception when importing 'airflow.providers.google.leveldb.hooks.leveldb.LevelDBHook' from 'apache-airflow-providers-google' package: No module named 'plyvel'
[2022-11-21 21:31:11,362] {logging_mixin.py:109} INFO - [2022-11-21 21:31:11,362] {manager.py:496} INFO - Created Permission View: can edit on DAG:example_nested_branch_dag
[2022-11-21 21:31:11,379] {logging_mixin.py:109} INFO - [2022-11-21 21:31:11,378] {manager.py:496} INFO - Created Permission View: can read on DAG:example_nested_branch_dag
[2022-11-21 21:31:11,381] {logging_mixin.py:109} INFO - [2022-11-21 21:31:11,380] {dag.py:2389} INFO - Sync 1 DAGs
[2022-11-21 21:31:11,405] {logging_mixin.py:109} INFO - [2022-11-21 21:31:11,403] {dag.py:2408} INFO - Creating ORM DAG for example_nested_branch_dag
[2022-11-21 21:31:11,537] {logging_mixin.py:109} INFO - [2022-11-21 21:31:11,536] {dag.py:2914} INFO - Setting next_dagrun for example_nested_branch_dag to 2022-11-20 00:00:00+00:00
[2022-11-21 21:31:11,552] {processor.py:171} INFO - Processing /home/airflow/.local/lib/python3.6/site-packages/airflow/example_dags/example_nested_branch_dag.py took 8.121 seconds
[2022-11-21 21:31:56,475] {processor.py:163} INFO - Started process (PID=304) to work on /home/airflow/.local/lib/python3.6/site-packages/airflow/example_dags/example_nested_branch_dag.py
[2022-11-21 21:31:56,477] {processor.py:620} INFO - Processing file /home/airflow/.local/lib/python3.6/site-packages/airflow/example_dags/example_nested_branch_dag.py for tasks to queue
[2022-11-21 21:31:56,479] {logging_mixin.py:109} INFO - [2022-11-21 21:31:56,479] {dagbag.py:500} INFO - Filling up the DagBag from /home/airflow/.local/lib/python3.6/site-packages/airflow/example_dags/example_nested_branch_dag.py
[2022-11-21 21:31:56,513] {processor.py:632} INFO - DAG(s) dict_keys(['example_nested_branch_dag']) retrieved from /home/airflow/.local/lib/python3.6/site-packages/airflow/example_dags/example_nested_branch_dag.py
[2022-11-21 21:31:56,527] {logging_mixin.py:109} INFO - [2022-11-21 21:31:56,527] {dag.py:2389} INFO - Sync 1 DAGs
[2022-11-21 21:31:56,546] {logging_mixin.py:109} INFO - [2022-11-21 21:31:56,546] {dag.py:2914} INFO - Setting next_dagrun for example_nested_branch_dag to 2022-11-20 00:00:00+00:00
[2022-11-21 21:31:56,556] {processor.py:171} INFO - Processing /home/airflow/.local/lib/python3.6/site-packages/airflow/example_dags/example_nested_branch_dag.py took 0.084 seconds
[2022-11-21 21:32:27,456] {processor.py:163} INFO - Started process (PID=357) to work on /home/airflow/.local/lib/python3.6/site-packages/airflow/example_dags/example_nested_branch_dag.py
[2022-11-21 21:32:27,458] {processor.py:620} INFO - Processing file /home/airflow/.local/lib/python3.6/site-packages/airflow/example_dags/example_nested_branch_dag.py for tasks to queue
[2022-11-21 21:32:27,459] {logging_mixin.py:109} INFO - [2022-11-21 21:32:27,459] {dagbag.py:500} INFO - Filling up the DagBag from /home/airflow/.local/lib/python3.6/site-packages/airflow/example_dags/example_nested_branch_dag.py
[2022-11-21 21:32:27,493] {processor.py:632} INFO - DAG(s) dict_keys(['example_nested_branch_dag']) retrieved from /home/airflow/.local/lib/python3.6/site-packages/airflow/example_dags/example_nested_branch_dag.py
[2022-11-21 21:32:27,506] {logging_mixin.py:109} INFO - [2022-11-21 21:32:27,505] {dag.py:2389} INFO - Sync 1 DAGs
[2022-11-21 21:32:27,526] {logging_mixin.py:109} INFO - [2022-11-21 21:32:27,526] {dag.py:2914} INFO - Setting next_dagrun for example_nested_branch_dag to 2022-11-20 00:00:00+00:00
[2022-11-21 21:32:27,536] {processor.py:171} INFO - Processing /home/airflow/.local/lib/python3.6/site-packages/airflow/example_dags/example_nested_branch_dag.py took 0.084 seconds
[2022-11-21 21:32:57,971] {processor.py:163} INFO - Started process (PID=417) to work on /home/airflow/.local/lib/python3.6/site-packages/airflow/example_dags/example_nested_branch_dag.py
[2022-11-21 21:32:57,984] {processor.py:620} INFO - Processing file /home/airflow/.local/lib/python3.6/site-packages/airflow/example_dags/example_nested_branch_dag.py for tasks to queue
[2022-11-21 21:32:57,987] {logging_mixin.py:109} INFO - [2022-11-21 21:32:57,987] {dagbag.py:500} INFO - Filling up the DagBag from /home/airflow/.local/lib/python3.6/site-packages/airflow/example_dags/example_nested_branch_dag.py
[2022-11-21 21:32:58,044] {processor.py:632} INFO - DAG(s) dict_keys(['example_nested_branch_dag']) retrieved from /home/airflow/.local/lib/python3.6/site-packages/airflow/example_dags/example_nested_branch_dag.py
[2022-11-21 21:32:58,071] {logging_mixin.py:109} INFO - [2022-11-21 21:32:58,070] {dag.py:2389} INFO - Sync 1 DAGs
[2022-11-21 21:32:58,097] {logging_mixin.py:109} INFO - [2022-11-21 21:32:58,097] {dag.py:2914} INFO - Setting next_dagrun for example_nested_branch_dag to 2022-11-20 00:00:00+00:00
[2022-11-21 21:32:58,113] {processor.py:171} INFO - Processing /home/airflow/.local/lib/python3.6/site-packages/airflow/example_dags/example_nested_branch_dag.py took 0.174 seconds
[2022-11-21 21:33:28,337] {processor.py:163} INFO - Started process (PID=473) to work on /home/airflow/.local/lib/python3.6/site-packages/airflow/example_dags/example_nested_branch_dag.py
[2022-11-21 21:33:28,340] {processor.py:620} INFO - Processing file /home/airflow/.local/lib/python3.6/site-packages/airflow/example_dags/example_nested_branch_dag.py for tasks to queue
[2022-11-21 21:33:28,342] {logging_mixin.py:109} INFO - [2022-11-21 21:33:28,342] {dagbag.py:500} INFO - Filling up the DagBag from /home/airflow/.local/lib/python3.6/site-packages/airflow/example_dags/example_nested_branch_dag.py
[2022-11-21 21:33:28,398] {processor.py:632} INFO - DAG(s) dict_keys(['example_nested_branch_dag']) retrieved from /home/airflow/.local/lib/python3.6/site-packages/airflow/example_dags/example_nested_branch_dag.py
[2022-11-21 21:33:28,417] {logging_mixin.py:109} INFO - [2022-11-21 21:33:28,417] {dag.py:2389} INFO - Sync 1 DAGs
[2022-11-21 21:33:28,458] {logging_mixin.py:109} INFO - [2022-11-21 21:33:28,458] {dag.py:2914} INFO - Setting next_dagrun for example_nested_branch_dag to 2022-11-20 00:00:00+00:00
[2022-11-21 21:33:28,478] {processor.py:171} INFO - Processing /home/airflow/.local/lib/python3.6/site-packages/airflow/example_dags/example_nested_branch_dag.py took 0.146 seconds
