[2022-11-21 21:31:34,352] {processor.py:163} INFO - Started process (PID=163) to work on /home/airflow/.local/lib/python3.6/site-packages/airflow/example_dags/example_branch_day_of_week_operator.py
[2022-11-21 21:31:34,357] {processor.py:620} INFO - Processing file /home/airflow/.local/lib/python3.6/site-packages/airflow/example_dags/example_branch_day_of_week_operator.py for tasks to queue
[2022-11-21 21:31:34,359] {logging_mixin.py:109} INFO - [2022-11-21 21:31:34,359] {dagbag.py:500} INFO - Filling up the DagBag from /home/airflow/.local/lib/python3.6/site-packages/airflow/example_dags/example_branch_day_of_week_operator.py
[2022-11-21 21:31:34,413] {processor.py:632} INFO - DAG(s) dict_keys(['example_weekday_branch_operator']) retrieved from /home/airflow/.local/lib/python3.6/site-packages/airflow/example_dags/example_branch_day_of_week_operator.py
[2022-11-21 21:31:36,666] {logging_mixin.py:109} INFO - [2022-11-21 21:31:36,666] {providers_manager.py:156} WARNING - Exception when importing 'airflow.providers.google.leveldb.hooks.leveldb.LevelDBHook' from 'apache-airflow-providers-google' package: No module named 'plyvel'
[2022-11-21 21:31:37,035] {logging_mixin.py:109} INFO - [2022-11-21 21:31:37,034] {providers_manager.py:156} WARNING - Exception when importing 'airflow.providers.google.leveldb.hooks.leveldb.LevelDBHook' from 'apache-airflow-providers-google' package: No module named 'plyvel'
[2022-11-21 21:31:37,057] {logging_mixin.py:109} INFO - [2022-11-21 21:31:37,057] {manager.py:496} INFO - Created Permission View: can edit on DAG:example_weekday_branch_operator
[2022-11-21 21:31:37,067] {logging_mixin.py:109} INFO - [2022-11-21 21:31:37,067] {manager.py:496} INFO - Created Permission View: can read on DAG:example_weekday_branch_operator
[2022-11-21 21:31:37,069] {logging_mixin.py:109} INFO - [2022-11-21 21:31:37,068] {dag.py:2389} INFO - Sync 1 DAGs
[2022-11-21 21:31:37,080] {logging_mixin.py:109} INFO - [2022-11-21 21:31:37,079] {dag.py:2408} INFO - Creating ORM DAG for example_weekday_branch_operator
[2022-11-21 21:31:37,089] {logging_mixin.py:109} INFO - [2022-11-21 21:31:37,088] {dag.py:2914} INFO - Setting next_dagrun for example_weekday_branch_operator to 2022-11-20 00:00:00+00:00
[2022-11-21 21:31:37,101] {processor.py:171} INFO - Processing /home/airflow/.local/lib/python3.6/site-packages/airflow/example_dags/example_branch_day_of_week_operator.py took 2.756 seconds
[2022-11-21 21:32:07,434] {processor.py:163} INFO - Started process (PID=329) to work on /home/airflow/.local/lib/python3.6/site-packages/airflow/example_dags/example_branch_day_of_week_operator.py
[2022-11-21 21:32:07,436] {processor.py:620} INFO - Processing file /home/airflow/.local/lib/python3.6/site-packages/airflow/example_dags/example_branch_day_of_week_operator.py for tasks to queue
[2022-11-21 21:32:07,437] {logging_mixin.py:109} INFO - [2022-11-21 21:32:07,437] {dagbag.py:500} INFO - Filling up the DagBag from /home/airflow/.local/lib/python3.6/site-packages/airflow/example_dags/example_branch_day_of_week_operator.py
[2022-11-21 21:32:07,469] {processor.py:632} INFO - DAG(s) dict_keys(['example_weekday_branch_operator']) retrieved from /home/airflow/.local/lib/python3.6/site-packages/airflow/example_dags/example_branch_day_of_week_operator.py
[2022-11-21 21:32:07,481] {logging_mixin.py:109} INFO - [2022-11-21 21:32:07,480] {dag.py:2389} INFO - Sync 1 DAGs
[2022-11-21 21:32:07,500] {logging_mixin.py:109} INFO - [2022-11-21 21:32:07,500] {dag.py:2914} INFO - Setting next_dagrun for example_weekday_branch_operator to 2022-11-20 00:00:00+00:00
[2022-11-21 21:32:07,514] {processor.py:171} INFO - Processing /home/airflow/.local/lib/python3.6/site-packages/airflow/example_dags/example_branch_day_of_week_operator.py took 0.084 seconds
[2022-11-21 21:32:37,868] {processor.py:163} INFO - Started process (PID=382) to work on /home/airflow/.local/lib/python3.6/site-packages/airflow/example_dags/example_branch_day_of_week_operator.py
[2022-11-21 21:32:37,870] {processor.py:620} INFO - Processing file /home/airflow/.local/lib/python3.6/site-packages/airflow/example_dags/example_branch_day_of_week_operator.py for tasks to queue
[2022-11-21 21:32:37,872] {logging_mixin.py:109} INFO - [2022-11-21 21:32:37,871] {dagbag.py:500} INFO - Filling up the DagBag from /home/airflow/.local/lib/python3.6/site-packages/airflow/example_dags/example_branch_day_of_week_operator.py
[2022-11-21 21:32:37,904] {processor.py:632} INFO - DAG(s) dict_keys(['example_weekday_branch_operator']) retrieved from /home/airflow/.local/lib/python3.6/site-packages/airflow/example_dags/example_branch_day_of_week_operator.py
[2022-11-21 21:32:37,924] {logging_mixin.py:109} INFO - [2022-11-21 21:32:37,924] {dag.py:2389} INFO - Sync 1 DAGs
[2022-11-21 21:32:37,958] {logging_mixin.py:109} INFO - [2022-11-21 21:32:37,957] {dag.py:2914} INFO - Setting next_dagrun for example_weekday_branch_operator to 2022-11-20 00:00:00+00:00
[2022-11-21 21:32:37,976] {processor.py:171} INFO - Processing /home/airflow/.local/lib/python3.6/site-packages/airflow/example_dags/example_branch_day_of_week_operator.py took 0.112 seconds
[2022-11-21 21:33:08,588] {processor.py:163} INFO - Started process (PID=435) to work on /home/airflow/.local/lib/python3.6/site-packages/airflow/example_dags/example_branch_day_of_week_operator.py
[2022-11-21 21:33:08,590] {processor.py:620} INFO - Processing file /home/airflow/.local/lib/python3.6/site-packages/airflow/example_dags/example_branch_day_of_week_operator.py for tasks to queue
[2022-11-21 21:33:08,591] {logging_mixin.py:109} INFO - [2022-11-21 21:33:08,591] {dagbag.py:500} INFO - Filling up the DagBag from /home/airflow/.local/lib/python3.6/site-packages/airflow/example_dags/example_branch_day_of_week_operator.py
[2022-11-21 21:33:08,623] {processor.py:632} INFO - DAG(s) dict_keys(['example_weekday_branch_operator']) retrieved from /home/airflow/.local/lib/python3.6/site-packages/airflow/example_dags/example_branch_day_of_week_operator.py
[2022-11-21 21:33:08,635] {logging_mixin.py:109} INFO - [2022-11-21 21:33:08,635] {dag.py:2389} INFO - Sync 1 DAGs
[2022-11-21 21:33:08,654] {logging_mixin.py:109} INFO - [2022-11-21 21:33:08,654] {dag.py:2914} INFO - Setting next_dagrun for example_weekday_branch_operator to 2022-11-20 00:00:00+00:00
[2022-11-21 21:33:08,665] {processor.py:171} INFO - Processing /home/airflow/.local/lib/python3.6/site-packages/airflow/example_dags/example_branch_day_of_week_operator.py took 0.082 seconds
