[2022-11-21 21:31:31,139] {processor.py:163} INFO - Started process (PID=148) to work on /home/airflow/.local/lib/python3.6/site-packages/airflow/example_dags/example_complex.py
[2022-11-21 21:31:31,142] {processor.py:620} INFO - Processing file /home/airflow/.local/lib/python3.6/site-packages/airflow/example_dags/example_complex.py for tasks to queue
[2022-11-21 21:31:31,144] {logging_mixin.py:109} INFO - [2022-11-21 21:31:31,144] {dagbag.py:500} INFO - Filling up the DagBag from /home/airflow/.local/lib/python3.6/site-packages/airflow/example_dags/example_complex.py
[2022-11-21 21:31:31,237] {processor.py:632} INFO - DAG(s) dict_keys(['example_complex']) retrieved from /home/airflow/.local/lib/python3.6/site-packages/airflow/example_dags/example_complex.py
[2022-11-21 21:31:33,662] {logging_mixin.py:109} INFO - [2022-11-21 21:31:33,662] {providers_manager.py:156} WARNING - Exception when importing 'airflow.providers.google.leveldb.hooks.leveldb.LevelDBHook' from 'apache-airflow-providers-google' package: No module named 'plyvel'
[2022-11-21 21:31:34,154] {logging_mixin.py:109} INFO - [2022-11-21 21:31:34,154] {providers_manager.py:156} WARNING - Exception when importing 'airflow.providers.google.leveldb.hooks.leveldb.LevelDBHook' from 'apache-airflow-providers-google' package: No module named 'plyvel'
[2022-11-21 21:31:34,191] {logging_mixin.py:109} INFO - [2022-11-21 21:31:34,191] {manager.py:496} INFO - Created Permission View: can edit on DAG:example_complex
[2022-11-21 21:31:34,206] {logging_mixin.py:109} INFO - [2022-11-21 21:31:34,206] {manager.py:496} INFO - Created Permission View: can read on DAG:example_complex
[2022-11-21 21:31:34,210] {logging_mixin.py:109} INFO - [2022-11-21 21:31:34,208] {dag.py:2389} INFO - Sync 1 DAGs
[2022-11-21 21:31:34,232] {logging_mixin.py:109} INFO - [2022-11-21 21:31:34,230] {dag.py:2408} INFO - Creating ORM DAG for example_complex
[2022-11-21 21:31:34,244] {logging_mixin.py:109} INFO - [2022-11-21 21:31:34,244] {dag.py:2914} INFO - Setting next_dagrun for example_complex to None
[2022-11-21 21:31:34,281] {processor.py:171} INFO - Processing /home/airflow/.local/lib/python3.6/site-packages/airflow/example_dags/example_complex.py took 3.147 seconds
[2022-11-21 21:32:04,408] {processor.py:163} INFO - Started process (PID=326) to work on /home/airflow/.local/lib/python3.6/site-packages/airflow/example_dags/example_complex.py
[2022-11-21 21:32:04,409] {processor.py:620} INFO - Processing file /home/airflow/.local/lib/python3.6/site-packages/airflow/example_dags/example_complex.py for tasks to queue
[2022-11-21 21:32:04,410] {logging_mixin.py:109} INFO - [2022-11-21 21:32:04,410] {dagbag.py:500} INFO - Filling up the DagBag from /home/airflow/.local/lib/python3.6/site-packages/airflow/example_dags/example_complex.py
[2022-11-21 21:32:04,448] {processor.py:632} INFO - DAG(s) dict_keys(['example_complex']) retrieved from /home/airflow/.local/lib/python3.6/site-packages/airflow/example_dags/example_complex.py
[2022-11-21 21:32:04,464] {logging_mixin.py:109} INFO - [2022-11-21 21:32:04,464] {dag.py:2389} INFO - Sync 1 DAGs
[2022-11-21 21:32:04,480] {logging_mixin.py:109} INFO - [2022-11-21 21:32:04,480] {dag.py:2914} INFO - Setting next_dagrun for example_complex to None
[2022-11-21 21:32:04,489] {processor.py:171} INFO - Processing /home/airflow/.local/lib/python3.6/site-packages/airflow/example_dags/example_complex.py took 0.085 seconds
[2022-11-21 21:32:34,621] {processor.py:163} INFO - Started process (PID=379) to work on /home/airflow/.local/lib/python3.6/site-packages/airflow/example_dags/example_complex.py
[2022-11-21 21:32:34,629] {processor.py:620} INFO - Processing file /home/airflow/.local/lib/python3.6/site-packages/airflow/example_dags/example_complex.py for tasks to queue
[2022-11-21 21:32:34,634] {logging_mixin.py:109} INFO - [2022-11-21 21:32:34,633] {dagbag.py:500} INFO - Filling up the DagBag from /home/airflow/.local/lib/python3.6/site-packages/airflow/example_dags/example_complex.py
[2022-11-21 21:32:34,743] {processor.py:632} INFO - DAG(s) dict_keys(['example_complex']) retrieved from /home/airflow/.local/lib/python3.6/site-packages/airflow/example_dags/example_complex.py
[2022-11-21 21:32:34,772] {logging_mixin.py:109} INFO - [2022-11-21 21:32:34,772] {dag.py:2389} INFO - Sync 1 DAGs
[2022-11-21 21:32:34,796] {logging_mixin.py:109} INFO - [2022-11-21 21:32:34,795] {dag.py:2914} INFO - Setting next_dagrun for example_complex to None
[2022-11-21 21:32:34,812] {processor.py:171} INFO - Processing /home/airflow/.local/lib/python3.6/site-packages/airflow/example_dags/example_complex.py took 0.201 seconds
[2022-11-21 21:33:05,462] {processor.py:163} INFO - Started process (PID=432) to work on /home/airflow/.local/lib/python3.6/site-packages/airflow/example_dags/example_complex.py
[2022-11-21 21:33:05,465] {processor.py:620} INFO - Processing file /home/airflow/.local/lib/python3.6/site-packages/airflow/example_dags/example_complex.py for tasks to queue
[2022-11-21 21:33:05,466] {logging_mixin.py:109} INFO - [2022-11-21 21:33:05,466] {dagbag.py:500} INFO - Filling up the DagBag from /home/airflow/.local/lib/python3.6/site-packages/airflow/example_dags/example_complex.py
[2022-11-21 21:33:05,507] {processor.py:632} INFO - DAG(s) dict_keys(['example_complex']) retrieved from /home/airflow/.local/lib/python3.6/site-packages/airflow/example_dags/example_complex.py
[2022-11-21 21:33:05,525] {logging_mixin.py:109} INFO - [2022-11-21 21:33:05,525] {dag.py:2389} INFO - Sync 1 DAGs
[2022-11-21 21:33:05,542] {logging_mixin.py:109} INFO - [2022-11-21 21:33:05,542] {dag.py:2914} INFO - Setting next_dagrun for example_complex to None
[2022-11-21 21:33:05,554] {processor.py:171} INFO - Processing /home/airflow/.local/lib/python3.6/site-packages/airflow/example_dags/example_complex.py took 0.096 seconds
