[2022-11-21 21:31:47,649] {processor.py:163} INFO - Started process (PID=242) to work on /home/airflow/.local/lib/python3.6/site-packages/airflow/example_dags/example_time_delta_sensor_async.py
[2022-11-21 21:31:47,651] {processor.py:620} INFO - Processing file /home/airflow/.local/lib/python3.6/site-packages/airflow/example_dags/example_time_delta_sensor_async.py for tasks to queue
[2022-11-21 21:31:47,654] {logging_mixin.py:109} INFO - [2022-11-21 21:31:47,653] {dagbag.py:500} INFO - Filling up the DagBag from /home/airflow/.local/lib/python3.6/site-packages/airflow/example_dags/example_time_delta_sensor_async.py
[2022-11-21 21:31:47,711] {processor.py:632} INFO - DAG(s) dict_keys(['example_time_delta_sensor_async']) retrieved from /home/airflow/.local/lib/python3.6/site-packages/airflow/example_dags/example_time_delta_sensor_async.py
[2022-11-21 21:31:49,638] {logging_mixin.py:109} INFO - [2022-11-21 21:31:49,638] {providers_manager.py:156} WARNING - Exception when importing 'airflow.providers.google.leveldb.hooks.leveldb.LevelDBHook' from 'apache-airflow-providers-google' package: No module named 'plyvel'
[2022-11-21 21:31:50,074] {logging_mixin.py:109} INFO - [2022-11-21 21:31:50,074] {providers_manager.py:156} WARNING - Exception when importing 'airflow.providers.google.leveldb.hooks.leveldb.LevelDBHook' from 'apache-airflow-providers-google' package: No module named 'plyvel'
[2022-11-21 21:31:50,095] {logging_mixin.py:109} INFO - [2022-11-21 21:31:50,095] {manager.py:496} INFO - Created Permission View: can edit on DAG:example_time_delta_sensor_async
[2022-11-21 21:31:50,103] {logging_mixin.py:109} INFO - [2022-11-21 21:31:50,103] {manager.py:496} INFO - Created Permission View: can read on DAG:example_time_delta_sensor_async
[2022-11-21 21:31:50,106] {logging_mixin.py:109} INFO - [2022-11-21 21:31:50,104] {dag.py:2389} INFO - Sync 1 DAGs
[2022-11-21 21:31:50,118] {logging_mixin.py:109} INFO - [2022-11-21 21:31:50,117] {dag.py:2408} INFO - Creating ORM DAG for example_time_delta_sensor_async
[2022-11-21 21:31:50,126] {logging_mixin.py:109} INFO - [2022-11-21 21:31:50,126] {dag.py:2914} INFO - Setting next_dagrun for example_time_delta_sensor_async to None
[2022-11-21 21:31:50,139] {processor.py:171} INFO - Processing /home/airflow/.local/lib/python3.6/site-packages/airflow/example_dags/example_time_delta_sensor_async.py took 2.499 seconds
[2022-11-21 21:32:21,026] {processor.py:163} INFO - Started process (PID=348) to work on /home/airflow/.local/lib/python3.6/site-packages/airflow/example_dags/example_time_delta_sensor_async.py
[2022-11-21 21:32:21,028] {processor.py:620} INFO - Processing file /home/airflow/.local/lib/python3.6/site-packages/airflow/example_dags/example_time_delta_sensor_async.py for tasks to queue
[2022-11-21 21:32:21,030] {logging_mixin.py:109} INFO - [2022-11-21 21:32:21,029] {dagbag.py:500} INFO - Filling up the DagBag from /home/airflow/.local/lib/python3.6/site-packages/airflow/example_dags/example_time_delta_sensor_async.py
[2022-11-21 21:32:21,060] {processor.py:632} INFO - DAG(s) dict_keys(['example_time_delta_sensor_async']) retrieved from /home/airflow/.local/lib/python3.6/site-packages/airflow/example_dags/example_time_delta_sensor_async.py
[2022-11-21 21:32:21,072] {logging_mixin.py:109} INFO - [2022-11-21 21:32:21,072] {dag.py:2389} INFO - Sync 1 DAGs
[2022-11-21 21:32:21,089] {logging_mixin.py:109} INFO - [2022-11-21 21:32:21,089] {dag.py:2914} INFO - Setting next_dagrun for example_time_delta_sensor_async to None
[2022-11-21 21:32:21,098] {processor.py:171} INFO - Processing /home/airflow/.local/lib/python3.6/site-packages/airflow/example_dags/example_time_delta_sensor_async.py took 0.075 seconds
[2022-11-21 21:32:51,633] {processor.py:163} INFO - Started process (PID=401) to work on /home/airflow/.local/lib/python3.6/site-packages/airflow/example_dags/example_time_delta_sensor_async.py
[2022-11-21 21:32:51,635] {processor.py:620} INFO - Processing file /home/airflow/.local/lib/python3.6/site-packages/airflow/example_dags/example_time_delta_sensor_async.py for tasks to queue
[2022-11-21 21:32:51,636] {logging_mixin.py:109} INFO - [2022-11-21 21:32:51,636] {dagbag.py:500} INFO - Filling up the DagBag from /home/airflow/.local/lib/python3.6/site-packages/airflow/example_dags/example_time_delta_sensor_async.py
[2022-11-21 21:32:51,667] {processor.py:632} INFO - DAG(s) dict_keys(['example_time_delta_sensor_async']) retrieved from /home/airflow/.local/lib/python3.6/site-packages/airflow/example_dags/example_time_delta_sensor_async.py
[2022-11-21 21:32:51,678] {logging_mixin.py:109} INFO - [2022-11-21 21:32:51,678] {dag.py:2389} INFO - Sync 1 DAGs
[2022-11-21 21:32:51,695] {logging_mixin.py:109} INFO - [2022-11-21 21:32:51,694] {dag.py:2914} INFO - Setting next_dagrun for example_time_delta_sensor_async to None
[2022-11-21 21:32:51,704] {processor.py:171} INFO - Processing /home/airflow/.local/lib/python3.6/site-packages/airflow/example_dags/example_time_delta_sensor_async.py took 0.075 seconds
[2022-11-21 21:33:21,973] {processor.py:163} INFO - Started process (PID=454) to work on /home/airflow/.local/lib/python3.6/site-packages/airflow/example_dags/example_time_delta_sensor_async.py
[2022-11-21 21:33:21,975] {processor.py:620} INFO - Processing file /home/airflow/.local/lib/python3.6/site-packages/airflow/example_dags/example_time_delta_sensor_async.py for tasks to queue
[2022-11-21 21:33:21,977] {logging_mixin.py:109} INFO - [2022-11-21 21:33:21,977] {dagbag.py:500} INFO - Filling up the DagBag from /home/airflow/.local/lib/python3.6/site-packages/airflow/example_dags/example_time_delta_sensor_async.py
[2022-11-21 21:33:22,011] {processor.py:632} INFO - DAG(s) dict_keys(['example_time_delta_sensor_async']) retrieved from /home/airflow/.local/lib/python3.6/site-packages/airflow/example_dags/example_time_delta_sensor_async.py
[2022-11-21 21:33:22,022] {logging_mixin.py:109} INFO - [2022-11-21 21:33:22,022] {dag.py:2389} INFO - Sync 1 DAGs
[2022-11-21 21:33:22,039] {logging_mixin.py:109} INFO - [2022-11-21 21:33:22,038] {dag.py:2914} INFO - Setting next_dagrun for example_time_delta_sensor_async to None
[2022-11-21 21:33:22,048] {processor.py:171} INFO - Processing /home/airflow/.local/lib/python3.6/site-packages/airflow/example_dags/example_time_delta_sensor_async.py took 0.079 seconds
