[2022-11-21 21:31:41,900] {processor.py:163} INFO - Started process (PID=215) to work on /home/airflow/.local/lib/python3.6/site-packages/airflow/example_dags/example_branch_datetime_operator.py
[2022-11-21 21:31:41,902] {processor.py:620} INFO - Processing file /home/airflow/.local/lib/python3.6/site-packages/airflow/example_dags/example_branch_datetime_operator.py for tasks to queue
[2022-11-21 21:31:41,903] {logging_mixin.py:109} INFO - [2022-11-21 21:31:41,903] {dagbag.py:500} INFO - Filling up the DagBag from /home/airflow/.local/lib/python3.6/site-packages/airflow/example_dags/example_branch_datetime_operator.py
[2022-11-21 21:31:41,933] {processor.py:632} INFO - DAG(s) dict_keys(['example_branch_datetime_operator_2']) retrieved from /home/airflow/.local/lib/python3.6/site-packages/airflow/example_dags/example_branch_datetime_operator.py
[2022-11-21 21:31:43,612] {logging_mixin.py:109} INFO - [2022-11-21 21:31:43,612] {providers_manager.py:156} WARNING - Exception when importing 'airflow.providers.google.leveldb.hooks.leveldb.LevelDBHook' from 'apache-airflow-providers-google' package: No module named 'plyvel'
[2022-11-21 21:31:44,373] {logging_mixin.py:109} INFO - [2022-11-21 21:31:44,372] {providers_manager.py:156} WARNING - Exception when importing 'airflow.providers.google.leveldb.hooks.leveldb.LevelDBHook' from 'apache-airflow-providers-google' package: No module named 'plyvel'
[2022-11-21 21:31:44,445] {logging_mixin.py:109} INFO - [2022-11-21 21:31:44,444] {manager.py:496} INFO - Created Permission View: can edit on DAG:example_branch_datetime_operator_2
[2022-11-21 21:31:44,462] {logging_mixin.py:109} INFO - [2022-11-21 21:31:44,462] {manager.py:496} INFO - Created Permission View: can read on DAG:example_branch_datetime_operator_2
[2022-11-21 21:31:44,466] {logging_mixin.py:109} INFO - [2022-11-21 21:31:44,463] {dag.py:2389} INFO - Sync 1 DAGs
[2022-11-21 21:31:44,490] {logging_mixin.py:109} INFO - [2022-11-21 21:31:44,487] {dag.py:2408} INFO - Creating ORM DAG for example_branch_datetime_operator_2
[2022-11-21 21:31:44,559] {logging_mixin.py:109} INFO - [2022-11-21 21:31:44,556] {dag.py:2914} INFO - Setting next_dagrun for example_branch_datetime_operator_2 to 2022-11-20 00:00:00+00:00
[2022-11-21 21:31:44,576] {processor.py:171} INFO - Processing /home/airflow/.local/lib/python3.6/site-packages/airflow/example_dags/example_branch_datetime_operator.py took 2.680 seconds
[2022-11-21 21:32:14,768] {processor.py:163} INFO - Started process (PID=335) to work on /home/airflow/.local/lib/python3.6/site-packages/airflow/example_dags/example_branch_datetime_operator.py
[2022-11-21 21:32:14,770] {processor.py:620} INFO - Processing file /home/airflow/.local/lib/python3.6/site-packages/airflow/example_dags/example_branch_datetime_operator.py for tasks to queue
[2022-11-21 21:32:14,771] {logging_mixin.py:109} INFO - [2022-11-21 21:32:14,771] {dagbag.py:500} INFO - Filling up the DagBag from /home/airflow/.local/lib/python3.6/site-packages/airflow/example_dags/example_branch_datetime_operator.py
[2022-11-21 21:32:14,802] {processor.py:632} INFO - DAG(s) dict_keys(['example_branch_datetime_operator_2']) retrieved from /home/airflow/.local/lib/python3.6/site-packages/airflow/example_dags/example_branch_datetime_operator.py
[2022-11-21 21:32:14,813] {logging_mixin.py:109} INFO - [2022-11-21 21:32:14,813] {dag.py:2389} INFO - Sync 1 DAGs
[2022-11-21 21:32:14,833] {logging_mixin.py:109} INFO - [2022-11-21 21:32:14,833] {dag.py:2914} INFO - Setting next_dagrun for example_branch_datetime_operator_2 to 2022-11-20 00:00:00+00:00
[2022-11-21 21:32:14,843] {processor.py:171} INFO - Processing /home/airflow/.local/lib/python3.6/site-packages/airflow/example_dags/example_branch_datetime_operator.py took 0.078 seconds
[2022-11-21 21:32:45,548] {processor.py:163} INFO - Started process (PID=398) to work on /home/airflow/.local/lib/python3.6/site-packages/airflow/example_dags/example_branch_datetime_operator.py
[2022-11-21 21:32:45,559] {processor.py:620} INFO - Processing file /home/airflow/.local/lib/python3.6/site-packages/airflow/example_dags/example_branch_datetime_operator.py for tasks to queue
[2022-11-21 21:32:45,563] {logging_mixin.py:109} INFO - [2022-11-21 21:32:45,563] {dagbag.py:500} INFO - Filling up the DagBag from /home/airflow/.local/lib/python3.6/site-packages/airflow/example_dags/example_branch_datetime_operator.py
[2022-11-21 21:32:45,657] {processor.py:632} INFO - DAG(s) dict_keys(['example_branch_datetime_operator_2']) retrieved from /home/airflow/.local/lib/python3.6/site-packages/airflow/example_dags/example_branch_datetime_operator.py
[2022-11-21 21:32:45,681] {logging_mixin.py:109} INFO - [2022-11-21 21:32:45,681] {dag.py:2389} INFO - Sync 1 DAGs
[2022-11-21 21:32:45,718] {logging_mixin.py:109} INFO - [2022-11-21 21:32:45,717] {dag.py:2914} INFO - Setting next_dagrun for example_branch_datetime_operator_2 to 2022-11-20 00:00:00+00:00
[2022-11-21 21:32:45,734] {processor.py:171} INFO - Processing /home/airflow/.local/lib/python3.6/site-packages/airflow/example_dags/example_branch_datetime_operator.py took 0.255 seconds
[2022-11-21 21:33:15,841] {processor.py:163} INFO - Started process (PID=451) to work on /home/airflow/.local/lib/python3.6/site-packages/airflow/example_dags/example_branch_datetime_operator.py
[2022-11-21 21:33:15,842] {processor.py:620} INFO - Processing file /home/airflow/.local/lib/python3.6/site-packages/airflow/example_dags/example_branch_datetime_operator.py for tasks to queue
[2022-11-21 21:33:15,843] {logging_mixin.py:109} INFO - [2022-11-21 21:33:15,843] {dagbag.py:500} INFO - Filling up the DagBag from /home/airflow/.local/lib/python3.6/site-packages/airflow/example_dags/example_branch_datetime_operator.py
[2022-11-21 21:33:15,871] {processor.py:632} INFO - DAG(s) dict_keys(['example_branch_datetime_operator_2']) retrieved from /home/airflow/.local/lib/python3.6/site-packages/airflow/example_dags/example_branch_datetime_operator.py
[2022-11-21 21:33:15,881] {logging_mixin.py:109} INFO - [2022-11-21 21:33:15,881] {dag.py:2389} INFO - Sync 1 DAGs
[2022-11-21 21:33:15,899] {logging_mixin.py:109} INFO - [2022-11-21 21:33:15,899] {dag.py:2914} INFO - Setting next_dagrun for example_branch_datetime_operator_2 to 2022-11-20 00:00:00+00:00
[2022-11-21 21:33:15,909] {processor.py:171} INFO - Processing /home/airflow/.local/lib/python3.6/site-packages/airflow/example_dags/example_branch_datetime_operator.py took 0.071 seconds
