[2022-11-21 21:31:39,503] {processor.py:163} INFO - Started process (PID=201) to work on /home/airflow/.local/lib/python3.6/site-packages/airflow/example_dags/example_latest_only_with_trigger.py
[2022-11-21 21:31:39,504] {processor.py:620} INFO - Processing file /home/airflow/.local/lib/python3.6/site-packages/airflow/example_dags/example_latest_only_with_trigger.py for tasks to queue
[2022-11-21 21:31:39,506] {logging_mixin.py:109} INFO - [2022-11-21 21:31:39,506] {dagbag.py:500} INFO - Filling up the DagBag from /home/airflow/.local/lib/python3.6/site-packages/airflow/example_dags/example_latest_only_with_trigger.py
[2022-11-21 21:31:39,537] {processor.py:632} INFO - DAG(s) dict_keys(['latest_only_with_trigger']) retrieved from /home/airflow/.local/lib/python3.6/site-packages/airflow/example_dags/example_latest_only_with_trigger.py
[2022-11-21 21:31:41,470] {logging_mixin.py:109} INFO - [2022-11-21 21:31:41,470] {providers_manager.py:156} WARNING - Exception when importing 'airflow.providers.google.leveldb.hooks.leveldb.LevelDBHook' from 'apache-airflow-providers-google' package: No module named 'plyvel'
[2022-11-21 21:31:41,794] {logging_mixin.py:109} INFO - [2022-11-21 21:31:41,794] {providers_manager.py:156} WARNING - Exception when importing 'airflow.providers.google.leveldb.hooks.leveldb.LevelDBHook' from 'apache-airflow-providers-google' package: No module named 'plyvel'
[2022-11-21 21:31:41,814] {logging_mixin.py:109} INFO - [2022-11-21 21:31:41,814] {manager.py:496} INFO - Created Permission View: can edit on DAG:latest_only_with_trigger
[2022-11-21 21:31:41,821] {logging_mixin.py:109} INFO - [2022-11-21 21:31:41,821] {manager.py:496} INFO - Created Permission View: can read on DAG:latest_only_with_trigger
[2022-11-21 21:31:41,823] {logging_mixin.py:109} INFO - [2022-11-21 21:31:41,822] {dag.py:2389} INFO - Sync 1 DAGs
[2022-11-21 21:31:41,834] {logging_mixin.py:109} INFO - [2022-11-21 21:31:41,832] {dag.py:2408} INFO - Creating ORM DAG for latest_only_with_trigger
[2022-11-21 21:31:41,840] {logging_mixin.py:109} INFO - [2022-11-21 21:31:41,840] {dag.py:2914} INFO - Setting next_dagrun for latest_only_with_trigger to 2022-11-21T17:31:41.840278+00:00
[2022-11-21 21:31:41,854] {processor.py:171} INFO - Processing /home/airflow/.local/lib/python3.6/site-packages/airflow/example_dags/example_latest_only_with_trigger.py took 2.355 seconds
[2022-11-21 21:32:12,666] {processor.py:163} INFO - Started process (PID=333) to work on /home/airflow/.local/lib/python3.6/site-packages/airflow/example_dags/example_latest_only_with_trigger.py
[2022-11-21 21:32:12,668] {processor.py:620} INFO - Processing file /home/airflow/.local/lib/python3.6/site-packages/airflow/example_dags/example_latest_only_with_trigger.py for tasks to queue
[2022-11-21 21:32:12,669] {logging_mixin.py:109} INFO - [2022-11-21 21:32:12,669] {dagbag.py:500} INFO - Filling up the DagBag from /home/airflow/.local/lib/python3.6/site-packages/airflow/example_dags/example_latest_only_with_trigger.py
[2022-11-21 21:32:12,696] {processor.py:632} INFO - DAG(s) dict_keys(['latest_only_with_trigger']) retrieved from /home/airflow/.local/lib/python3.6/site-packages/airflow/example_dags/example_latest_only_with_trigger.py
[2022-11-21 21:32:12,707] {logging_mixin.py:109} INFO - [2022-11-21 21:32:12,706] {dag.py:2389} INFO - Sync 1 DAGs
[2022-11-21 21:32:12,725] {logging_mixin.py:109} INFO - [2022-11-21 21:32:12,724] {dag.py:2914} INFO - Setting next_dagrun for latest_only_with_trigger to 2022-11-21T17:32:12.724749+00:00
[2022-11-21 21:32:12,733] {processor.py:171} INFO - Processing /home/airflow/.local/lib/python3.6/site-packages/airflow/example_dags/example_latest_only_with_trigger.py took 0.071 seconds
[2022-11-21 21:32:43,123] {processor.py:163} INFO - Started process (PID=395) to work on /home/airflow/.local/lib/python3.6/site-packages/airflow/example_dags/example_latest_only_with_trigger.py
[2022-11-21 21:32:43,126] {processor.py:620} INFO - Processing file /home/airflow/.local/lib/python3.6/site-packages/airflow/example_dags/example_latest_only_with_trigger.py for tasks to queue
[2022-11-21 21:32:43,128] {logging_mixin.py:109} INFO - [2022-11-21 21:32:43,128] {dagbag.py:500} INFO - Filling up the DagBag from /home/airflow/.local/lib/python3.6/site-packages/airflow/example_dags/example_latest_only_with_trigger.py
[2022-11-21 21:32:43,176] {processor.py:632} INFO - DAG(s) dict_keys(['latest_only_with_trigger']) retrieved from /home/airflow/.local/lib/python3.6/site-packages/airflow/example_dags/example_latest_only_with_trigger.py
[2022-11-21 21:32:43,196] {logging_mixin.py:109} INFO - [2022-11-21 21:32:43,196] {dag.py:2389} INFO - Sync 1 DAGs
[2022-11-21 21:32:43,237] {logging_mixin.py:109} INFO - [2022-11-21 21:32:43,237] {dag.py:2914} INFO - Setting next_dagrun for latest_only_with_trigger to 2022-11-21T17:32:43.236355+00:00
[2022-11-21 21:32:43,260] {processor.py:171} INFO - Processing /home/airflow/.local/lib/python3.6/site-packages/airflow/example_dags/example_latest_only_with_trigger.py took 0.142 seconds
[2022-11-21 21:33:13,733] {processor.py:163} INFO - Started process (PID=449) to work on /home/airflow/.local/lib/python3.6/site-packages/airflow/example_dags/example_latest_only_with_trigger.py
[2022-11-21 21:33:13,735] {processor.py:620} INFO - Processing file /home/airflow/.local/lib/python3.6/site-packages/airflow/example_dags/example_latest_only_with_trigger.py for tasks to queue
[2022-11-21 21:33:13,736] {logging_mixin.py:109} INFO - [2022-11-21 21:33:13,736] {dagbag.py:500} INFO - Filling up the DagBag from /home/airflow/.local/lib/python3.6/site-packages/airflow/example_dags/example_latest_only_with_trigger.py
[2022-11-21 21:33:13,772] {processor.py:632} INFO - DAG(s) dict_keys(['latest_only_with_trigger']) retrieved from /home/airflow/.local/lib/python3.6/site-packages/airflow/example_dags/example_latest_only_with_trigger.py
[2022-11-21 21:33:13,786] {logging_mixin.py:109} INFO - [2022-11-21 21:33:13,785] {dag.py:2389} INFO - Sync 1 DAGs
[2022-11-21 21:33:13,806] {logging_mixin.py:109} INFO - [2022-11-21 21:33:13,806] {dag.py:2914} INFO - Setting next_dagrun for latest_only_with_trigger to 2022-11-21T17:33:13.805762+00:00
[2022-11-21 21:33:13,816] {processor.py:171} INFO - Processing /home/airflow/.local/lib/python3.6/site-packages/airflow/example_dags/example_latest_only_with_trigger.py took 0.087 seconds
