[2022-11-21 21:31:44,621] {processor.py:163} INFO - Started process (PID=228) to work on /home/airflow/.local/lib/python3.6/site-packages/airflow/example_dags/example_bash_operator.py
[2022-11-21 21:31:44,623] {processor.py:620} INFO - Processing file /home/airflow/.local/lib/python3.6/site-packages/airflow/example_dags/example_bash_operator.py for tasks to queue
[2022-11-21 21:31:44,625] {logging_mixin.py:109} INFO - [2022-11-21 21:31:44,625] {dagbag.py:500} INFO - Filling up the DagBag from /home/airflow/.local/lib/python3.6/site-packages/airflow/example_dags/example_bash_operator.py
[2022-11-21 21:31:44,693] {processor.py:632} INFO - DAG(s) dict_keys(['example_bash_operator']) retrieved from /home/airflow/.local/lib/python3.6/site-packages/airflow/example_dags/example_bash_operator.py
[2022-11-21 21:31:47,165] {logging_mixin.py:109} INFO - [2022-11-21 21:31:47,165] {providers_manager.py:156} WARNING - Exception when importing 'airflow.providers.google.leveldb.hooks.leveldb.LevelDBHook' from 'apache-airflow-providers-google' package: No module named 'plyvel'
[2022-11-21 21:31:47,513] {logging_mixin.py:109} INFO - [2022-11-21 21:31:47,512] {providers_manager.py:156} WARNING - Exception when importing 'airflow.providers.google.leveldb.hooks.leveldb.LevelDBHook' from 'apache-airflow-providers-google' package: No module named 'plyvel'
[2022-11-21 21:31:47,536] {logging_mixin.py:109} INFO - [2022-11-21 21:31:47,536] {manager.py:496} INFO - Created Permission View: can edit on DAG:example_bash_operator
[2022-11-21 21:31:47,544] {logging_mixin.py:109} INFO - [2022-11-21 21:31:47,544] {manager.py:496} INFO - Created Permission View: can read on DAG:example_bash_operator
[2022-11-21 21:31:47,547] {logging_mixin.py:109} INFO - [2022-11-21 21:31:47,545] {dag.py:2389} INFO - Sync 1 DAGs
[2022-11-21 21:31:47,558] {logging_mixin.py:109} INFO - [2022-11-21 21:31:47,557] {dag.py:2408} INFO - Creating ORM DAG for example_bash_operator
[2022-11-21 21:31:47,568] {logging_mixin.py:109} INFO - [2022-11-21 21:31:47,568] {dag.py:2914} INFO - Setting next_dagrun for example_bash_operator to 2022-11-20 00:00:00+00:00
[2022-11-21 21:31:47,581] {processor.py:171} INFO - Processing /home/airflow/.local/lib/python3.6/site-packages/airflow/example_dags/example_bash_operator.py took 2.991 seconds
[2022-11-21 21:32:17,892] {processor.py:163} INFO - Started process (PID=346) to work on /home/airflow/.local/lib/python3.6/site-packages/airflow/example_dags/example_bash_operator.py
[2022-11-21 21:32:17,895] {processor.py:620} INFO - Processing file /home/airflow/.local/lib/python3.6/site-packages/airflow/example_dags/example_bash_operator.py for tasks to queue
[2022-11-21 21:32:17,896] {logging_mixin.py:109} INFO - [2022-11-21 21:32:17,896] {dagbag.py:500} INFO - Filling up the DagBag from /home/airflow/.local/lib/python3.6/site-packages/airflow/example_dags/example_bash_operator.py
[2022-11-21 21:32:17,941] {processor.py:632} INFO - DAG(s) dict_keys(['example_bash_operator']) retrieved from /home/airflow/.local/lib/python3.6/site-packages/airflow/example_dags/example_bash_operator.py
[2022-11-21 21:32:17,960] {logging_mixin.py:109} INFO - [2022-11-21 21:32:17,959] {dag.py:2389} INFO - Sync 1 DAGs
[2022-11-21 21:32:17,985] {logging_mixin.py:109} INFO - [2022-11-21 21:32:17,985] {dag.py:2914} INFO - Setting next_dagrun for example_bash_operator to 2022-11-20 00:00:00+00:00
[2022-11-21 21:32:17,997] {processor.py:171} INFO - Processing /home/airflow/.local/lib/python3.6/site-packages/airflow/example_dags/example_bash_operator.py took 0.110 seconds
[2022-11-21 21:32:48,475] {processor.py:163} INFO - Started process (PID=399) to work on /home/airflow/.local/lib/python3.6/site-packages/airflow/example_dags/example_bash_operator.py
[2022-11-21 21:32:48,478] {processor.py:620} INFO - Processing file /home/airflow/.local/lib/python3.6/site-packages/airflow/example_dags/example_bash_operator.py for tasks to queue
[2022-11-21 21:32:48,481] {logging_mixin.py:109} INFO - [2022-11-21 21:32:48,480] {dagbag.py:500} INFO - Filling up the DagBag from /home/airflow/.local/lib/python3.6/site-packages/airflow/example_dags/example_bash_operator.py
[2022-11-21 21:32:48,541] {processor.py:632} INFO - DAG(s) dict_keys(['example_bash_operator']) retrieved from /home/airflow/.local/lib/python3.6/site-packages/airflow/example_dags/example_bash_operator.py
[2022-11-21 21:32:48,557] {logging_mixin.py:109} INFO - [2022-11-21 21:32:48,557] {dag.py:2389} INFO - Sync 1 DAGs
[2022-11-21 21:32:48,578] {logging_mixin.py:109} INFO - [2022-11-21 21:32:48,578] {dag.py:2914} INFO - Setting next_dagrun for example_bash_operator to 2022-11-20 00:00:00+00:00
[2022-11-21 21:32:48,590] {processor.py:171} INFO - Processing /home/airflow/.local/lib/python3.6/site-packages/airflow/example_dags/example_bash_operator.py took 0.122 seconds
[2022-11-21 21:33:18,855] {processor.py:163} INFO - Started process (PID=452) to work on /home/airflow/.local/lib/python3.6/site-packages/airflow/example_dags/example_bash_operator.py
[2022-11-21 21:33:18,857] {processor.py:620} INFO - Processing file /home/airflow/.local/lib/python3.6/site-packages/airflow/example_dags/example_bash_operator.py for tasks to queue
[2022-11-21 21:33:18,858] {logging_mixin.py:109} INFO - [2022-11-21 21:33:18,858] {dagbag.py:500} INFO - Filling up the DagBag from /home/airflow/.local/lib/python3.6/site-packages/airflow/example_dags/example_bash_operator.py
[2022-11-21 21:33:18,894] {processor.py:632} INFO - DAG(s) dict_keys(['example_bash_operator']) retrieved from /home/airflow/.local/lib/python3.6/site-packages/airflow/example_dags/example_bash_operator.py
[2022-11-21 21:33:18,906] {logging_mixin.py:109} INFO - [2022-11-21 21:33:18,906] {dag.py:2389} INFO - Sync 1 DAGs
[2022-11-21 21:33:18,922] {logging_mixin.py:109} INFO - [2022-11-21 21:33:18,922] {dag.py:2914} INFO - Setting next_dagrun for example_bash_operator to 2022-11-20 00:00:00+00:00
[2022-11-21 21:33:18,933] {processor.py:171} INFO - Processing /home/airflow/.local/lib/python3.6/site-packages/airflow/example_dags/example_bash_operator.py took 0.082 seconds
