[2022-11-21 21:31:34,305] {processor.py:163} INFO - Started process (PID=162) to work on /home/airflow/.local/lib/python3.6/site-packages/airflow/example_dags/example_python_operator.py
[2022-11-21 21:31:34,307] {processor.py:620} INFO - Processing file /home/airflow/.local/lib/python3.6/site-packages/airflow/example_dags/example_python_operator.py for tasks to queue
[2022-11-21 21:31:34,310] {logging_mixin.py:109} INFO - [2022-11-21 21:31:34,309] {dagbag.py:500} INFO - Filling up the DagBag from /home/airflow/.local/lib/python3.6/site-packages/airflow/example_dags/example_python_operator.py
[2022-11-21 21:31:34,381] {processor.py:632} INFO - DAG(s) dict_keys(['example_python_operator']) retrieved from /home/airflow/.local/lib/python3.6/site-packages/airflow/example_dags/example_python_operator.py
[2022-11-21 21:31:36,624] {logging_mixin.py:109} INFO - [2022-11-21 21:31:36,624] {providers_manager.py:156} WARNING - Exception when importing 'airflow.providers.google.leveldb.hooks.leveldb.LevelDBHook' from 'apache-airflow-providers-google' package: No module named 'plyvel'
[2022-11-21 21:31:36,986] {logging_mixin.py:109} INFO - [2022-11-21 21:31:36,986] {providers_manager.py:156} WARNING - Exception when importing 'airflow.providers.google.leveldb.hooks.leveldb.LevelDBHook' from 'apache-airflow-providers-google' package: No module named 'plyvel'
[2022-11-21 21:31:37,004] {logging_mixin.py:109} INFO - [2022-11-21 21:31:37,004] {manager.py:496} INFO - Created Permission View: can edit on DAG:example_python_operator
[2022-11-21 21:31:37,011] {logging_mixin.py:109} INFO - [2022-11-21 21:31:37,011] {manager.py:496} INFO - Created Permission View: can read on DAG:example_python_operator
[2022-11-21 21:31:37,014] {logging_mixin.py:109} INFO - [2022-11-21 21:31:37,012] {dag.py:2389} INFO - Sync 1 DAGs
[2022-11-21 21:31:37,023] {logging_mixin.py:109} INFO - [2022-11-21 21:31:37,022] {dag.py:2408} INFO - Creating ORM DAG for example_python_operator
[2022-11-21 21:31:37,029] {logging_mixin.py:109} INFO - [2022-11-21 21:31:37,029] {dag.py:2914} INFO - Setting next_dagrun for example_python_operator to None
[2022-11-21 21:31:37,040] {processor.py:171} INFO - Processing /home/airflow/.local/lib/python3.6/site-packages/airflow/example_dags/example_python_operator.py took 2.740 seconds
[2022-11-21 21:32:07,430] {processor.py:163} INFO - Started process (PID=328) to work on /home/airflow/.local/lib/python3.6/site-packages/airflow/example_dags/example_python_operator.py
[2022-11-21 21:32:07,434] {processor.py:620} INFO - Processing file /home/airflow/.local/lib/python3.6/site-packages/airflow/example_dags/example_python_operator.py for tasks to queue
[2022-11-21 21:32:07,435] {logging_mixin.py:109} INFO - [2022-11-21 21:32:07,435] {dagbag.py:500} INFO - Filling up the DagBag from /home/airflow/.local/lib/python3.6/site-packages/airflow/example_dags/example_python_operator.py
[2022-11-21 21:32:07,469] {processor.py:632} INFO - DAG(s) dict_keys(['example_python_operator']) retrieved from /home/airflow/.local/lib/python3.6/site-packages/airflow/example_dags/example_python_operator.py
[2022-11-21 21:32:07,482] {logging_mixin.py:109} INFO - [2022-11-21 21:32:07,482] {dag.py:2389} INFO - Sync 1 DAGs
[2022-11-21 21:32:07,498] {logging_mixin.py:109} INFO - [2022-11-21 21:32:07,498] {dag.py:2914} INFO - Setting next_dagrun for example_python_operator to None
[2022-11-21 21:32:07,509] {processor.py:171} INFO - Processing /home/airflow/.local/lib/python3.6/site-packages/airflow/example_dags/example_python_operator.py took 0.083 seconds
[2022-11-21 21:32:37,865] {processor.py:163} INFO - Started process (PID=381) to work on /home/airflow/.local/lib/python3.6/site-packages/airflow/example_dags/example_python_operator.py
[2022-11-21 21:32:37,867] {processor.py:620} INFO - Processing file /home/airflow/.local/lib/python3.6/site-packages/airflow/example_dags/example_python_operator.py for tasks to queue
[2022-11-21 21:32:37,869] {logging_mixin.py:109} INFO - [2022-11-21 21:32:37,868] {dagbag.py:500} INFO - Filling up the DagBag from /home/airflow/.local/lib/python3.6/site-packages/airflow/example_dags/example_python_operator.py
[2022-11-21 21:32:37,904] {processor.py:632} INFO - DAG(s) dict_keys(['example_python_operator']) retrieved from /home/airflow/.local/lib/python3.6/site-packages/airflow/example_dags/example_python_operator.py
[2022-11-21 21:32:37,924] {logging_mixin.py:109} INFO - [2022-11-21 21:32:37,924] {dag.py:2389} INFO - Sync 1 DAGs
[2022-11-21 21:32:37,955] {logging_mixin.py:109} INFO - [2022-11-21 21:32:37,954] {dag.py:2914} INFO - Setting next_dagrun for example_python_operator to None
[2022-11-21 21:32:37,971] {processor.py:171} INFO - Processing /home/airflow/.local/lib/python3.6/site-packages/airflow/example_dags/example_python_operator.py took 0.110 seconds
[2022-11-21 21:33:08,580] {processor.py:163} INFO - Started process (PID=434) to work on /home/airflow/.local/lib/python3.6/site-packages/airflow/example_dags/example_python_operator.py
[2022-11-21 21:33:08,583] {processor.py:620} INFO - Processing file /home/airflow/.local/lib/python3.6/site-packages/airflow/example_dags/example_python_operator.py for tasks to queue
[2022-11-21 21:33:08,585] {logging_mixin.py:109} INFO - [2022-11-21 21:33:08,584] {dagbag.py:500} INFO - Filling up the DagBag from /home/airflow/.local/lib/python3.6/site-packages/airflow/example_dags/example_python_operator.py
[2022-11-21 21:33:08,618] {processor.py:632} INFO - DAG(s) dict_keys(['example_python_operator']) retrieved from /home/airflow/.local/lib/python3.6/site-packages/airflow/example_dags/example_python_operator.py
[2022-11-21 21:33:08,630] {logging_mixin.py:109} INFO - [2022-11-21 21:33:08,630] {dag.py:2389} INFO - Sync 1 DAGs
[2022-11-21 21:33:08,648] {logging_mixin.py:109} INFO - [2022-11-21 21:33:08,648] {dag.py:2914} INFO - Setting next_dagrun for example_python_operator to None
[2022-11-21 21:33:08,657] {processor.py:171} INFO - Processing /home/airflow/.local/lib/python3.6/site-packages/airflow/example_dags/example_python_operator.py took 0.082 seconds
