[2022-11-21 21:31:47,663] {processor.py:163} INFO - Started process (PID=243) to work on /home/airflow/.local/lib/python3.6/site-packages/airflow/example_dags/example_trigger_controller_dag.py
[2022-11-21 21:31:47,668] {processor.py:620} INFO - Processing file /home/airflow/.local/lib/python3.6/site-packages/airflow/example_dags/example_trigger_controller_dag.py for tasks to queue
[2022-11-21 21:31:47,672] {logging_mixin.py:109} INFO - [2022-11-21 21:31:47,671] {dagbag.py:500} INFO - Filling up the DagBag from /home/airflow/.local/lib/python3.6/site-packages/airflow/example_dags/example_trigger_controller_dag.py
[2022-11-21 21:31:47,742] {processor.py:632} INFO - DAG(s) dict_keys(['example_trigger_controller_dag']) retrieved from /home/airflow/.local/lib/python3.6/site-packages/airflow/example_dags/example_trigger_controller_dag.py
[2022-11-21 21:31:49,640] {logging_mixin.py:109} INFO - [2022-11-21 21:31:49,639] {providers_manager.py:156} WARNING - Exception when importing 'airflow.providers.google.leveldb.hooks.leveldb.LevelDBHook' from 'apache-airflow-providers-google' package: No module named 'plyvel'
[2022-11-21 21:31:50,070] {logging_mixin.py:109} INFO - [2022-11-21 21:31:50,070] {providers_manager.py:156} WARNING - Exception when importing 'airflow.providers.google.leveldb.hooks.leveldb.LevelDBHook' from 'apache-airflow-providers-google' package: No module named 'plyvel'
[2022-11-21 21:31:50,091] {logging_mixin.py:109} INFO - [2022-11-21 21:31:50,091] {manager.py:496} INFO - Created Permission View: can edit on DAG:example_trigger_controller_dag
[2022-11-21 21:31:50,100] {logging_mixin.py:109} INFO - [2022-11-21 21:31:50,099] {manager.py:496} INFO - Created Permission View: can read on DAG:example_trigger_controller_dag
[2022-11-21 21:31:50,102] {logging_mixin.py:109} INFO - [2022-11-21 21:31:50,100] {dag.py:2389} INFO - Sync 1 DAGs
[2022-11-21 21:31:50,114] {logging_mixin.py:109} INFO - [2022-11-21 21:31:50,113] {dag.py:2408} INFO - Creating ORM DAG for example_trigger_controller_dag
[2022-11-21 21:31:50,122] {logging_mixin.py:109} INFO - [2022-11-21 21:31:50,121] {dag.py:2914} INFO - Setting next_dagrun for example_trigger_controller_dag to 2021-01-01T00:00:00+00:00
[2022-11-21 21:31:50,140] {processor.py:171} INFO - Processing /home/airflow/.local/lib/python3.6/site-packages/airflow/example_dags/example_trigger_controller_dag.py took 2.489 seconds
[2022-11-21 21:32:21,029] {processor.py:163} INFO - Started process (PID=349) to work on /home/airflow/.local/lib/python3.6/site-packages/airflow/example_dags/example_trigger_controller_dag.py
[2022-11-21 21:32:21,031] {processor.py:620} INFO - Processing file /home/airflow/.local/lib/python3.6/site-packages/airflow/example_dags/example_trigger_controller_dag.py for tasks to queue
[2022-11-21 21:32:21,032] {logging_mixin.py:109} INFO - [2022-11-21 21:32:21,032] {dagbag.py:500} INFO - Filling up the DagBag from /home/airflow/.local/lib/python3.6/site-packages/airflow/example_dags/example_trigger_controller_dag.py
[2022-11-21 21:32:21,062] {processor.py:632} INFO - DAG(s) dict_keys(['example_trigger_controller_dag']) retrieved from /home/airflow/.local/lib/python3.6/site-packages/airflow/example_dags/example_trigger_controller_dag.py
[2022-11-21 21:32:21,074] {logging_mixin.py:109} INFO - [2022-11-21 21:32:21,074] {dag.py:2389} INFO - Sync 1 DAGs
[2022-11-21 21:32:21,090] {logging_mixin.py:109} INFO - [2022-11-21 21:32:21,090] {dag.py:2914} INFO - Setting next_dagrun for example_trigger_controller_dag to 2021-01-01T00:00:00+00:00
[2022-11-21 21:32:21,100] {processor.py:171} INFO - Processing /home/airflow/.local/lib/python3.6/site-packages/airflow/example_dags/example_trigger_controller_dag.py took 0.074 seconds
[2022-11-21 21:32:51,635] {processor.py:163} INFO - Started process (PID=402) to work on /home/airflow/.local/lib/python3.6/site-packages/airflow/example_dags/example_trigger_controller_dag.py
[2022-11-21 21:32:51,637] {processor.py:620} INFO - Processing file /home/airflow/.local/lib/python3.6/site-packages/airflow/example_dags/example_trigger_controller_dag.py for tasks to queue
[2022-11-21 21:32:51,639] {logging_mixin.py:109} INFO - [2022-11-21 21:32:51,639] {dagbag.py:500} INFO - Filling up the DagBag from /home/airflow/.local/lib/python3.6/site-packages/airflow/example_dags/example_trigger_controller_dag.py
[2022-11-21 21:32:51,669] {processor.py:632} INFO - DAG(s) dict_keys(['example_trigger_controller_dag']) retrieved from /home/airflow/.local/lib/python3.6/site-packages/airflow/example_dags/example_trigger_controller_dag.py
[2022-11-21 21:32:51,679] {logging_mixin.py:109} INFO - [2022-11-21 21:32:51,679] {dag.py:2389} INFO - Sync 1 DAGs
[2022-11-21 21:32:51,695] {logging_mixin.py:109} INFO - [2022-11-21 21:32:51,695] {dag.py:2914} INFO - Setting next_dagrun for example_trigger_controller_dag to 2021-01-01T00:00:00+00:00
[2022-11-21 21:32:51,704] {processor.py:171} INFO - Processing /home/airflow/.local/lib/python3.6/site-packages/airflow/example_dags/example_trigger_controller_dag.py took 0.072 seconds
[2022-11-21 21:33:21,978] {processor.py:163} INFO - Started process (PID=455) to work on /home/airflow/.local/lib/python3.6/site-packages/airflow/example_dags/example_trigger_controller_dag.py
[2022-11-21 21:33:21,980] {processor.py:620} INFO - Processing file /home/airflow/.local/lib/python3.6/site-packages/airflow/example_dags/example_trigger_controller_dag.py for tasks to queue
[2022-11-21 21:33:21,982] {logging_mixin.py:109} INFO - [2022-11-21 21:33:21,981] {dagbag.py:500} INFO - Filling up the DagBag from /home/airflow/.local/lib/python3.6/site-packages/airflow/example_dags/example_trigger_controller_dag.py
[2022-11-21 21:33:22,013] {processor.py:632} INFO - DAG(s) dict_keys(['example_trigger_controller_dag']) retrieved from /home/airflow/.local/lib/python3.6/site-packages/airflow/example_dags/example_trigger_controller_dag.py
[2022-11-21 21:33:22,024] {logging_mixin.py:109} INFO - [2022-11-21 21:33:22,024] {dag.py:2389} INFO - Sync 1 DAGs
[2022-11-21 21:33:22,041] {logging_mixin.py:109} INFO - [2022-11-21 21:33:22,041] {dag.py:2914} INFO - Setting next_dagrun for example_trigger_controller_dag to 2021-01-01T00:00:00+00:00
[2022-11-21 21:33:22,050] {processor.py:171} INFO - Processing /home/airflow/.local/lib/python3.6/site-packages/airflow/example_dags/example_trigger_controller_dag.py took 0.077 seconds
