[2022-11-21 21:31:24,974] {processor.py:163} INFO - Started process (PID=121) to work on /home/airflow/.local/lib/python3.6/site-packages/airflow/example_dags/example_latest_only.py
[2022-11-21 21:31:24,976] {processor.py:620} INFO - Processing file /home/airflow/.local/lib/python3.6/site-packages/airflow/example_dags/example_latest_only.py for tasks to queue
[2022-11-21 21:31:24,977] {logging_mixin.py:109} INFO - [2022-11-21 21:31:24,977] {dagbag.py:500} INFO - Filling up the DagBag from /home/airflow/.local/lib/python3.6/site-packages/airflow/example_dags/example_latest_only.py
[2022-11-21 21:31:25,016] {processor.py:632} INFO - DAG(s) dict_keys(['latest_only']) retrieved from /home/airflow/.local/lib/python3.6/site-packages/airflow/example_dags/example_latest_only.py
[2022-11-21 21:31:27,688] {logging_mixin.py:109} INFO - [2022-11-21 21:31:27,688] {providers_manager.py:156} WARNING - Exception when importing 'airflow.providers.google.leveldb.hooks.leveldb.LevelDBHook' from 'apache-airflow-providers-google' package: No module named 'plyvel'
[2022-11-21 21:31:28,090] {logging_mixin.py:109} INFO - [2022-11-21 21:31:28,090] {providers_manager.py:156} WARNING - Exception when importing 'airflow.providers.google.leveldb.hooks.leveldb.LevelDBHook' from 'apache-airflow-providers-google' package: No module named 'plyvel'
[2022-11-21 21:31:28,115] {logging_mixin.py:109} INFO - [2022-11-21 21:31:28,115] {manager.py:496} INFO - Created Permission View: can edit on DAG:latest_only
[2022-11-21 21:31:28,125] {logging_mixin.py:109} INFO - [2022-11-21 21:31:28,125] {manager.py:496} INFO - Created Permission View: can read on DAG:latest_only
[2022-11-21 21:31:28,127] {logging_mixin.py:109} INFO - [2022-11-21 21:31:28,126] {dag.py:2389} INFO - Sync 1 DAGs
[2022-11-21 21:31:28,139] {logging_mixin.py:109} INFO - [2022-11-21 21:31:28,137] {dag.py:2408} INFO - Creating ORM DAG for latest_only
[2022-11-21 21:31:28,144] {logging_mixin.py:109} INFO - [2022-11-21 21:31:28,144] {dag.py:2914} INFO - Setting next_dagrun for latest_only to 2022-11-21T17:31:28.144538+00:00
[2022-11-21 21:31:28,158] {processor.py:171} INFO - Processing /home/airflow/.local/lib/python3.6/site-packages/airflow/example_dags/example_latest_only.py took 3.188 seconds
[2022-11-21 21:31:58,733] {processor.py:163} INFO - Started process (PID=313) to work on /home/airflow/.local/lib/python3.6/site-packages/airflow/example_dags/example_latest_only.py
[2022-11-21 21:31:58,736] {processor.py:620} INFO - Processing file /home/airflow/.local/lib/python3.6/site-packages/airflow/example_dags/example_latest_only.py for tasks to queue
[2022-11-21 21:31:58,739] {logging_mixin.py:109} INFO - [2022-11-21 21:31:58,738] {dagbag.py:500} INFO - Filling up the DagBag from /home/airflow/.local/lib/python3.6/site-packages/airflow/example_dags/example_latest_only.py
[2022-11-21 21:31:58,784] {processor.py:632} INFO - DAG(s) dict_keys(['latest_only']) retrieved from /home/airflow/.local/lib/python3.6/site-packages/airflow/example_dags/example_latest_only.py
[2022-11-21 21:31:58,801] {logging_mixin.py:109} INFO - [2022-11-21 21:31:58,801] {dag.py:2389} INFO - Sync 1 DAGs
[2022-11-21 21:31:58,824] {logging_mixin.py:109} INFO - [2022-11-21 21:31:58,824] {dag.py:2914} INFO - Setting next_dagrun for latest_only to 2022-11-21T17:31:58.824149+00:00
[2022-11-21 21:31:58,840] {processor.py:171} INFO - Processing /home/airflow/.local/lib/python3.6/site-packages/airflow/example_dags/example_latest_only.py took 0.117 seconds
[2022-11-21 21:32:29,286] {processor.py:163} INFO - Started process (PID=366) to work on /home/airflow/.local/lib/python3.6/site-packages/airflow/example_dags/example_latest_only.py
[2022-11-21 21:32:29,288] {processor.py:620} INFO - Processing file /home/airflow/.local/lib/python3.6/site-packages/airflow/example_dags/example_latest_only.py for tasks to queue
[2022-11-21 21:32:29,289] {logging_mixin.py:109} INFO - [2022-11-21 21:32:29,289] {dagbag.py:500} INFO - Filling up the DagBag from /home/airflow/.local/lib/python3.6/site-packages/airflow/example_dags/example_latest_only.py
[2022-11-21 21:32:29,319] {processor.py:632} INFO - DAG(s) dict_keys(['latest_only']) retrieved from /home/airflow/.local/lib/python3.6/site-packages/airflow/example_dags/example_latest_only.py
[2022-11-21 21:32:29,331] {logging_mixin.py:109} INFO - [2022-11-21 21:32:29,331] {dag.py:2389} INFO - Sync 1 DAGs
[2022-11-21 21:32:29,352] {logging_mixin.py:109} INFO - [2022-11-21 21:32:29,351] {dag.py:2914} INFO - Setting next_dagrun for latest_only to 2022-11-21T17:32:29.351308+00:00
[2022-11-21 21:32:29,366] {processor.py:171} INFO - Processing /home/airflow/.local/lib/python3.6/site-packages/airflow/example_dags/example_latest_only.py took 0.084 seconds
[2022-11-21 21:33:00,241] {processor.py:163} INFO - Started process (PID=429) to work on /home/airflow/.local/lib/python3.6/site-packages/airflow/example_dags/example_latest_only.py
[2022-11-21 21:33:00,243] {processor.py:620} INFO - Processing file /home/airflow/.local/lib/python3.6/site-packages/airflow/example_dags/example_latest_only.py for tasks to queue
[2022-11-21 21:33:00,247] {logging_mixin.py:109} INFO - [2022-11-21 21:33:00,247] {dagbag.py:500} INFO - Filling up the DagBag from /home/airflow/.local/lib/python3.6/site-packages/airflow/example_dags/example_latest_only.py
[2022-11-21 21:33:00,285] {processor.py:632} INFO - DAG(s) dict_keys(['latest_only']) retrieved from /home/airflow/.local/lib/python3.6/site-packages/airflow/example_dags/example_latest_only.py
[2022-11-21 21:33:00,298] {logging_mixin.py:109} INFO - [2022-11-21 21:33:00,298] {dag.py:2389} INFO - Sync 1 DAGs
[2022-11-21 21:33:00,324] {logging_mixin.py:109} INFO - [2022-11-21 21:33:00,324] {dag.py:2914} INFO - Setting next_dagrun for latest_only to 2022-11-21T17:33:00.323724+00:00
[2022-11-21 21:33:00,340] {processor.py:171} INFO - Processing /home/airflow/.local/lib/python3.6/site-packages/airflow/example_dags/example_latest_only.py took 0.102 seconds
