[2022-11-21 21:31:21,441] {processor.py:163} INFO - Started process (PID=96) to work on /home/airflow/.local/lib/python3.6/site-packages/airflow/example_dags/example_task_group_decorator.py
[2022-11-21 21:31:21,449] {processor.py:620} INFO - Processing file /home/airflow/.local/lib/python3.6/site-packages/airflow/example_dags/example_task_group_decorator.py for tasks to queue
[2022-11-21 21:31:21,451] {logging_mixin.py:109} INFO - [2022-11-21 21:31:21,451] {dagbag.py:500} INFO - Filling up the DagBag from /home/airflow/.local/lib/python3.6/site-packages/airflow/example_dags/example_task_group_decorator.py
[2022-11-21 21:31:21,596] {processor.py:632} INFO - DAG(s) dict_keys(['example_task_group_decorator']) retrieved from /home/airflow/.local/lib/python3.6/site-packages/airflow/example_dags/example_task_group_decorator.py
[2022-11-21 21:31:24,408] {logging_mixin.py:109} INFO - [2022-11-21 21:31:24,408] {providers_manager.py:156} WARNING - Exception when importing 'airflow.providers.google.leveldb.hooks.leveldb.LevelDBHook' from 'apache-airflow-providers-google' package: No module named 'plyvel'
[2022-11-21 21:31:24,849] {logging_mixin.py:109} INFO - [2022-11-21 21:31:24,849] {providers_manager.py:156} WARNING - Exception when importing 'airflow.providers.google.leveldb.hooks.leveldb.LevelDBHook' from 'apache-airflow-providers-google' package: No module named 'plyvel'
[2022-11-21 21:31:24,871] {logging_mixin.py:109} INFO - [2022-11-21 21:31:24,871] {manager.py:496} INFO - Created Permission View: can edit on DAG:example_task_group_decorator
[2022-11-21 21:31:24,879] {logging_mixin.py:109} INFO - [2022-11-21 21:31:24,879] {manager.py:496} INFO - Created Permission View: can read on DAG:example_task_group_decorator
[2022-11-21 21:31:24,881] {logging_mixin.py:109} INFO - [2022-11-21 21:31:24,879] {dag.py:2389} INFO - Sync 1 DAGs
[2022-11-21 21:31:24,891] {logging_mixin.py:109} INFO - [2022-11-21 21:31:24,890] {dag.py:2408} INFO - Creating ORM DAG for example_task_group_decorator
[2022-11-21 21:31:24,899] {logging_mixin.py:109} INFO - [2022-11-21 21:31:24,898] {dag.py:2914} INFO - Setting next_dagrun for example_task_group_decorator to 2022-11-20T21:31:24.898703+00:00
[2022-11-21 21:31:24,914] {processor.py:171} INFO - Processing /home/airflow/.local/lib/python3.6/site-packages/airflow/example_dags/example_task_group_decorator.py took 3.485 seconds
[2022-11-21 21:31:57,377] {processor.py:163} INFO - Started process (PID=310) to work on /home/airflow/.local/lib/python3.6/site-packages/airflow/example_dags/example_task_group_decorator.py
[2022-11-21 21:31:57,379] {processor.py:620} INFO - Processing file /home/airflow/.local/lib/python3.6/site-packages/airflow/example_dags/example_task_group_decorator.py for tasks to queue
[2022-11-21 21:31:57,380] {logging_mixin.py:109} INFO - [2022-11-21 21:31:57,380] {dagbag.py:500} INFO - Filling up the DagBag from /home/airflow/.local/lib/python3.6/site-packages/airflow/example_dags/example_task_group_decorator.py
[2022-11-21 21:31:57,422] {processor.py:632} INFO - DAG(s) dict_keys(['example_task_group_decorator']) retrieved from /home/airflow/.local/lib/python3.6/site-packages/airflow/example_dags/example_task_group_decorator.py
[2022-11-21 21:31:57,650] {logging_mixin.py:109} INFO - [2022-11-21 21:31:57,649] {dag.py:2389} INFO - Sync 1 DAGs
[2022-11-21 21:31:57,667] {logging_mixin.py:109} INFO - [2022-11-21 21:31:57,667] {dag.py:2914} INFO - Setting next_dagrun for example_task_group_decorator to 2022-11-20T21:31:57.667572+00:00
[2022-11-21 21:31:57,679] {processor.py:171} INFO - Processing /home/airflow/.local/lib/python3.6/site-packages/airflow/example_dags/example_task_group_decorator.py took 0.306 seconds
[2022-11-21 21:32:27,933] {processor.py:163} INFO - Started process (PID=362) to work on /home/airflow/.local/lib/python3.6/site-packages/airflow/example_dags/example_task_group_decorator.py
[2022-11-21 21:32:27,936] {processor.py:620} INFO - Processing file /home/airflow/.local/lib/python3.6/site-packages/airflow/example_dags/example_task_group_decorator.py for tasks to queue
[2022-11-21 21:32:27,937] {logging_mixin.py:109} INFO - [2022-11-21 21:32:27,937] {dagbag.py:500} INFO - Filling up the DagBag from /home/airflow/.local/lib/python3.6/site-packages/airflow/example_dags/example_task_group_decorator.py
[2022-11-21 21:32:27,984] {processor.py:632} INFO - DAG(s) dict_keys(['example_task_group_decorator']) retrieved from /home/airflow/.local/lib/python3.6/site-packages/airflow/example_dags/example_task_group_decorator.py
[2022-11-21 21:32:28,210] {logging_mixin.py:109} INFO - [2022-11-21 21:32:28,210] {dag.py:2389} INFO - Sync 1 DAGs
[2022-11-21 21:32:28,226] {logging_mixin.py:109} INFO - [2022-11-21 21:32:28,226] {dag.py:2914} INFO - Setting next_dagrun for example_task_group_decorator to 2022-11-20T21:32:28.226258+00:00
[2022-11-21 21:32:28,238] {processor.py:171} INFO - Processing /home/airflow/.local/lib/python3.6/site-packages/airflow/example_dags/example_task_group_decorator.py took 0.309 seconds
[2022-11-21 21:32:58,625] {processor.py:163} INFO - Started process (PID=424) to work on /home/airflow/.local/lib/python3.6/site-packages/airflow/example_dags/example_task_group_decorator.py
[2022-11-21 21:32:58,627] {processor.py:620} INFO - Processing file /home/airflow/.local/lib/python3.6/site-packages/airflow/example_dags/example_task_group_decorator.py for tasks to queue
[2022-11-21 21:32:58,628] {logging_mixin.py:109} INFO - [2022-11-21 21:32:58,628] {dagbag.py:500} INFO - Filling up the DagBag from /home/airflow/.local/lib/python3.6/site-packages/airflow/example_dags/example_task_group_decorator.py
[2022-11-21 21:32:58,673] {processor.py:632} INFO - DAG(s) dict_keys(['example_task_group_decorator']) retrieved from /home/airflow/.local/lib/python3.6/site-packages/airflow/example_dags/example_task_group_decorator.py
[2022-11-21 21:32:58,870] {logging_mixin.py:109} INFO - [2022-11-21 21:32:58,870] {dag.py:2389} INFO - Sync 1 DAGs
[2022-11-21 21:32:58,906] {logging_mixin.py:109} INFO - [2022-11-21 21:32:58,906] {dag.py:2914} INFO - Setting next_dagrun for example_task_group_decorator to 2022-11-20T21:32:58.905770+00:00
[2022-11-21 21:32:58,919] {processor.py:171} INFO - Processing /home/airflow/.local/lib/python3.6/site-packages/airflow/example_dags/example_task_group_decorator.py took 0.297 seconds
[2022-11-21 21:33:29,050] {processor.py:163} INFO - Started process (PID=478) to work on /home/airflow/.local/lib/python3.6/site-packages/airflow/example_dags/example_task_group_decorator.py
[2022-11-21 21:33:29,052] {processor.py:620} INFO - Processing file /home/airflow/.local/lib/python3.6/site-packages/airflow/example_dags/example_task_group_decorator.py for tasks to queue
[2022-11-21 21:33:29,054] {logging_mixin.py:109} INFO - [2022-11-21 21:33:29,054] {dagbag.py:500} INFO - Filling up the DagBag from /home/airflow/.local/lib/python3.6/site-packages/airflow/example_dags/example_task_group_decorator.py
[2022-11-21 21:33:29,113] {processor.py:632} INFO - DAG(s) dict_keys(['example_task_group_decorator']) retrieved from /home/airflow/.local/lib/python3.6/site-packages/airflow/example_dags/example_task_group_decorator.py
[2022-11-21 21:33:29,652] {logging_mixin.py:109} INFO - [2022-11-21 21:33:29,652] {dag.py:2389} INFO - Sync 1 DAGs
[2022-11-21 21:33:29,688] {logging_mixin.py:109} INFO - [2022-11-21 21:33:29,688] {dag.py:2914} INFO - Setting next_dagrun for example_task_group_decorator to 2022-11-20T21:33:29.687688+00:00
[2022-11-21 21:33:29,723] {processor.py:171} INFO - Processing /home/airflow/.local/lib/python3.6/site-packages/airflow/example_dags/example_task_group_decorator.py took 0.676 seconds
