[2022-11-21 21:31:03,442] {processor.py:163} INFO - Started process (PID=45) to work on /home/airflow/.local/lib/python3.6/site-packages/airflow/example_dags/example_trigger_target_dag.py
[2022-11-21 21:31:03,459] {processor.py:620} INFO - Processing file /home/airflow/.local/lib/python3.6/site-packages/airflow/example_dags/example_trigger_target_dag.py for tasks to queue
[2022-11-21 21:31:03,463] {logging_mixin.py:109} INFO - [2022-11-21 21:31:03,462] {dagbag.py:500} INFO - Filling up the DagBag from /home/airflow/.local/lib/python3.6/site-packages/airflow/example_dags/example_trigger_target_dag.py
[2022-11-21 21:31:03,561] {processor.py:632} INFO - DAG(s) dict_keys(['example_trigger_target_dag']) retrieved from /home/airflow/.local/lib/python3.6/site-packages/airflow/example_dags/example_trigger_target_dag.py
[2022-11-21 21:31:09,136] {logging_mixin.py:109} INFO - [2022-11-21 21:31:09,136] {providers_manager.py:156} WARNING - Exception when importing 'airflow.providers.google.leveldb.hooks.leveldb.LevelDBHook' from 'apache-airflow-providers-google' package: No module named 'plyvel'
[2022-11-21 21:31:11,284] {logging_mixin.py:109} INFO - [2022-11-21 21:31:11,284] {providers_manager.py:156} WARNING - Exception when importing 'airflow.providers.google.leveldb.hooks.leveldb.LevelDBHook' from 'apache-airflow-providers-google' package: No module named 'plyvel'
[2022-11-21 21:31:11,321] {logging_mixin.py:109} INFO - [2022-11-21 21:31:11,321] {manager.py:496} INFO - Created Permission View: can edit on DAG:example_trigger_target_dag
[2022-11-21 21:31:11,330] {logging_mixin.py:109} INFO - [2022-11-21 21:31:11,330] {manager.py:496} INFO - Created Permission View: can read on DAG:example_trigger_target_dag
[2022-11-21 21:31:11,333] {logging_mixin.py:109} INFO - [2022-11-21 21:31:11,331] {dag.py:2389} INFO - Sync 1 DAGs
[2022-11-21 21:31:11,347] {logging_mixin.py:109} INFO - [2022-11-21 21:31:11,346] {dag.py:2408} INFO - Creating ORM DAG for example_trigger_target_dag
[2022-11-21 21:31:11,471] {logging_mixin.py:109} INFO - [2022-11-21 21:31:11,471] {dag.py:2914} INFO - Setting next_dagrun for example_trigger_target_dag to None
[2022-11-21 21:31:11,498] {processor.py:171} INFO - Processing /home/airflow/.local/lib/python3.6/site-packages/airflow/example_dags/example_trigger_target_dag.py took 8.068 seconds
[2022-11-21 21:31:56,354] {processor.py:163} INFO - Started process (PID=303) to work on /home/airflow/.local/lib/python3.6/site-packages/airflow/example_dags/example_trigger_target_dag.py
[2022-11-21 21:31:56,357] {processor.py:620} INFO - Processing file /home/airflow/.local/lib/python3.6/site-packages/airflow/example_dags/example_trigger_target_dag.py for tasks to queue
[2022-11-21 21:31:56,359] {logging_mixin.py:109} INFO - [2022-11-21 21:31:56,359] {dagbag.py:500} INFO - Filling up the DagBag from /home/airflow/.local/lib/python3.6/site-packages/airflow/example_dags/example_trigger_target_dag.py
[2022-11-21 21:31:56,401] {processor.py:632} INFO - DAG(s) dict_keys(['example_trigger_target_dag']) retrieved from /home/airflow/.local/lib/python3.6/site-packages/airflow/example_dags/example_trigger_target_dag.py
[2022-11-21 21:31:56,416] {logging_mixin.py:109} INFO - [2022-11-21 21:31:56,416] {dag.py:2389} INFO - Sync 1 DAGs
[2022-11-21 21:31:56,434] {logging_mixin.py:109} INFO - [2022-11-21 21:31:56,434] {dag.py:2914} INFO - Setting next_dagrun for example_trigger_target_dag to None
[2022-11-21 21:31:56,453] {processor.py:171} INFO - Processing /home/airflow/.local/lib/python3.6/site-packages/airflow/example_dags/example_trigger_target_dag.py took 0.103 seconds
[2022-11-21 21:32:27,449] {processor.py:163} INFO - Started process (PID=356) to work on /home/airflow/.local/lib/python3.6/site-packages/airflow/example_dags/example_trigger_target_dag.py
[2022-11-21 21:32:27,451] {processor.py:620} INFO - Processing file /home/airflow/.local/lib/python3.6/site-packages/airflow/example_dags/example_trigger_target_dag.py for tasks to queue
[2022-11-21 21:32:27,453] {logging_mixin.py:109} INFO - [2022-11-21 21:32:27,453] {dagbag.py:500} INFO - Filling up the DagBag from /home/airflow/.local/lib/python3.6/site-packages/airflow/example_dags/example_trigger_target_dag.py
[2022-11-21 21:32:27,484] {processor.py:632} INFO - DAG(s) dict_keys(['example_trigger_target_dag']) retrieved from /home/airflow/.local/lib/python3.6/site-packages/airflow/example_dags/example_trigger_target_dag.py
[2022-11-21 21:32:27,495] {logging_mixin.py:109} INFO - [2022-11-21 21:32:27,495] {dag.py:2389} INFO - Sync 1 DAGs
[2022-11-21 21:32:27,512] {logging_mixin.py:109} INFO - [2022-11-21 21:32:27,511] {dag.py:2914} INFO - Setting next_dagrun for example_trigger_target_dag to None
[2022-11-21 21:32:27,521] {processor.py:171} INFO - Processing /home/airflow/.local/lib/python3.6/site-packages/airflow/example_dags/example_trigger_target_dag.py took 0.075 seconds
[2022-11-21 21:32:57,971] {processor.py:163} INFO - Started process (PID=416) to work on /home/airflow/.local/lib/python3.6/site-packages/airflow/example_dags/example_trigger_target_dag.py
[2022-11-21 21:32:57,984] {processor.py:620} INFO - Processing file /home/airflow/.local/lib/python3.6/site-packages/airflow/example_dags/example_trigger_target_dag.py for tasks to queue
[2022-11-21 21:32:57,988] {logging_mixin.py:109} INFO - [2022-11-21 21:32:57,987] {dagbag.py:500} INFO - Filling up the DagBag from /home/airflow/.local/lib/python3.6/site-packages/airflow/example_dags/example_trigger_target_dag.py
[2022-11-21 21:32:58,044] {processor.py:632} INFO - DAG(s) dict_keys(['example_trigger_target_dag']) retrieved from /home/airflow/.local/lib/python3.6/site-packages/airflow/example_dags/example_trigger_target_dag.py
[2022-11-21 21:32:58,063] {logging_mixin.py:109} INFO - [2022-11-21 21:32:58,063] {dag.py:2389} INFO - Sync 1 DAGs
[2022-11-21 21:32:58,089] {logging_mixin.py:109} INFO - [2022-11-21 21:32:58,089] {dag.py:2914} INFO - Setting next_dagrun for example_trigger_target_dag to None
[2022-11-21 21:32:58,103] {processor.py:171} INFO - Processing /home/airflow/.local/lib/python3.6/site-packages/airflow/example_dags/example_trigger_target_dag.py took 0.163 seconds
[2022-11-21 21:33:28,329] {processor.py:163} INFO - Started process (PID=472) to work on /home/airflow/.local/lib/python3.6/site-packages/airflow/example_dags/example_trigger_target_dag.py
[2022-11-21 21:33:28,331] {processor.py:620} INFO - Processing file /home/airflow/.local/lib/python3.6/site-packages/airflow/example_dags/example_trigger_target_dag.py for tasks to queue
[2022-11-21 21:33:28,333] {logging_mixin.py:109} INFO - [2022-11-21 21:33:28,333] {dagbag.py:500} INFO - Filling up the DagBag from /home/airflow/.local/lib/python3.6/site-packages/airflow/example_dags/example_trigger_target_dag.py
[2022-11-21 21:33:28,388] {processor.py:632} INFO - DAG(s) dict_keys(['example_trigger_target_dag']) retrieved from /home/airflow/.local/lib/python3.6/site-packages/airflow/example_dags/example_trigger_target_dag.py
[2022-11-21 21:33:28,406] {logging_mixin.py:109} INFO - [2022-11-21 21:33:28,406] {dag.py:2389} INFO - Sync 1 DAGs
[2022-11-21 21:33:28,433] {logging_mixin.py:109} INFO - [2022-11-21 21:33:28,433] {dag.py:2914} INFO - Setting next_dagrun for example_trigger_target_dag to None
[2022-11-21 21:33:28,447] {processor.py:171} INFO - Processing /home/airflow/.local/lib/python3.6/site-packages/airflow/example_dags/example_trigger_target_dag.py took 0.127 seconds
