[2022-11-21 21:31:53,664] {processor.py:163} INFO - Started process (PID=287) to work on /home/airflow/.local/lib/python3.6/site-packages/airflow/example_dags/example_task_group.py
[2022-11-21 21:31:53,665] {processor.py:620} INFO - Processing file /home/airflow/.local/lib/python3.6/site-packages/airflow/example_dags/example_task_group.py for tasks to queue
[2022-11-21 21:31:53,667] {logging_mixin.py:109} INFO - [2022-11-21 21:31:53,667] {dagbag.py:500} INFO - Filling up the DagBag from /home/airflow/.local/lib/python3.6/site-packages/airflow/example_dags/example_task_group.py
[2022-11-21 21:31:53,705] {processor.py:632} INFO - DAG(s) dict_keys(['example_task_group']) retrieved from /home/airflow/.local/lib/python3.6/site-packages/airflow/example_dags/example_task_group.py
[2022-11-21 21:31:55,472] {logging_mixin.py:109} INFO - [2022-11-21 21:31:55,472] {providers_manager.py:156} WARNING - Exception when importing 'airflow.providers.google.leveldb.hooks.leveldb.LevelDBHook' from 'apache-airflow-providers-google' package: No module named 'plyvel'
[2022-11-21 21:31:56,068] {logging_mixin.py:109} INFO - [2022-11-21 21:31:56,068] {providers_manager.py:156} WARNING - Exception when importing 'airflow.providers.google.leveldb.hooks.leveldb.LevelDBHook' from 'apache-airflow-providers-google' package: No module named 'plyvel'
[2022-11-21 21:31:56,100] {logging_mixin.py:109} INFO - [2022-11-21 21:31:56,100] {manager.py:496} INFO - Created Permission View: can edit on DAG:example_task_group
[2022-11-21 21:31:56,111] {logging_mixin.py:109} INFO - [2022-11-21 21:31:56,110] {manager.py:496} INFO - Created Permission View: can read on DAG:example_task_group
[2022-11-21 21:31:56,113] {logging_mixin.py:109} INFO - [2022-11-21 21:31:56,112] {dag.py:2389} INFO - Sync 1 DAGs
[2022-11-21 21:31:56,128] {logging_mixin.py:109} INFO - [2022-11-21 21:31:56,126] {dag.py:2408} INFO - Creating ORM DAG for example_task_group
[2022-11-21 21:31:56,135] {logging_mixin.py:109} INFO - [2022-11-21 21:31:56,135] {dag.py:2914} INFO - Setting next_dagrun for example_task_group to 2022-11-20T21:31:56.134858+00:00
[2022-11-21 21:31:56,153] {processor.py:171} INFO - Processing /home/airflow/.local/lib/python3.6/site-packages/airflow/example_dags/example_task_group.py took 2.493 seconds
[2022-11-21 21:32:26,281] {processor.py:163} INFO - Started process (PID=353) to work on /home/airflow/.local/lib/python3.6/site-packages/airflow/example_dags/example_task_group.py
[2022-11-21 21:32:26,283] {processor.py:620} INFO - Processing file /home/airflow/.local/lib/python3.6/site-packages/airflow/example_dags/example_task_group.py for tasks to queue
[2022-11-21 21:32:26,284] {logging_mixin.py:109} INFO - [2022-11-21 21:32:26,284] {dagbag.py:500} INFO - Filling up the DagBag from /home/airflow/.local/lib/python3.6/site-packages/airflow/example_dags/example_task_group.py
[2022-11-21 21:32:26,316] {processor.py:632} INFO - DAG(s) dict_keys(['example_task_group']) retrieved from /home/airflow/.local/lib/python3.6/site-packages/airflow/example_dags/example_task_group.py
[2022-11-21 21:32:26,328] {logging_mixin.py:109} INFO - [2022-11-21 21:32:26,328] {dag.py:2389} INFO - Sync 1 DAGs
[2022-11-21 21:32:26,345] {logging_mixin.py:109} INFO - [2022-11-21 21:32:26,345] {dag.py:2914} INFO - Setting next_dagrun for example_task_group to 2022-11-20T21:32:26.345408+00:00
[2022-11-21 21:32:26,356] {processor.py:171} INFO - Processing /home/airflow/.local/lib/python3.6/site-packages/airflow/example_dags/example_task_group.py took 0.079 seconds
[2022-11-21 21:32:56,786] {processor.py:163} INFO - Started process (PID=406) to work on /home/airflow/.local/lib/python3.6/site-packages/airflow/example_dags/example_task_group.py
[2022-11-21 21:32:56,788] {processor.py:620} INFO - Processing file /home/airflow/.local/lib/python3.6/site-packages/airflow/example_dags/example_task_group.py for tasks to queue
[2022-11-21 21:32:56,790] {logging_mixin.py:109} INFO - [2022-11-21 21:32:56,790] {dagbag.py:500} INFO - Filling up the DagBag from /home/airflow/.local/lib/python3.6/site-packages/airflow/example_dags/example_task_group.py
[2022-11-21 21:32:56,846] {processor.py:632} INFO - DAG(s) dict_keys(['example_task_group']) retrieved from /home/airflow/.local/lib/python3.6/site-packages/airflow/example_dags/example_task_group.py
[2022-11-21 21:32:56,866] {logging_mixin.py:109} INFO - [2022-11-21 21:32:56,865] {dag.py:2389} INFO - Sync 1 DAGs
[2022-11-21 21:32:56,885] {logging_mixin.py:109} INFO - [2022-11-21 21:32:56,885] {dag.py:2914} INFO - Setting next_dagrun for example_task_group to 2022-11-20T21:32:56.885462+00:00
[2022-11-21 21:32:56,897] {processor.py:171} INFO - Processing /home/airflow/.local/lib/python3.6/site-packages/airflow/example_dags/example_task_group.py took 0.115 seconds
[2022-11-21 21:33:27,253] {processor.py:163} INFO - Started process (PID=469) to work on /home/airflow/.local/lib/python3.6/site-packages/airflow/example_dags/example_task_group.py
[2022-11-21 21:33:27,255] {processor.py:620} INFO - Processing file /home/airflow/.local/lib/python3.6/site-packages/airflow/example_dags/example_task_group.py for tasks to queue
[2022-11-21 21:33:27,257] {logging_mixin.py:109} INFO - [2022-11-21 21:33:27,257] {dagbag.py:500} INFO - Filling up the DagBag from /home/airflow/.local/lib/python3.6/site-packages/airflow/example_dags/example_task_group.py
[2022-11-21 21:33:27,294] {processor.py:632} INFO - DAG(s) dict_keys(['example_task_group']) retrieved from /home/airflow/.local/lib/python3.6/site-packages/airflow/example_dags/example_task_group.py
[2022-11-21 21:33:27,310] {logging_mixin.py:109} INFO - [2022-11-21 21:33:27,310] {dag.py:2389} INFO - Sync 1 DAGs
[2022-11-21 21:33:27,329] {logging_mixin.py:109} INFO - [2022-11-21 21:33:27,329] {dag.py:2914} INFO - Setting next_dagrun for example_task_group to 2022-11-20T21:33:27.328919+00:00
[2022-11-21 21:33:27,340] {processor.py:171} INFO - Processing /home/airflow/.local/lib/python3.6/site-packages/airflow/example_dags/example_task_group.py took 0.091 seconds
