[2022-11-21 21:31:37,085] {processor.py:163} INFO - Started process (PID=176) to work on /home/airflow/.local/lib/python3.6/site-packages/airflow/example_dags/example_subdag_operator.py
[2022-11-21 21:31:37,086] {processor.py:620} INFO - Processing file /home/airflow/.local/lib/python3.6/site-packages/airflow/example_dags/example_subdag_operator.py for tasks to queue
[2022-11-21 21:31:37,088] {logging_mixin.py:109} INFO - [2022-11-21 21:31:37,088] {dagbag.py:500} INFO - Filling up the DagBag from /home/airflow/.local/lib/python3.6/site-packages/airflow/example_dags/example_subdag_operator.py
[2022-11-21 21:31:37,137] {processor.py:632} INFO - DAG(s) dict_keys(['example_subdag_operator.section-1', 'example_subdag_operator.section-2', 'example_subdag_operator']) retrieved from /home/airflow/.local/lib/python3.6/site-packages/airflow/example_dags/example_subdag_operator.py
[2022-11-21 21:31:38,933] {logging_mixin.py:109} INFO - [2022-11-21 21:31:38,933] {providers_manager.py:156} WARNING - Exception when importing 'airflow.providers.google.leveldb.hooks.leveldb.LevelDBHook' from 'apache-airflow-providers-google' package: No module named 'plyvel'
[2022-11-21 21:31:39,317] {logging_mixin.py:109} INFO - [2022-11-21 21:31:39,317] {providers_manager.py:156} WARNING - Exception when importing 'airflow.providers.google.leveldb.hooks.leveldb.LevelDBHook' from 'apache-airflow-providers-google' package: No module named 'plyvel'
[2022-11-21 21:31:39,339] {logging_mixin.py:109} INFO - [2022-11-21 21:31:39,339] {manager.py:496} INFO - Created Permission View: can edit on DAG:example_subdag_operator
[2022-11-21 21:31:39,347] {logging_mixin.py:109} INFO - [2022-11-21 21:31:39,347] {manager.py:496} INFO - Created Permission View: can read on DAG:example_subdag_operator
[2022-11-21 21:31:39,350] {logging_mixin.py:109} INFO - [2022-11-21 21:31:39,348] {dag.py:2389} INFO - Sync 3 DAGs
[2022-11-21 21:31:39,360] {logging_mixin.py:109} INFO - [2022-11-21 21:31:39,359] {dag.py:2408} INFO - Creating ORM DAG for example_subdag_operator
[2022-11-21 21:31:39,361] {logging_mixin.py:109} INFO - [2022-11-21 21:31:39,361] {dag.py:2408} INFO - Creating ORM DAG for example_subdag_operator.section-1
[2022-11-21 21:31:39,362] {logging_mixin.py:109} INFO - [2022-11-21 21:31:39,362] {dag.py:2408} INFO - Creating ORM DAG for example_subdag_operator.section-2
[2022-11-21 21:31:39,369] {logging_mixin.py:109} INFO - [2022-11-21 21:31:39,369] {dag.py:2914} INFO - Setting next_dagrun for example_subdag_operator to 2022-11-19T00:00:00+00:00
[2022-11-21 21:31:39,370] {logging_mixin.py:109} INFO - [2022-11-21 21:31:39,370] {dag.py:2914} INFO - Setting next_dagrun for example_subdag_operator.section-1 to None
[2022-11-21 21:31:39,371] {logging_mixin.py:109} INFO - [2022-11-21 21:31:39,371] {dag.py:2914} INFO - Setting next_dagrun for example_subdag_operator.section-2 to None
[2022-11-21 21:31:39,378] {logging_mixin.py:109} INFO - [2022-11-21 21:31:39,378] {dag.py:2389} INFO - Sync 2 DAGs
[2022-11-21 21:31:39,386] {logging_mixin.py:109} INFO - [2022-11-21 21:31:39,386] {dag.py:2914} INFO - Setting next_dagrun for example_subdag_operator.section-1 to None
[2022-11-21 21:31:39,387] {logging_mixin.py:109} INFO - [2022-11-21 21:31:39,387] {dag.py:2914} INFO - Setting next_dagrun for example_subdag_operator.section-2 to None
[2022-11-21 21:31:39,394] {processor.py:171} INFO - Processing /home/airflow/.local/lib/python3.6/site-packages/airflow/example_dags/example_subdag_operator.py took 2.313 seconds
[2022-11-21 21:32:09,545] {processor.py:163} INFO - Started process (PID=330) to work on /home/airflow/.local/lib/python3.6/site-packages/airflow/example_dags/example_subdag_operator.py
[2022-11-21 21:32:09,547] {processor.py:620} INFO - Processing file /home/airflow/.local/lib/python3.6/site-packages/airflow/example_dags/example_subdag_operator.py for tasks to queue
[2022-11-21 21:32:09,548] {logging_mixin.py:109} INFO - [2022-11-21 21:32:09,548] {dagbag.py:500} INFO - Filling up the DagBag from /home/airflow/.local/lib/python3.6/site-packages/airflow/example_dags/example_subdag_operator.py
[2022-11-21 21:32:09,591] {processor.py:632} INFO - DAG(s) dict_keys(['example_subdag_operator.section-1', 'example_subdag_operator.section-2', 'example_subdag_operator']) retrieved from /home/airflow/.local/lib/python3.6/site-packages/airflow/example_dags/example_subdag_operator.py
[2022-11-21 21:32:09,606] {logging_mixin.py:109} INFO - [2022-11-21 21:32:09,606] {dag.py:2389} INFO - Sync 3 DAGs
[2022-11-21 21:32:09,623] {logging_mixin.py:109} INFO - [2022-11-21 21:32:09,623] {dag.py:2914} INFO - Setting next_dagrun for example_subdag_operator to 2022-11-19T00:00:00+00:00
[2022-11-21 21:32:09,624] {logging_mixin.py:109} INFO - [2022-11-21 21:32:09,624] {dag.py:2914} INFO - Setting next_dagrun for example_subdag_operator.section-1 to None
[2022-11-21 21:32:09,625] {logging_mixin.py:109} INFO - [2022-11-21 21:32:09,625] {dag.py:2914} INFO - Setting next_dagrun for example_subdag_operator.section-2 to None
[2022-11-21 21:32:09,630] {logging_mixin.py:109} INFO - [2022-11-21 21:32:09,630] {dag.py:2389} INFO - Sync 2 DAGs
[2022-11-21 21:32:09,638] {logging_mixin.py:109} INFO - [2022-11-21 21:32:09,637] {dag.py:2914} INFO - Setting next_dagrun for example_subdag_operator.section-1 to None
[2022-11-21 21:32:09,638] {logging_mixin.py:109} INFO - [2022-11-21 21:32:09,638] {dag.py:2914} INFO - Setting next_dagrun for example_subdag_operator.section-2 to None
[2022-11-21 21:32:09,645] {processor.py:171} INFO - Processing /home/airflow/.local/lib/python3.6/site-packages/airflow/example_dags/example_subdag_operator.py took 0.104 seconds
[2022-11-21 21:32:40,009] {processor.py:163} INFO - Started process (PID=383) to work on /home/airflow/.local/lib/python3.6/site-packages/airflow/example_dags/example_subdag_operator.py
[2022-11-21 21:32:40,011] {processor.py:620} INFO - Processing file /home/airflow/.local/lib/python3.6/site-packages/airflow/example_dags/example_subdag_operator.py for tasks to queue
[2022-11-21 21:32:40,012] {logging_mixin.py:109} INFO - [2022-11-21 21:32:40,012] {dagbag.py:500} INFO - Filling up the DagBag from /home/airflow/.local/lib/python3.6/site-packages/airflow/example_dags/example_subdag_operator.py
[2022-11-21 21:32:40,049] {processor.py:632} INFO - DAG(s) dict_keys(['example_subdag_operator.section-1', 'example_subdag_operator.section-2', 'example_subdag_operator']) retrieved from /home/airflow/.local/lib/python3.6/site-packages/airflow/example_dags/example_subdag_operator.py
[2022-11-21 21:32:40,060] {logging_mixin.py:109} INFO - [2022-11-21 21:32:40,060] {dag.py:2389} INFO - Sync 3 DAGs
[2022-11-21 21:32:40,077] {logging_mixin.py:109} INFO - [2022-11-21 21:32:40,077] {dag.py:2914} INFO - Setting next_dagrun for example_subdag_operator to 2022-11-19T00:00:00+00:00
[2022-11-21 21:32:40,078] {logging_mixin.py:109} INFO - [2022-11-21 21:32:40,078] {dag.py:2914} INFO - Setting next_dagrun for example_subdag_operator.section-1 to None
[2022-11-21 21:32:40,079] {logging_mixin.py:109} INFO - [2022-11-21 21:32:40,079] {dag.py:2914} INFO - Setting next_dagrun for example_subdag_operator.section-2 to None
[2022-11-21 21:32:40,085] {logging_mixin.py:109} INFO - [2022-11-21 21:32:40,085] {dag.py:2389} INFO - Sync 2 DAGs
[2022-11-21 21:32:40,092] {logging_mixin.py:109} INFO - [2022-11-21 21:32:40,092] {dag.py:2914} INFO - Setting next_dagrun for example_subdag_operator.section-1 to None
[2022-11-21 21:32:40,093] {logging_mixin.py:109} INFO - [2022-11-21 21:32:40,093] {dag.py:2914} INFO - Setting next_dagrun for example_subdag_operator.section-2 to None
[2022-11-21 21:32:40,101] {processor.py:171} INFO - Processing /home/airflow/.local/lib/python3.6/site-packages/airflow/example_dags/example_subdag_operator.py took 0.095 seconds
[2022-11-21 21:33:10,599] {processor.py:163} INFO - Started process (PID=436) to work on /home/airflow/.local/lib/python3.6/site-packages/airflow/example_dags/example_subdag_operator.py
[2022-11-21 21:33:10,602] {processor.py:620} INFO - Processing file /home/airflow/.local/lib/python3.6/site-packages/airflow/example_dags/example_subdag_operator.py for tasks to queue
[2022-11-21 21:33:10,603] {logging_mixin.py:109} INFO - [2022-11-21 21:33:10,603] {dagbag.py:500} INFO - Filling up the DagBag from /home/airflow/.local/lib/python3.6/site-packages/airflow/example_dags/example_subdag_operator.py
[2022-11-21 21:33:10,649] {processor.py:632} INFO - DAG(s) dict_keys(['example_subdag_operator.section-1', 'example_subdag_operator.section-2', 'example_subdag_operator']) retrieved from /home/airflow/.local/lib/python3.6/site-packages/airflow/example_dags/example_subdag_operator.py
[2022-11-21 21:33:10,665] {logging_mixin.py:109} INFO - [2022-11-21 21:33:10,665] {dag.py:2389} INFO - Sync 3 DAGs
[2022-11-21 21:33:10,684] {logging_mixin.py:109} INFO - [2022-11-21 21:33:10,683] {dag.py:2914} INFO - Setting next_dagrun for example_subdag_operator to 2022-11-19T00:00:00+00:00
[2022-11-21 21:33:10,685] {logging_mixin.py:109} INFO - [2022-11-21 21:33:10,685] {dag.py:2914} INFO - Setting next_dagrun for example_subdag_operator.section-1 to None
[2022-11-21 21:33:10,686] {logging_mixin.py:109} INFO - [2022-11-21 21:33:10,686] {dag.py:2914} INFO - Setting next_dagrun for example_subdag_operator.section-2 to None
[2022-11-21 21:33:10,693] {logging_mixin.py:109} INFO - [2022-11-21 21:33:10,693] {dag.py:2389} INFO - Sync 2 DAGs
[2022-11-21 21:33:10,702] {logging_mixin.py:109} INFO - [2022-11-21 21:33:10,702] {dag.py:2914} INFO - Setting next_dagrun for example_subdag_operator.section-1 to None
[2022-11-21 21:33:10,703] {logging_mixin.py:109} INFO - [2022-11-21 21:33:10,703] {dag.py:2914} INFO - Setting next_dagrun for example_subdag_operator.section-2 to None
[2022-11-21 21:33:10,713] {processor.py:171} INFO - Processing /home/airflow/.local/lib/python3.6/site-packages/airflow/example_dags/example_subdag_operator.py took 0.119 seconds
