[2022-11-21 21:31:37,155] {processor.py:163} INFO - Started process (PID=177) to work on /home/airflow/.local/lib/python3.6/site-packages/airflow/example_dags/tutorial.py
[2022-11-21 21:31:37,157] {processor.py:620} INFO - Processing file /home/airflow/.local/lib/python3.6/site-packages/airflow/example_dags/tutorial.py for tasks to queue
[2022-11-21 21:31:37,158] {logging_mixin.py:109} INFO - [2022-11-21 21:31:37,158] {dagbag.py:500} INFO - Filling up the DagBag from /home/airflow/.local/lib/python3.6/site-packages/airflow/example_dags/tutorial.py
[2022-11-21 21:31:37,197] {processor.py:632} INFO - DAG(s) dict_keys(['tutorial']) retrieved from /home/airflow/.local/lib/python3.6/site-packages/airflow/example_dags/tutorial.py
[2022-11-21 21:31:38,993] {logging_mixin.py:109} INFO - [2022-11-21 21:31:38,993] {providers_manager.py:156} WARNING - Exception when importing 'airflow.providers.google.leveldb.hooks.leveldb.LevelDBHook' from 'apache-airflow-providers-google' package: No module named 'plyvel'
[2022-11-21 21:31:39,387] {logging_mixin.py:109} INFO - [2022-11-21 21:31:39,387] {providers_manager.py:156} WARNING - Exception when importing 'airflow.providers.google.leveldb.hooks.leveldb.LevelDBHook' from 'apache-airflow-providers-google' package: No module named 'plyvel'
[2022-11-21 21:31:39,415] {logging_mixin.py:109} INFO - [2022-11-21 21:31:39,415] {manager.py:496} INFO - Created Permission View: can edit on DAG:tutorial
[2022-11-21 21:31:39,426] {logging_mixin.py:109} INFO - [2022-11-21 21:31:39,426] {manager.py:496} INFO - Created Permission View: can read on DAG:tutorial
[2022-11-21 21:31:39,428] {logging_mixin.py:109} INFO - [2022-11-21 21:31:39,426] {dag.py:2389} INFO - Sync 1 DAGs
[2022-11-21 21:31:39,439] {logging_mixin.py:109} INFO - [2022-11-21 21:31:39,437] {dag.py:2408} INFO - Creating ORM DAG for tutorial
[2022-11-21 21:31:39,444] {logging_mixin.py:109} INFO - [2022-11-21 21:31:39,444] {dag.py:2914} INFO - Setting next_dagrun for tutorial to 2022-11-20T21:31:39.444490+00:00
[2022-11-21 21:31:39,455] {processor.py:171} INFO - Processing /home/airflow/.local/lib/python3.6/site-packages/airflow/example_dags/tutorial.py took 2.304 seconds
[2022-11-21 21:32:09,547] {processor.py:163} INFO - Started process (PID=331) to work on /home/airflow/.local/lib/python3.6/site-packages/airflow/example_dags/tutorial.py
[2022-11-21 21:32:09,549] {processor.py:620} INFO - Processing file /home/airflow/.local/lib/python3.6/site-packages/airflow/example_dags/tutorial.py for tasks to queue
[2022-11-21 21:32:09,551] {logging_mixin.py:109} INFO - [2022-11-21 21:32:09,551] {dagbag.py:500} INFO - Filling up the DagBag from /home/airflow/.local/lib/python3.6/site-packages/airflow/example_dags/tutorial.py
[2022-11-21 21:32:09,588] {processor.py:632} INFO - DAG(s) dict_keys(['tutorial']) retrieved from /home/airflow/.local/lib/python3.6/site-packages/airflow/example_dags/tutorial.py
[2022-11-21 21:32:09,602] {logging_mixin.py:109} INFO - [2022-11-21 21:32:09,602] {dag.py:2389} INFO - Sync 1 DAGs
[2022-11-21 21:32:09,618] {logging_mixin.py:109} INFO - [2022-11-21 21:32:09,618] {dag.py:2914} INFO - Setting next_dagrun for tutorial to 2022-11-20T21:32:09.618540+00:00
[2022-11-21 21:32:09,629] {processor.py:171} INFO - Processing /home/airflow/.local/lib/python3.6/site-packages/airflow/example_dags/tutorial.py took 0.085 seconds
[2022-11-21 21:32:40,013] {processor.py:163} INFO - Started process (PID=384) to work on /home/airflow/.local/lib/python3.6/site-packages/airflow/example_dags/tutorial.py
[2022-11-21 21:32:40,015] {processor.py:620} INFO - Processing file /home/airflow/.local/lib/python3.6/site-packages/airflow/example_dags/tutorial.py for tasks to queue
[2022-11-21 21:32:40,017] {logging_mixin.py:109} INFO - [2022-11-21 21:32:40,016] {dagbag.py:500} INFO - Filling up the DagBag from /home/airflow/.local/lib/python3.6/site-packages/airflow/example_dags/tutorial.py
[2022-11-21 21:32:40,047] {processor.py:632} INFO - DAG(s) dict_keys(['tutorial']) retrieved from /home/airflow/.local/lib/python3.6/site-packages/airflow/example_dags/tutorial.py
[2022-11-21 21:32:40,060] {logging_mixin.py:109} INFO - [2022-11-21 21:32:40,060] {dag.py:2389} INFO - Sync 1 DAGs
[2022-11-21 21:32:40,075] {logging_mixin.py:109} INFO - [2022-11-21 21:32:40,075] {dag.py:2914} INFO - Setting next_dagrun for tutorial to 2022-11-20T21:32:40.075088+00:00
[2022-11-21 21:32:40,087] {processor.py:171} INFO - Processing /home/airflow/.local/lib/python3.6/site-packages/airflow/example_dags/tutorial.py took 0.076 seconds
[2022-11-21 21:33:10,605] {processor.py:163} INFO - Started process (PID=437) to work on /home/airflow/.local/lib/python3.6/site-packages/airflow/example_dags/tutorial.py
[2022-11-21 21:33:10,607] {processor.py:620} INFO - Processing file /home/airflow/.local/lib/python3.6/site-packages/airflow/example_dags/tutorial.py for tasks to queue
[2022-11-21 21:33:10,609] {logging_mixin.py:109} INFO - [2022-11-21 21:33:10,609] {dagbag.py:500} INFO - Filling up the DagBag from /home/airflow/.local/lib/python3.6/site-packages/airflow/example_dags/tutorial.py
[2022-11-21 21:33:10,647] {processor.py:632} INFO - DAG(s) dict_keys(['tutorial']) retrieved from /home/airflow/.local/lib/python3.6/site-packages/airflow/example_dags/tutorial.py
[2022-11-21 21:33:10,670] {logging_mixin.py:109} INFO - [2022-11-21 21:33:10,670] {dag.py:2389} INFO - Sync 1 DAGs
[2022-11-21 21:33:10,688] {logging_mixin.py:109} INFO - [2022-11-21 21:33:10,688] {dag.py:2914} INFO - Setting next_dagrun for tutorial to 2022-11-20T21:33:10.687455+00:00
[2022-11-21 21:33:10,699] {processor.py:171} INFO - Processing /home/airflow/.local/lib/python3.6/site-packages/airflow/example_dags/tutorial.py took 0.099 seconds
