[2022-11-21 21:31:41,879] {processor.py:163} INFO - Started process (PID=214) to work on /home/airflow/.local/lib/python3.6/site-packages/airflow/example_dags/tutorial_etl_dag.py
[2022-11-21 21:31:41,881] {processor.py:620} INFO - Processing file /home/airflow/.local/lib/python3.6/site-packages/airflow/example_dags/tutorial_etl_dag.py for tasks to queue
[2022-11-21 21:31:41,883] {logging_mixin.py:109} INFO - [2022-11-21 21:31:41,883] {dagbag.py:500} INFO - Filling up the DagBag from /home/airflow/.local/lib/python3.6/site-packages/airflow/example_dags/tutorial_etl_dag.py
[2022-11-21 21:31:41,917] {processor.py:632} INFO - DAG(s) dict_keys(['tutorial_etl_dag']) retrieved from /home/airflow/.local/lib/python3.6/site-packages/airflow/example_dags/tutorial_etl_dag.py
[2022-11-21 21:31:43,596] {logging_mixin.py:109} INFO - [2022-11-21 21:31:43,596] {providers_manager.py:156} WARNING - Exception when importing 'airflow.providers.google.leveldb.hooks.leveldb.LevelDBHook' from 'apache-airflow-providers-google' package: No module named 'plyvel'
[2022-11-21 21:31:44,323] {logging_mixin.py:109} INFO - [2022-11-21 21:31:44,323] {providers_manager.py:156} WARNING - Exception when importing 'airflow.providers.google.leveldb.hooks.leveldb.LevelDBHook' from 'apache-airflow-providers-google' package: No module named 'plyvel'
[2022-11-21 21:31:44,371] {logging_mixin.py:109} INFO - [2022-11-21 21:31:44,371] {manager.py:496} INFO - Created Permission View: can edit on DAG:tutorial_etl_dag
[2022-11-21 21:31:44,393] {logging_mixin.py:109} INFO - [2022-11-21 21:31:44,392] {manager.py:496} INFO - Created Permission View: can read on DAG:tutorial_etl_dag
[2022-11-21 21:31:44,398] {logging_mixin.py:109} INFO - [2022-11-21 21:31:44,395] {dag.py:2389} INFO - Sync 1 DAGs
[2022-11-21 21:31:44,436] {logging_mixin.py:109} INFO - [2022-11-21 21:31:44,434] {dag.py:2408} INFO - Creating ORM DAG for tutorial_etl_dag
[2022-11-21 21:31:44,457] {logging_mixin.py:109} INFO - [2022-11-21 21:31:44,457] {dag.py:2914} INFO - Setting next_dagrun for tutorial_etl_dag to None
[2022-11-21 21:31:44,492] {processor.py:171} INFO - Processing /home/airflow/.local/lib/python3.6/site-packages/airflow/example_dags/tutorial_etl_dag.py took 2.618 seconds
[2022-11-21 21:32:14,764] {processor.py:163} INFO - Started process (PID=334) to work on /home/airflow/.local/lib/python3.6/site-packages/airflow/example_dags/tutorial_etl_dag.py
[2022-11-21 21:32:14,766] {processor.py:620} INFO - Processing file /home/airflow/.local/lib/python3.6/site-packages/airflow/example_dags/tutorial_etl_dag.py for tasks to queue
[2022-11-21 21:32:14,767] {logging_mixin.py:109} INFO - [2022-11-21 21:32:14,767] {dagbag.py:500} INFO - Filling up the DagBag from /home/airflow/.local/lib/python3.6/site-packages/airflow/example_dags/tutorial_etl_dag.py
[2022-11-21 21:32:14,798] {processor.py:632} INFO - DAG(s) dict_keys(['tutorial_etl_dag']) retrieved from /home/airflow/.local/lib/python3.6/site-packages/airflow/example_dags/tutorial_etl_dag.py
[2022-11-21 21:32:14,810] {logging_mixin.py:109} INFO - [2022-11-21 21:32:14,810] {dag.py:2389} INFO - Sync 1 DAGs
[2022-11-21 21:32:14,828] {logging_mixin.py:109} INFO - [2022-11-21 21:32:14,828] {dag.py:2914} INFO - Setting next_dagrun for tutorial_etl_dag to None
[2022-11-21 21:32:14,837] {processor.py:171} INFO - Processing /home/airflow/.local/lib/python3.6/site-packages/airflow/example_dags/tutorial_etl_dag.py took 0.078 seconds
[2022-11-21 21:32:45,342] {processor.py:163} INFO - Started process (PID=397) to work on /home/airflow/.local/lib/python3.6/site-packages/airflow/example_dags/tutorial_etl_dag.py
[2022-11-21 21:32:45,345] {processor.py:620} INFO - Processing file /home/airflow/.local/lib/python3.6/site-packages/airflow/example_dags/tutorial_etl_dag.py for tasks to queue
[2022-11-21 21:32:45,417] {logging_mixin.py:109} INFO - [2022-11-21 21:32:45,416] {dagbag.py:500} INFO - Filling up the DagBag from /home/airflow/.local/lib/python3.6/site-packages/airflow/example_dags/tutorial_etl_dag.py
[2022-11-21 21:32:45,656] {processor.py:632} INFO - DAG(s) dict_keys(['tutorial_etl_dag']) retrieved from /home/airflow/.local/lib/python3.6/site-packages/airflow/example_dags/tutorial_etl_dag.py
[2022-11-21 21:32:45,681] {logging_mixin.py:109} INFO - [2022-11-21 21:32:45,681] {dag.py:2389} INFO - Sync 1 DAGs
[2022-11-21 21:32:45,717] {logging_mixin.py:109} INFO - [2022-11-21 21:32:45,717] {dag.py:2914} INFO - Setting next_dagrun for tutorial_etl_dag to None
[2022-11-21 21:32:45,735] {processor.py:171} INFO - Processing /home/airflow/.local/lib/python3.6/site-packages/airflow/example_dags/tutorial_etl_dag.py took 0.403 seconds
[2022-11-21 21:33:15,839] {processor.py:163} INFO - Started process (PID=450) to work on /home/airflow/.local/lib/python3.6/site-packages/airflow/example_dags/tutorial_etl_dag.py
[2022-11-21 21:33:15,841] {processor.py:620} INFO - Processing file /home/airflow/.local/lib/python3.6/site-packages/airflow/example_dags/tutorial_etl_dag.py for tasks to queue
[2022-11-21 21:33:15,842] {logging_mixin.py:109} INFO - [2022-11-21 21:33:15,842] {dagbag.py:500} INFO - Filling up the DagBag from /home/airflow/.local/lib/python3.6/site-packages/airflow/example_dags/tutorial_etl_dag.py
[2022-11-21 21:33:15,870] {processor.py:632} INFO - DAG(s) dict_keys(['tutorial_etl_dag']) retrieved from /home/airflow/.local/lib/python3.6/site-packages/airflow/example_dags/tutorial_etl_dag.py
[2022-11-21 21:33:15,881] {logging_mixin.py:109} INFO - [2022-11-21 21:33:15,881] {dag.py:2389} INFO - Sync 1 DAGs
[2022-11-21 21:33:15,897] {logging_mixin.py:109} INFO - [2022-11-21 21:33:15,897] {dag.py:2914} INFO - Setting next_dagrun for tutorial_etl_dag to None
[2022-11-21 21:33:15,907] {processor.py:171} INFO - Processing /home/airflow/.local/lib/python3.6/site-packages/airflow/example_dags/tutorial_etl_dag.py took 0.072 seconds
