[2022-11-21 21:31:50,249] {processor.py:163} INFO - Started process (PID=257) to work on /home/airflow/.local/lib/python3.6/site-packages/airflow/example_dags/tutorial_taskflow_api_etl_virtualenv.py
[2022-11-21 21:31:50,254] {processor.py:620} INFO - Processing file /home/airflow/.local/lib/python3.6/site-packages/airflow/example_dags/tutorial_taskflow_api_etl_virtualenv.py for tasks to queue
[2022-11-21 21:31:50,256] {logging_mixin.py:109} INFO - [2022-11-21 21:31:50,256] {dagbag.py:500} INFO - Filling up the DagBag from /home/airflow/.local/lib/python3.6/site-packages/airflow/example_dags/tutorial_taskflow_api_etl_virtualenv.py
[2022-11-21 21:31:50,302] {processor.py:632} INFO - DAG(s) dict_keys(['tutorial_taskflow_api_etl_virtualenv']) retrieved from /home/airflow/.local/lib/python3.6/site-packages/airflow/example_dags/tutorial_taskflow_api_etl_virtualenv.py
[2022-11-21 21:31:52,256] {logging_mixin.py:109} INFO - [2022-11-21 21:31:52,256] {providers_manager.py:156} WARNING - Exception when importing 'airflow.providers.google.leveldb.hooks.leveldb.LevelDBHook' from 'apache-airflow-providers-google' package: No module named 'plyvel'
[2022-11-21 21:31:52,562] {logging_mixin.py:109} INFO - [2022-11-21 21:31:52,562] {providers_manager.py:156} WARNING - Exception when importing 'airflow.providers.google.leveldb.hooks.leveldb.LevelDBHook' from 'apache-airflow-providers-google' package: No module named 'plyvel'
[2022-11-21 21:31:52,580] {logging_mixin.py:109} INFO - [2022-11-21 21:31:52,580] {manager.py:496} INFO - Created Permission View: can edit on DAG:tutorial_taskflow_api_etl_virtualenv
[2022-11-21 21:31:52,589] {logging_mixin.py:109} INFO - [2022-11-21 21:31:52,589] {manager.py:496} INFO - Created Permission View: can read on DAG:tutorial_taskflow_api_etl_virtualenv
[2022-11-21 21:31:52,591] {logging_mixin.py:109} INFO - [2022-11-21 21:31:52,589] {dag.py:2389} INFO - Sync 1 DAGs
[2022-11-21 21:31:52,601] {logging_mixin.py:109} INFO - [2022-11-21 21:31:52,600] {dag.py:2408} INFO - Creating ORM DAG for tutorial_taskflow_api_etl_virtualenv
[2022-11-21 21:31:52,607] {logging_mixin.py:109} INFO - [2022-11-21 21:31:52,607] {dag.py:2914} INFO - Setting next_dagrun for tutorial_taskflow_api_etl_virtualenv to None
[2022-11-21 21:31:52,618] {processor.py:171} INFO - Processing /home/airflow/.local/lib/python3.6/site-packages/airflow/example_dags/tutorial_taskflow_api_etl_virtualenv.py took 2.380 seconds
[2022-11-21 21:32:23,053] {processor.py:163} INFO - Started process (PID=351) to work on /home/airflow/.local/lib/python3.6/site-packages/airflow/example_dags/tutorial_taskflow_api_etl_virtualenv.py
[2022-11-21 21:32:23,055] {processor.py:620} INFO - Processing file /home/airflow/.local/lib/python3.6/site-packages/airflow/example_dags/tutorial_taskflow_api_etl_virtualenv.py for tasks to queue
[2022-11-21 21:32:23,056] {logging_mixin.py:109} INFO - [2022-11-21 21:32:23,056] {dagbag.py:500} INFO - Filling up the DagBag from /home/airflow/.local/lib/python3.6/site-packages/airflow/example_dags/tutorial_taskflow_api_etl_virtualenv.py
[2022-11-21 21:32:23,092] {processor.py:632} INFO - DAG(s) dict_keys(['tutorial_taskflow_api_etl_virtualenv']) retrieved from /home/airflow/.local/lib/python3.6/site-packages/airflow/example_dags/tutorial_taskflow_api_etl_virtualenv.py
[2022-11-21 21:32:23,307] {logging_mixin.py:109} INFO - [2022-11-21 21:32:23,307] {dag.py:2389} INFO - Sync 1 DAGs
[2022-11-21 21:32:23,322] {logging_mixin.py:109} INFO - [2022-11-21 21:32:23,322] {dag.py:2914} INFO - Setting next_dagrun for tutorial_taskflow_api_etl_virtualenv to None
[2022-11-21 21:32:23,332] {processor.py:171} INFO - Processing /home/airflow/.local/lib/python3.6/site-packages/airflow/example_dags/tutorial_taskflow_api_etl_virtualenv.py took 0.284 seconds
[2022-11-21 21:32:53,665] {processor.py:163} INFO - Started process (PID=404) to work on /home/airflow/.local/lib/python3.6/site-packages/airflow/example_dags/tutorial_taskflow_api_etl_virtualenv.py
[2022-11-21 21:32:53,667] {processor.py:620} INFO - Processing file /home/airflow/.local/lib/python3.6/site-packages/airflow/example_dags/tutorial_taskflow_api_etl_virtualenv.py for tasks to queue
[2022-11-21 21:32:53,669] {logging_mixin.py:109} INFO - [2022-11-21 21:32:53,669] {dagbag.py:500} INFO - Filling up the DagBag from /home/airflow/.local/lib/python3.6/site-packages/airflow/example_dags/tutorial_taskflow_api_etl_virtualenv.py
[2022-11-21 21:32:53,706] {processor.py:632} INFO - DAG(s) dict_keys(['tutorial_taskflow_api_etl_virtualenv']) retrieved from /home/airflow/.local/lib/python3.6/site-packages/airflow/example_dags/tutorial_taskflow_api_etl_virtualenv.py
[2022-11-21 21:32:53,910] {logging_mixin.py:109} INFO - [2022-11-21 21:32:53,910] {dag.py:2389} INFO - Sync 1 DAGs
[2022-11-21 21:32:53,924] {logging_mixin.py:109} INFO - [2022-11-21 21:32:53,924] {dag.py:2914} INFO - Setting next_dagrun for tutorial_taskflow_api_etl_virtualenv to None
[2022-11-21 21:32:53,935] {processor.py:171} INFO - Processing /home/airflow/.local/lib/python3.6/site-packages/airflow/example_dags/tutorial_taskflow_api_etl_virtualenv.py took 0.274 seconds
[2022-11-21 21:33:24,086] {processor.py:163} INFO - Started process (PID=467) to work on /home/airflow/.local/lib/python3.6/site-packages/airflow/example_dags/tutorial_taskflow_api_etl_virtualenv.py
[2022-11-21 21:33:24,089] {processor.py:620} INFO - Processing file /home/airflow/.local/lib/python3.6/site-packages/airflow/example_dags/tutorial_taskflow_api_etl_virtualenv.py for tasks to queue
[2022-11-21 21:33:24,091] {logging_mixin.py:109} INFO - [2022-11-21 21:33:24,091] {dagbag.py:500} INFO - Filling up the DagBag from /home/airflow/.local/lib/python3.6/site-packages/airflow/example_dags/tutorial_taskflow_api_etl_virtualenv.py
[2022-11-21 21:33:24,149] {processor.py:632} INFO - DAG(s) dict_keys(['tutorial_taskflow_api_etl_virtualenv']) retrieved from /home/airflow/.local/lib/python3.6/site-packages/airflow/example_dags/tutorial_taskflow_api_etl_virtualenv.py
[2022-11-21 21:33:24,387] {logging_mixin.py:109} INFO - [2022-11-21 21:33:24,387] {dag.py:2389} INFO - Sync 1 DAGs
[2022-11-21 21:33:24,404] {logging_mixin.py:109} INFO - [2022-11-21 21:33:24,404] {dag.py:2914} INFO - Setting next_dagrun for tutorial_taskflow_api_etl_virtualenv to None
[2022-11-21 21:33:24,416] {processor.py:171} INFO - Processing /home/airflow/.local/lib/python3.6/site-packages/airflow/example_dags/tutorial_taskflow_api_etl_virtualenv.py took 0.336 seconds
