[2022-11-21 21:31:15,468] {processor.py:163} INFO - Started process (PID=83) to work on /home/airflow/.local/lib/python3.6/site-packages/airflow/example_dags/tutorial_taskflow_api_etl.py
[2022-11-21 21:31:15,471] {processor.py:620} INFO - Processing file /home/airflow/.local/lib/python3.6/site-packages/airflow/example_dags/tutorial_taskflow_api_etl.py for tasks to queue
[2022-11-21 21:31:15,474] {logging_mixin.py:109} INFO - [2022-11-21 21:31:15,473] {dagbag.py:500} INFO - Filling up the DagBag from /home/airflow/.local/lib/python3.6/site-packages/airflow/example_dags/tutorial_taskflow_api_etl.py
[2022-11-21 21:31:15,555] {processor.py:632} INFO - DAG(s) dict_keys(['tutorial_taskflow_api_etl']) retrieved from /home/airflow/.local/lib/python3.6/site-packages/airflow/example_dags/tutorial_taskflow_api_etl.py
[2022-11-21 21:31:20,275] {logging_mixin.py:109} INFO - [2022-11-21 21:31:20,275] {providers_manager.py:156} WARNING - Exception when importing 'airflow.providers.google.leveldb.hooks.leveldb.LevelDBHook' from 'apache-airflow-providers-google' package: No module named 'plyvel'
[2022-11-21 21:31:21,268] {logging_mixin.py:109} INFO - [2022-11-21 21:31:21,268] {providers_manager.py:156} WARNING - Exception when importing 'airflow.providers.google.leveldb.hooks.leveldb.LevelDBHook' from 'apache-airflow-providers-google' package: No module named 'plyvel'
[2022-11-21 21:31:21,326] {logging_mixin.py:109} INFO - [2022-11-21 21:31:21,325] {manager.py:496} INFO - Created Permission View: can edit on DAG:tutorial_taskflow_api_etl
[2022-11-21 21:31:21,353] {logging_mixin.py:109} INFO - [2022-11-21 21:31:21,353] {manager.py:496} INFO - Created Permission View: can read on DAG:tutorial_taskflow_api_etl
[2022-11-21 21:31:21,360] {logging_mixin.py:109} INFO - [2022-11-21 21:31:21,356] {dag.py:2389} INFO - Sync 1 DAGs
[2022-11-21 21:31:21,391] {logging_mixin.py:109} INFO - [2022-11-21 21:31:21,388] {dag.py:2408} INFO - Creating ORM DAG for tutorial_taskflow_api_etl
[2022-11-21 21:31:21,409] {logging_mixin.py:109} INFO - [2022-11-21 21:31:21,408] {dag.py:2914} INFO - Setting next_dagrun for tutorial_taskflow_api_etl to None
[2022-11-21 21:31:21,466] {processor.py:171} INFO - Processing /home/airflow/.local/lib/python3.6/site-packages/airflow/example_dags/tutorial_taskflow_api_etl.py took 6.021 seconds
[2022-11-21 21:31:57,100] {processor.py:163} INFO - Started process (PID=309) to work on /home/airflow/.local/lib/python3.6/site-packages/airflow/example_dags/tutorial_taskflow_api_etl.py
[2022-11-21 21:31:57,102] {processor.py:620} INFO - Processing file /home/airflow/.local/lib/python3.6/site-packages/airflow/example_dags/tutorial_taskflow_api_etl.py for tasks to queue
[2022-11-21 21:31:57,103] {logging_mixin.py:109} INFO - [2022-11-21 21:31:57,103] {dagbag.py:500} INFO - Filling up the DagBag from /home/airflow/.local/lib/python3.6/site-packages/airflow/example_dags/tutorial_taskflow_api_etl.py
[2022-11-21 21:31:57,138] {processor.py:632} INFO - DAG(s) dict_keys(['tutorial_taskflow_api_etl']) retrieved from /home/airflow/.local/lib/python3.6/site-packages/airflow/example_dags/tutorial_taskflow_api_etl.py
[2022-11-21 21:31:57,331] {logging_mixin.py:109} INFO - [2022-11-21 21:31:57,331] {dag.py:2389} INFO - Sync 1 DAGs
[2022-11-21 21:31:57,344] {logging_mixin.py:109} INFO - [2022-11-21 21:31:57,344] {dag.py:2914} INFO - Setting next_dagrun for tutorial_taskflow_api_etl to None
[2022-11-21 21:31:57,353] {processor.py:171} INFO - Processing /home/airflow/.local/lib/python3.6/site-packages/airflow/example_dags/tutorial_taskflow_api_etl.py took 0.257 seconds
[2022-11-21 21:32:27,671] {processor.py:163} INFO - Started process (PID=361) to work on /home/airflow/.local/lib/python3.6/site-packages/airflow/example_dags/tutorial_taskflow_api_etl.py
[2022-11-21 21:32:27,673] {processor.py:620} INFO - Processing file /home/airflow/.local/lib/python3.6/site-packages/airflow/example_dags/tutorial_taskflow_api_etl.py for tasks to queue
[2022-11-21 21:32:27,674] {logging_mixin.py:109} INFO - [2022-11-21 21:32:27,674] {dagbag.py:500} INFO - Filling up the DagBag from /home/airflow/.local/lib/python3.6/site-packages/airflow/example_dags/tutorial_taskflow_api_etl.py
[2022-11-21 21:32:27,710] {processor.py:632} INFO - DAG(s) dict_keys(['tutorial_taskflow_api_etl']) retrieved from /home/airflow/.local/lib/python3.6/site-packages/airflow/example_dags/tutorial_taskflow_api_etl.py
[2022-11-21 21:32:27,906] {logging_mixin.py:109} INFO - [2022-11-21 21:32:27,906] {dag.py:2389} INFO - Sync 1 DAGs
[2022-11-21 21:32:27,921] {logging_mixin.py:109} INFO - [2022-11-21 21:32:27,921] {dag.py:2914} INFO - Setting next_dagrun for tutorial_taskflow_api_etl to None
[2022-11-21 21:32:27,932] {processor.py:171} INFO - Processing /home/airflow/.local/lib/python3.6/site-packages/airflow/example_dags/tutorial_taskflow_api_etl.py took 0.265 seconds
[2022-11-21 21:32:58,320] {processor.py:163} INFO - Started process (PID=423) to work on /home/airflow/.local/lib/python3.6/site-packages/airflow/example_dags/tutorial_taskflow_api_etl.py
[2022-11-21 21:32:58,323] {processor.py:620} INFO - Processing file /home/airflow/.local/lib/python3.6/site-packages/airflow/example_dags/tutorial_taskflow_api_etl.py for tasks to queue
[2022-11-21 21:32:58,326] {logging_mixin.py:109} INFO - [2022-11-21 21:32:58,326] {dagbag.py:500} INFO - Filling up the DagBag from /home/airflow/.local/lib/python3.6/site-packages/airflow/example_dags/tutorial_taskflow_api_etl.py
[2022-11-21 21:32:58,368] {processor.py:632} INFO - DAG(s) dict_keys(['tutorial_taskflow_api_etl']) retrieved from /home/airflow/.local/lib/python3.6/site-packages/airflow/example_dags/tutorial_taskflow_api_etl.py
[2022-11-21 21:32:58,565] {logging_mixin.py:109} INFO - [2022-11-21 21:32:58,565] {dag.py:2389} INFO - Sync 1 DAGs
[2022-11-21 21:32:58,579] {logging_mixin.py:109} INFO - [2022-11-21 21:32:58,579] {dag.py:2914} INFO - Setting next_dagrun for tutorial_taskflow_api_etl to None
[2022-11-21 21:32:58,590] {processor.py:171} INFO - Processing /home/airflow/.local/lib/python3.6/site-packages/airflow/example_dags/tutorial_taskflow_api_etl.py took 0.277 seconds
[2022-11-21 21:33:28,689] {processor.py:163} INFO - Started process (PID=477) to work on /home/airflow/.local/lib/python3.6/site-packages/airflow/example_dags/tutorial_taskflow_api_etl.py
[2022-11-21 21:33:28,692] {processor.py:620} INFO - Processing file /home/airflow/.local/lib/python3.6/site-packages/airflow/example_dags/tutorial_taskflow_api_etl.py for tasks to queue
[2022-11-21 21:33:28,694] {logging_mixin.py:109} INFO - [2022-11-21 21:33:28,694] {dagbag.py:500} INFO - Filling up the DagBag from /home/airflow/.local/lib/python3.6/site-packages/airflow/example_dags/tutorial_taskflow_api_etl.py
[2022-11-21 21:33:28,752] {processor.py:632} INFO - DAG(s) dict_keys(['tutorial_taskflow_api_etl']) retrieved from /home/airflow/.local/lib/python3.6/site-packages/airflow/example_dags/tutorial_taskflow_api_etl.py
[2022-11-21 21:33:28,983] {logging_mixin.py:109} INFO - [2022-11-21 21:33:28,983] {dag.py:2389} INFO - Sync 1 DAGs
[2022-11-21 21:33:29,008] {logging_mixin.py:109} INFO - [2022-11-21 21:33:29,007] {dag.py:2914} INFO - Setting next_dagrun for tutorial_taskflow_api_etl to None
[2022-11-21 21:33:29,033] {processor.py:171} INFO - Processing /home/airflow/.local/lib/python3.6/site-packages/airflow/example_dags/tutorial_taskflow_api_etl.py took 0.349 seconds
