[2022-11-21 21:51:01,943] {taskinstance.py:1035} INFO - Dependencies all met for <TaskInstance: bash_operator.view_dir manual__2022-11-21T21:45:02.928692+00:00 [queued]>
[2022-11-21 21:51:01,969] {taskinstance.py:1035} INFO - Dependencies all met for <TaskInstance: bash_operator.view_dir manual__2022-11-21T21:45:02.928692+00:00 [queued]>
[2022-11-21 21:51:01,970] {taskinstance.py:1241} INFO - 
--------------------------------------------------------------------------------
[2022-11-21 21:51:01,971] {taskinstance.py:1242} INFO - Starting attempt 1 of 1
[2022-11-21 21:51:01,972] {taskinstance.py:1243} INFO - 
--------------------------------------------------------------------------------
[2022-11-21 21:51:01,986] {taskinstance.py:1262} INFO - Executing <Task(BashOperator): view_dir> on 2022-11-21 21:45:02.928692+00:00
[2022-11-21 21:51:01,995] {standard_task_runner.py:76} INFO - Running: ['***', 'tasks', 'run', 'bash_operator', 'view_dir', 'manual__2022-11-21T21:45:02.928692+00:00', '--job-id', '10', '--raw', '--subdir', 'DAGS_FOLDER/bash_example.py', '--cfg-path', '/tmp/tmpdauwhiux', '--error-file', '/tmp/tmp04819j4s']
[2022-11-21 21:51:01,997] {standard_task_runner.py:77} INFO - Job 10: Subtask view_dir
[2022-11-21 21:51:01,991] {standard_task_runner.py:52} INFO - Started process 712 to run task
[2022-11-21 21:51:02,056] {logging_mixin.py:109} INFO - Running <TaskInstance: bash_operator.view_dir manual__2022-11-21T21:45:02.928692+00:00 [running]> on host e6f0f1db9976
[2022-11-21 21:51:02,111] {taskinstance.py:1414} INFO - Exporting the following env vars:
AIRFLOW_CTX_DAG_OWNER=***
AIRFLOW_CTX_DAG_ID=bash_operator
AIRFLOW_CTX_TASK_ID=view_dir
AIRFLOW_CTX_EXECUTION_DATE=2022-11-21T21:45:02.928692+00:00
AIRFLOW_CTX_DAG_RUN_ID=manual__2022-11-21T21:45:02.928692+00:00
[2022-11-21 21:51:02,113] {subprocess.py:62} INFO - Tmp dir root location: 
 /tmp
[2022-11-21 21:51:02,115] {subprocess.py:74} INFO - Running command: ['bash', '-c', 'pwd']
[2022-11-21 21:51:02,125] {subprocess.py:85} INFO - Output:
[2022-11-21 21:51:02,128] {subprocess.py:89} INFO - /tmp/***tmpyqw3lnd7
[2022-11-21 21:51:02,129] {subprocess.py:93} INFO - Command exited with return code 0
[2022-11-21 21:51:02,157] {taskinstance.py:1280} INFO - Marking task as SUCCESS. dag_id=bash_operator, task_id=view_dir, execution_date=20221121T214502, start_date=20221121T215101, end_date=20221121T215102
[2022-11-21 21:51:02,220] {local_task_job.py:154} INFO - Task exited with return code 0
[2022-11-21 21:51:02,264] {local_task_job.py:264} INFO - 1 downstream tasks scheduled from follow-on schedule check
[2022-11-21 23:33:21,812] {taskinstance.py:1035} INFO - Dependencies all met for <TaskInstance: bash_operator.view_dir manual__2022-11-21T23:33:20.556781+00:00 [queued]>
[2022-11-21 23:33:21,839] {taskinstance.py:1035} INFO - Dependencies all met for <TaskInstance: bash_operator.view_dir manual__2022-11-21T23:33:20.556781+00:00 [queued]>
[2022-11-21 23:33:21,840] {taskinstance.py:1241} INFO - 
--------------------------------------------------------------------------------
[2022-11-21 23:33:21,841] {taskinstance.py:1242} INFO - Starting attempt 1 of 1
[2022-11-21 23:33:21,846] {taskinstance.py:1243} INFO - 
--------------------------------------------------------------------------------
[2022-11-21 23:33:21,873] {taskinstance.py:1262} INFO - Executing <Task(BashOperator): view_dir> on 2022-11-21 23:33:20.556781+00:00
[2022-11-21 23:33:21,883] {standard_task_runner.py:76} INFO - Running: ['***', 'tasks', 'run', 'bash_operator', 'view_dir', 'manual__2022-11-21T23:33:20.556781+00:00', '--job-id', '61', '--raw', '--subdir', 'DAGS_FOLDER/bash_example.py', '--cfg-path', '/tmp/tmph9ytfr7t', '--error-file', '/tmp/tmp2p865pdg']
[2022-11-21 23:33:21,886] {standard_task_runner.py:77} INFO - Job 61: Subtask view_dir
[2022-11-21 23:33:21,878] {standard_task_runner.py:52} INFO - Started process 4687 to run task
[2022-11-21 23:33:21,958] {logging_mixin.py:109} INFO - Running <TaskInstance: bash_operator.view_dir manual__2022-11-21T23:33:20.556781+00:00 [running]> on host e6f0f1db9976
[2022-11-21 23:33:22,072] {taskinstance.py:1414} INFO - Exporting the following env vars:
AIRFLOW_CTX_DAG_OWNER=***
AIRFLOW_CTX_DAG_ID=bash_operator
AIRFLOW_CTX_TASK_ID=view_dir
AIRFLOW_CTX_EXECUTION_DATE=2022-11-21T23:33:20.556781+00:00
AIRFLOW_CTX_DAG_RUN_ID=manual__2022-11-21T23:33:20.556781+00:00
[2022-11-21 23:33:22,075] {subprocess.py:62} INFO - Tmp dir root location: 
 /tmp
[2022-11-21 23:33:22,077] {subprocess.py:74} INFO - Running command: ['bash', '-c', 'pwd']
[2022-11-21 23:33:22,098] {subprocess.py:85} INFO - Output:
[2022-11-21 23:33:22,102] {subprocess.py:89} INFO - /tmp/***tmpzfamliii
[2022-11-21 23:33:22,103] {subprocess.py:93} INFO - Command exited with return code 0
[2022-11-21 23:33:22,158] {taskinstance.py:1280} INFO - Marking task as SUCCESS. dag_id=bash_operator, task_id=view_dir, execution_date=20221121T233320, start_date=20221121T233321, end_date=20221121T233322
[2022-11-21 23:33:22,229] {local_task_job.py:154} INFO - Task exited with return code 0
[2022-11-21 23:33:22,283] {local_task_job.py:264} INFO - 1 downstream tasks scheduled from follow-on schedule check
