[2022-11-21 21:52:27,826] {taskinstance.py:1035} INFO - Dependencies all met for <TaskInstance: bash_operator.view_dir manual__2022-11-21T21:45:02.928692+00:00 [queued]>
[2022-11-21 21:52:27,845] {taskinstance.py:1035} INFO - Dependencies all met for <TaskInstance: bash_operator.view_dir manual__2022-11-21T21:45:02.928692+00:00 [queued]>
[2022-11-21 21:52:27,846] {taskinstance.py:1241} INFO - 
--------------------------------------------------------------------------------
[2022-11-21 21:52:27,847] {taskinstance.py:1242} INFO - Starting attempt 3 of 3
[2022-11-21 21:52:27,848] {taskinstance.py:1243} INFO - 
--------------------------------------------------------------------------------
[2022-11-21 21:52:27,863] {taskinstance.py:1262} INFO - Executing <Task(BashOperator): view_dir> on 2022-11-21 21:45:02.928692+00:00
[2022-11-21 21:52:27,872] {standard_task_runner.py:76} INFO - Running: ['***', 'tasks', 'run', 'bash_operator', 'view_dir', 'manual__2022-11-21T21:45:02.928692+00:00', '--job-id', '13', '--raw', '--subdir', 'DAGS_FOLDER/bash_example.py', '--cfg-path', '/tmp/tmpd4b1w2_f', '--error-file', '/tmp/tmpbfb37ums']
[2022-11-21 21:52:27,873] {standard_task_runner.py:77} INFO - Job 13: Subtask view_dir
[2022-11-21 21:52:27,868] {standard_task_runner.py:52} INFO - Started process 783 to run task
[2022-11-21 21:52:27,923] {logging_mixin.py:109} INFO - Running <TaskInstance: bash_operator.view_dir manual__2022-11-21T21:45:02.928692+00:00 [running]> on host e6f0f1db9976
[2022-11-21 21:52:27,976] {taskinstance.py:1414} INFO - Exporting the following env vars:
AIRFLOW_CTX_DAG_OWNER=***
AIRFLOW_CTX_DAG_ID=bash_operator
AIRFLOW_CTX_TASK_ID=view_dir
AIRFLOW_CTX_EXECUTION_DATE=2022-11-21T21:45:02.928692+00:00
AIRFLOW_CTX_DAG_RUN_ID=manual__2022-11-21T21:45:02.928692+00:00
[2022-11-21 21:52:27,978] {subprocess.py:62} INFO - Tmp dir root location: 
 /tmp
[2022-11-21 21:52:27,980] {subprocess.py:74} INFO - Running command: ['bash', '-c', 'ls -la']
[2022-11-21 21:52:27,991] {subprocess.py:85} INFO - Output:
[2022-11-21 21:52:27,997] {subprocess.py:89} INFO - total 8
[2022-11-21 21:52:27,998] {subprocess.py:89} INFO - drwx------ 2 default root 4096 Nov 21 21:52 .
[2022-11-21 21:52:27,998] {subprocess.py:89} INFO - drwxrwxrwt 1 root    root 4096 Nov 21 21:52 ..
[2022-11-21 21:52:27,999] {subprocess.py:93} INFO - Command exited with return code 0
[2022-11-21 21:52:28,026] {taskinstance.py:1280} INFO - Marking task as SUCCESS. dag_id=bash_operator, task_id=view_dir, execution_date=20221121T214502, start_date=20221121T215227, end_date=20221121T215228
[2022-11-21 21:52:28,050] {local_task_job.py:154} INFO - Task exited with return code 0
[2022-11-21 21:52:28,090] {local_task_job.py:264} INFO - 1 downstream tasks scheduled from follow-on schedule check
