[2022-11-21 21:53:31,549] {taskinstance.py:1035} INFO - Dependencies all met for <TaskInstance: bash_operator.view_dir manual__2022-11-21T21:45:02.928692+00:00 [queued]>
[2022-11-21 21:53:31,574] {taskinstance.py:1035} INFO - Dependencies all met for <TaskInstance: bash_operator.view_dir manual__2022-11-21T21:45:02.928692+00:00 [queued]>
[2022-11-21 21:53:31,576] {taskinstance.py:1241} INFO - 
--------------------------------------------------------------------------------
[2022-11-21 21:53:31,581] {taskinstance.py:1242} INFO - Starting attempt 4 of 4
[2022-11-21 21:53:31,583] {taskinstance.py:1243} INFO - 
--------------------------------------------------------------------------------
[2022-11-21 21:53:31,607] {taskinstance.py:1262} INFO - Executing <Task(BashOperator): view_dir> on 2022-11-21 21:45:02.928692+00:00
[2022-11-21 21:53:31,617] {standard_task_runner.py:76} INFO - Running: ['***', 'tasks', 'run', 'bash_operator', 'view_dir', 'manual__2022-11-21T21:45:02.928692+00:00', '--job-id', '15', '--raw', '--subdir', 'DAGS_FOLDER/bash_example.py', '--cfg-path', '/tmp/tmph0y83rcr', '--error-file', '/tmp/tmpj_7483gm']
[2022-11-21 21:53:31,620] {standard_task_runner.py:77} INFO - Job 15: Subtask view_dir
[2022-11-21 21:53:31,613] {standard_task_runner.py:52} INFO - Started process 834 to run task
[2022-11-21 21:53:31,693] {logging_mixin.py:109} INFO - Running <TaskInstance: bash_operator.view_dir manual__2022-11-21T21:45:02.928692+00:00 [running]> on host e6f0f1db9976
[2022-11-21 21:53:31,762] {taskinstance.py:1414} INFO - Exporting the following env vars:
AIRFLOW_CTX_DAG_OWNER=***
AIRFLOW_CTX_DAG_ID=bash_operator
AIRFLOW_CTX_TASK_ID=view_dir
AIRFLOW_CTX_EXECUTION_DATE=2022-11-21T21:45:02.928692+00:00
AIRFLOW_CTX_DAG_RUN_ID=manual__2022-11-21T21:45:02.928692+00:00
[2022-11-21 21:53:31,764] {subprocess.py:62} INFO - Tmp dir root location: 
 /tmp
[2022-11-21 21:53:31,766] {subprocess.py:74} INFO - Running command: ['bash', '-c', 'pwd']
[2022-11-21 21:53:31,777] {subprocess.py:85} INFO - Output:
[2022-11-21 21:53:31,780] {subprocess.py:89} INFO - /tmp/***tmpfmnoqodx
[2022-11-21 21:53:31,781] {subprocess.py:93} INFO - Command exited with return code 0
[2022-11-21 21:53:31,813] {taskinstance.py:1280} INFO - Marking task as SUCCESS. dag_id=bash_operator, task_id=view_dir, execution_date=20221121T214502, start_date=20221121T215331, end_date=20221121T215331
[2022-11-21 21:53:31,846] {local_task_job.py:154} INFO - Task exited with return code 0
[2022-11-21 21:53:31,891] {local_task_job.py:264} INFO - 1 downstream tasks scheduled from follow-on schedule check
