[2022-11-21 21:54:09,237] {taskinstance.py:1035} INFO - Dependencies all met for <TaskInstance: bash_operator.view_dir manual__2022-11-21T21:45:02.928692+00:00 [queued]>
[2022-11-21 21:54:09,265] {taskinstance.py:1035} INFO - Dependencies all met for <TaskInstance: bash_operator.view_dir manual__2022-11-21T21:45:02.928692+00:00 [queued]>
[2022-11-21 21:54:09,266] {taskinstance.py:1241} INFO - 
--------------------------------------------------------------------------------
[2022-11-21 21:54:09,267] {taskinstance.py:1242} INFO - Starting attempt 5 of 5
[2022-11-21 21:54:09,268] {taskinstance.py:1243} INFO - 
--------------------------------------------------------------------------------
[2022-11-21 21:54:09,285] {taskinstance.py:1262} INFO - Executing <Task(BashOperator): view_dir> on 2022-11-21 21:45:02.928692+00:00
[2022-11-21 21:54:09,297] {standard_task_runner.py:76} INFO - Running: ['***', 'tasks', 'run', 'bash_operator', 'view_dir', 'manual__2022-11-21T21:45:02.928692+00:00', '--job-id', '18', '--raw', '--subdir', 'DAGS_FOLDER/bash_example.py', '--cfg-path', '/tmp/tmp8v4_uupb', '--error-file', '/tmp/tmp3h4kbx9u']
[2022-11-21 21:54:09,299] {standard_task_runner.py:77} INFO - Job 18: Subtask view_dir
[2022-11-21 21:54:09,292] {standard_task_runner.py:52} INFO - Started process 877 to run task
[2022-11-21 21:54:09,358] {logging_mixin.py:109} INFO - Running <TaskInstance: bash_operator.view_dir manual__2022-11-21T21:45:02.928692+00:00 [running]> on host e6f0f1db9976
[2022-11-21 21:54:09,420] {taskinstance.py:1414} INFO - Exporting the following env vars:
AIRFLOW_CTX_DAG_OWNER=***
AIRFLOW_CTX_DAG_ID=bash_operator
AIRFLOW_CTX_TASK_ID=view_dir
AIRFLOW_CTX_EXECUTION_DATE=2022-11-21T21:45:02.928692+00:00
AIRFLOW_CTX_DAG_RUN_ID=manual__2022-11-21T21:45:02.928692+00:00
[2022-11-21 21:54:09,422] {subprocess.py:62} INFO - Tmp dir root location: 
 /tmp
[2022-11-21 21:54:09,423] {subprocess.py:74} INFO - Running command: ['bash', '-c', 'pwd']
[2022-11-21 21:54:09,435] {subprocess.py:85} INFO - Output:
[2022-11-21 21:54:09,439] {subprocess.py:89} INFO - /tmp/***tmp74757b1z
[2022-11-21 21:54:09,440] {subprocess.py:93} INFO - Command exited with return code 0
[2022-11-21 21:54:09,475] {taskinstance.py:1280} INFO - Marking task as SUCCESS. dag_id=bash_operator, task_id=view_dir, execution_date=20221121T214502, start_date=20221121T215409, end_date=20221121T215409
[2022-11-21 21:54:09,517] {local_task_job.py:154} INFO - Task exited with return code 0
[2022-11-21 21:54:09,588] {local_task_job.py:264} INFO - 1 downstream tasks scheduled from follow-on schedule check
