[2022-11-21 21:54:49,650] {taskinstance.py:1035} INFO - Dependencies all met for <TaskInstance: bash_operator.view_dir manual__2022-11-21T21:45:02.928692+00:00 [queued]>
[2022-11-21 21:54:49,681] {taskinstance.py:1035} INFO - Dependencies all met for <TaskInstance: bash_operator.view_dir manual__2022-11-21T21:45:02.928692+00:00 [queued]>
[2022-11-21 21:54:49,683] {taskinstance.py:1241} INFO - 
--------------------------------------------------------------------------------
[2022-11-21 21:54:49,684] {taskinstance.py:1242} INFO - Starting attempt 6 of 6
[2022-11-21 21:54:49,685] {taskinstance.py:1243} INFO - 
--------------------------------------------------------------------------------
[2022-11-21 21:54:49,705] {taskinstance.py:1262} INFO - Executing <Task(BashOperator): view_dir> on 2022-11-21 21:45:02.928692+00:00
[2022-11-21 21:54:49,714] {standard_task_runner.py:76} INFO - Running: ['***', 'tasks', 'run', 'bash_operator', 'view_dir', 'manual__2022-11-21T21:45:02.928692+00:00', '--job-id', '21', '--raw', '--subdir', 'DAGS_FOLDER/bash_example.py', '--cfg-path', '/tmp/tmpzbf10kg7', '--error-file', '/tmp/tmpmcw1eccm']
[2022-11-21 21:54:49,716] {standard_task_runner.py:77} INFO - Job 21: Subtask view_dir
[2022-11-21 21:54:49,711] {standard_task_runner.py:52} INFO - Started process 930 to run task
[2022-11-21 21:54:49,780] {logging_mixin.py:109} INFO - Running <TaskInstance: bash_operator.view_dir manual__2022-11-21T21:45:02.928692+00:00 [running]> on host e6f0f1db9976
[2022-11-21 21:54:49,842] {taskinstance.py:1414} INFO - Exporting the following env vars:
AIRFLOW_CTX_DAG_OWNER=***
AIRFLOW_CTX_DAG_ID=bash_operator
AIRFLOW_CTX_TASK_ID=view_dir
AIRFLOW_CTX_EXECUTION_DATE=2022-11-21T21:45:02.928692+00:00
AIRFLOW_CTX_DAG_RUN_ID=manual__2022-11-21T21:45:02.928692+00:00
[2022-11-21 21:54:49,844] {subprocess.py:62} INFO - Tmp dir root location: 
 /tmp
[2022-11-21 21:54:49,845] {subprocess.py:74} INFO - Running command: ['bash', '-c', 'pwd']
[2022-11-21 21:54:49,858] {subprocess.py:85} INFO - Output:
[2022-11-21 21:54:49,861] {subprocess.py:89} INFO - /tmp/***tmp025_oxhi
[2022-11-21 21:54:49,862] {subprocess.py:93} INFO - Command exited with return code 0
[2022-11-21 21:54:49,895] {taskinstance.py:1280} INFO - Marking task as SUCCESS. dag_id=bash_operator, task_id=view_dir, execution_date=20221121T214502, start_date=20221121T215449, end_date=20221121T215449
[2022-11-21 21:54:49,936] {local_task_job.py:154} INFO - Task exited with return code 0
[2022-11-21 21:54:49,984] {local_task_job.py:264} INFO - 1 downstream tasks scheduled from follow-on schedule check
