[2022-11-21 22:15:28,272] {taskinstance.py:1029} INFO - Dependencies not met for <TaskInstance: etl_example.enrich_data scheduled__2022-11-21T21:00:00+00:00 [queued]>, dependency 'Trigger Rule' FAILED: Task's trigger rule 'all_success' requires all upstream tasks to have succeeded, but found 1 non-success(es). upstream_tasks_state={'total': 1, 'successes': 0, 'skipped': 0, 'failed': 0, 'upstream_failed': 0, 'done': 0}, upstream_task_ids={'transform_data'}
[2022-11-21 22:15:28,281] {local_task_job.py:99} INFO - Task is not able to be run
[2022-11-21 22:17:24,442] {taskinstance.py:1035} INFO - Dependencies all met for <TaskInstance: etl_example.enrich_data scheduled__2022-11-21T21:00:00+00:00 [queued]>
[2022-11-21 22:17:24,462] {taskinstance.py:1035} INFO - Dependencies all met for <TaskInstance: etl_example.enrich_data scheduled__2022-11-21T21:00:00+00:00 [queued]>
[2022-11-21 22:17:24,463] {taskinstance.py:1241} INFO - 
--------------------------------------------------------------------------------
[2022-11-21 22:17:24,464] {taskinstance.py:1242} INFO - Starting attempt 1 of 1
[2022-11-21 22:17:24,465] {taskinstance.py:1243} INFO - 
--------------------------------------------------------------------------------
[2022-11-21 22:17:24,479] {taskinstance.py:1262} INFO - Executing <Task(PythonOperator): enrich_data> on 2022-11-21 21:00:00+00:00
[2022-11-21 22:17:24,484] {standard_task_runner.py:52} INFO - Started process 1880 to run task
[2022-11-21 22:17:24,488] {standard_task_runner.py:76} INFO - Running: ['***', 'tasks', 'run', 'etl_example', 'enrich_data', 'scheduled__2022-11-21T21:00:00+00:00', '--job-id', '42', '--raw', '--subdir', 'DAGS_FOLDER/etl_example.py', '--cfg-path', '/tmp/tmpqeh9ga05', '--error-file', '/tmp/tmpn0mgcrbj']
[2022-11-21 22:17:24,489] {standard_task_runner.py:77} INFO - Job 42: Subtask enrich_data
[2022-11-21 22:17:24,532] {logging_mixin.py:109} INFO - Running <TaskInstance: etl_example.enrich_data scheduled__2022-11-21T21:00:00+00:00 [running]> on host e6f0f1db9976
[2022-11-21 22:17:24,575] {taskinstance.py:1414} INFO - Exporting the following env vars:
AIRFLOW_CTX_DAG_OWNER=***
AIRFLOW_CTX_DAG_ID=etl_example
AIRFLOW_CTX_TASK_ID=enrich_data
AIRFLOW_CTX_EXECUTION_DATE=2022-11-21T21:00:00+00:00
AIRFLOW_CTX_DAG_RUN_ID=scheduled__2022-11-21T21:00:00+00:00
[2022-11-21 22:17:24,615] {python.py:152} INFO - Done. Returned value was: None
[2022-11-21 22:17:24,626] {taskinstance.py:1280} INFO - Marking task as SUCCESS. dag_id=etl_example, task_id=enrich_data, execution_date=20221121T210000, start_date=20221121T221724, end_date=20221121T221724
[2022-11-21 22:17:24,661] {local_task_job.py:154} INFO - Task exited with return code 0
[2022-11-21 22:17:24,687] {local_task_job.py:264} INFO - 0 downstream tasks scheduled from follow-on schedule check
