[2022-11-21 21:54:10,432] {taskinstance.py:1035} INFO - Dependencies all met for <TaskInstance: bash_operator.download_launches manual__2022-11-21T21:45:02.928692+00:00 [queued]>
[2022-11-21 21:54:10,453] {taskinstance.py:1035} INFO - Dependencies all met for <TaskInstance: bash_operator.download_launches manual__2022-11-21T21:45:02.928692+00:00 [queued]>
[2022-11-21 21:54:10,454] {taskinstance.py:1241} INFO - 
--------------------------------------------------------------------------------
[2022-11-21 21:54:10,456] {taskinstance.py:1242} INFO - Starting attempt 7 of 7
[2022-11-21 21:54:10,456] {taskinstance.py:1243} INFO - 
--------------------------------------------------------------------------------
[2022-11-21 21:54:10,471] {taskinstance.py:1262} INFO - Executing <Task(BashOperator): download_launches> on 2022-11-21 21:45:02.928692+00:00
[2022-11-21 21:54:10,480] {standard_task_runner.py:76} INFO - Running: ['***', 'tasks', 'run', 'bash_operator', 'download_launches', 'manual__2022-11-21T21:45:02.928692+00:00', '--job-id', '19', '--raw', '--subdir', 'DAGS_FOLDER/bash_example.py', '--cfg-path', '/tmp/tmpldn69dkl', '--error-file', '/tmp/tmpb_6ssu6b']
[2022-11-21 21:54:10,482] {standard_task_runner.py:77} INFO - Job 19: Subtask download_launches
[2022-11-21 21:54:10,476] {standard_task_runner.py:52} INFO - Started process 881 to run task
[2022-11-21 21:54:10,537] {logging_mixin.py:109} INFO - Running <TaskInstance: bash_operator.download_launches manual__2022-11-21T21:45:02.928692+00:00 [running]> on host e6f0f1db9976
[2022-11-21 21:54:10,593] {taskinstance.py:1414} INFO - Exporting the following env vars:
AIRFLOW_CTX_DAG_OWNER=***
AIRFLOW_CTX_DAG_ID=bash_operator
AIRFLOW_CTX_TASK_ID=download_launches
AIRFLOW_CTX_EXECUTION_DATE=2022-11-21T21:45:02.928692+00:00
AIRFLOW_CTX_DAG_RUN_ID=manual__2022-11-21T21:45:02.928692+00:00
[2022-11-21 21:54:10,595] {subprocess.py:62} INFO - Tmp dir root location: 
 /tmp
[2022-11-21 21:54:10,596] {subprocess.py:74} INFO - Running command: ['bash', '-c', "curl -o /opt/***/datalake/bronze/launches.json -L 'https://ll.thespacedevs.com/2.0.0/launch/upcoming'"]
[2022-11-21 21:54:10,608] {subprocess.py:85} INFO - Output:
[2022-11-21 21:54:10,619] {subprocess.py:89} INFO -   % Total    % Received % Xferd  Average Speed   Time    Time     Time  Current
[2022-11-21 21:54:10,621] {subprocess.py:89} INFO -                                  Dload  Upload   Total   Spent    Left  Speed
[2022-11-21 21:54:11,113] {subprocess.py:89} INFO -   0     0    0     0    0     0      0      0 --:--:-- --:--:-- --:--:--     0  0     0    0     0    0     0      0      0 --:--:-- --:--:-- --:--:--     0  0     0    0     0    0     0      0      0 --:--:-- --:--:-- --:--:--     0
[2022-11-21 21:54:11,415] {subprocess.py:89} INFO - 100 25360  100 25360    0     0  31859      0 --:--:-- --:--:-- --:--:-- 31859
[2022-11-21 21:54:11,417] {subprocess.py:93} INFO - Command exited with return code 0
[2022-11-21 21:54:11,449] {taskinstance.py:1280} INFO - Marking task as SUCCESS. dag_id=bash_operator, task_id=download_launches, execution_date=20221121T214502, start_date=20221121T215410, end_date=20221121T215411
[2022-11-21 21:54:11,507] {local_task_job.py:154} INFO - Task exited with return code 0
[2022-11-21 21:54:11,544] {local_task_job.py:264} INFO - 1 downstream tasks scheduled from follow-on schedule check
