[2022-11-21 21:54:50,781] {taskinstance.py:1035} INFO - Dependencies all met for <TaskInstance: bash_operator.download_launches manual__2022-11-21T21:45:02.928692+00:00 [queued]>
[2022-11-21 21:54:50,797] {taskinstance.py:1035} INFO - Dependencies all met for <TaskInstance: bash_operator.download_launches manual__2022-11-21T21:45:02.928692+00:00 [queued]>
[2022-11-21 21:54:50,798] {taskinstance.py:1241} INFO - 
--------------------------------------------------------------------------------
[2022-11-21 21:54:50,799] {taskinstance.py:1242} INFO - Starting attempt 8 of 8
[2022-11-21 21:54:50,799] {taskinstance.py:1243} INFO - 
--------------------------------------------------------------------------------
[2022-11-21 21:54:50,811] {taskinstance.py:1262} INFO - Executing <Task(BashOperator): download_launches> on 2022-11-21 21:45:02.928692+00:00
[2022-11-21 21:54:50,818] {standard_task_runner.py:76} INFO - Running: ['***', 'tasks', 'run', 'bash_operator', 'download_launches', 'manual__2022-11-21T21:45:02.928692+00:00', '--job-id', '22', '--raw', '--subdir', 'DAGS_FOLDER/bash_example.py', '--cfg-path', '/tmp/tmpn51jbnpl', '--error-file', '/tmp/tmp8jbt6_53']
[2022-11-21 21:54:50,819] {standard_task_runner.py:77} INFO - Job 22: Subtask download_launches
[2022-11-21 21:54:50,815] {standard_task_runner.py:52} INFO - Started process 933 to run task
[2022-11-21 21:54:50,861] {logging_mixin.py:109} INFO - Running <TaskInstance: bash_operator.download_launches manual__2022-11-21T21:45:02.928692+00:00 [running]> on host e6f0f1db9976
[2022-11-21 21:54:50,904] {taskinstance.py:1414} INFO - Exporting the following env vars:
AIRFLOW_CTX_DAG_OWNER=***
AIRFLOW_CTX_DAG_ID=bash_operator
AIRFLOW_CTX_TASK_ID=download_launches
AIRFLOW_CTX_EXECUTION_DATE=2022-11-21T21:45:02.928692+00:00
AIRFLOW_CTX_DAG_RUN_ID=manual__2022-11-21T21:45:02.928692+00:00
[2022-11-21 21:54:50,906] {subprocess.py:62} INFO - Tmp dir root location: 
 /tmp
[2022-11-21 21:54:50,907] {subprocess.py:74} INFO - Running command: ['bash', '-c', "curl -o /opt/***/datalake/bronze/launches.json -L 'https://ll.thespacedevs.com/2.0.0/launch/upcoming'"]
[2022-11-21 21:54:50,916] {subprocess.py:85} INFO - Output:
[2022-11-21 21:54:50,928] {subprocess.py:89} INFO -   % Total    % Received % Xferd  Average Speed   Time    Time     Time  Current
[2022-11-21 21:54:50,930] {subprocess.py:89} INFO -                                  Dload  Upload   Total   Spent    Left  Speed
[2022-11-21 21:54:51,578] {subprocess.py:89} INFO -   0     0    0     0    0     0      0      0 --:--:-- --:--:-- --:--:--     0  0     0    0     0    0     0      0      0 --:--:-- --:--:-- --:--:--     0
[2022-11-21 21:54:52,505] {subprocess.py:89} INFO -   9 25360    9  2386    0     0   1515      0  0:00:16  0:00:01  0:00:15  1515100 25360  100 25360    0     0  16081      0  0:00:01  0:00:01 --:--:-- 7478k
[2022-11-21 21:54:52,508] {subprocess.py:93} INFO - Command exited with return code 0
[2022-11-21 21:54:52,534] {taskinstance.py:1280} INFO - Marking task as SUCCESS. dag_id=bash_operator, task_id=download_launches, execution_date=20221121T214502, start_date=20221121T215450, end_date=20221121T215452
[2022-11-21 21:54:52,577] {local_task_job.py:154} INFO - Task exited with return code 0
[2022-11-21 21:54:52,611] {local_task_job.py:264} INFO - 1 downstream tasks scheduled from follow-on schedule check
