[2022-11-21 22:15:28,296] {taskinstance.py:1035} INFO - Dependencies all met for <TaskInstance: etl_example.extract_load_data scheduled__2022-11-21T21:00:00+00:00 [queued]>
[2022-11-21 22:15:28,356] {taskinstance.py:1035} INFO - Dependencies all met for <TaskInstance: etl_example.extract_load_data scheduled__2022-11-21T21:00:00+00:00 [queued]>
[2022-11-21 22:15:28,358] {taskinstance.py:1241} INFO - 
--------------------------------------------------------------------------------
[2022-11-21 22:15:28,360] {taskinstance.py:1242} INFO - Starting attempt 1 of 1
[2022-11-21 22:15:28,362] {taskinstance.py:1243} INFO - 
--------------------------------------------------------------------------------
[2022-11-21 22:15:28,413] {taskinstance.py:1262} INFO - Executing <Task(BashOperator): extract_load_data> on 2022-11-21 21:00:00+00:00
[2022-11-21 22:15:28,420] {standard_task_runner.py:52} INFO - Started process 1785 to run task
[2022-11-21 22:15:28,426] {standard_task_runner.py:76} INFO - Running: ['***', 'tasks', 'run', 'etl_example', 'extract_load_data', 'scheduled__2022-11-21T21:00:00+00:00', '--job-id', '37', '--raw', '--subdir', 'DAGS_FOLDER/etl_example.py', '--cfg-path', '/tmp/tmpw85i6v8r', '--error-file', '/tmp/tmpl2ft20oa']
[2022-11-21 22:15:28,428] {standard_task_runner.py:77} INFO - Job 37: Subtask extract_load_data
[2022-11-21 22:15:28,502] {logging_mixin.py:109} INFO - Running <TaskInstance: etl_example.extract_load_data scheduled__2022-11-21T21:00:00+00:00 [running]> on host e6f0f1db9976
[2022-11-21 22:15:28,573] {taskinstance.py:1414} INFO - Exporting the following env vars:
AIRFLOW_CTX_DAG_OWNER=***
AIRFLOW_CTX_DAG_ID=etl_example
AIRFLOW_CTX_TASK_ID=extract_load_data
AIRFLOW_CTX_EXECUTION_DATE=2022-11-21T21:00:00+00:00
AIRFLOW_CTX_DAG_RUN_ID=scheduled__2022-11-21T21:00:00+00:00
[2022-11-21 22:15:28,575] {subprocess.py:62} INFO - Tmp dir root location: 
 /tmp
[2022-11-21 22:15:28,578] {subprocess.py:74} INFO - Running command: ['bash', '-c', "curl -o /opt/***/datalake/bronze/launches.json -L 'https://ll.thespacedevs.com/2.0.0/launch/upcoming'"]
[2022-11-21 22:15:28,593] {subprocess.py:85} INFO - Output:
[2022-11-21 22:15:28,607] {subprocess.py:89} INFO -   % Total    % Received % Xferd  Average Speed   Time    Time     Time  Current
[2022-11-21 22:15:28,608] {subprocess.py:89} INFO -                                  Dload  Upload   Total   Spent    Left  Speed
[2022-11-21 22:15:29,310] {subprocess.py:89} INFO -   0     0    0     0    0     0      0      0 --:--:-- --:--:-- --:--:--     0  0     0    0     0    0     0      0      0 --:--:-- --:--:-- --:--:--     0  0     0    0     0    0     0      0      0 --:--:-- --:--:-- --:--:--     0
[2022-11-21 22:15:30,167] {subprocess.py:89} INFO -   9 25360    9  2390    0     0   1562      0  0:00:16  0:00:01  0:00:15  1562100 25360  100 25360    0     0  16256      0  0:00:01  0:00:01 --:--:--  747k
[2022-11-21 22:15:30,170] {subprocess.py:93} INFO - Command exited with return code 0
[2022-11-21 22:15:30,219] {taskinstance.py:1280} INFO - Marking task as SUCCESS. dag_id=etl_example, task_id=extract_load_data, execution_date=20221121T210000, start_date=20221121T221528, end_date=20221121T221530
[2022-11-21 22:15:30,298] {local_task_job.py:154} INFO - Task exited with return code 0
[2022-11-21 22:15:30,370] {local_task_job.py:264} INFO - 0 downstream tasks scheduled from follow-on schedule check
