[2022-11-21 22:16:40,065] {taskinstance.py:1035} INFO - Dependencies all met for <TaskInstance: etl_example.extract_load_data scheduled__2022-11-21T21:00:00+00:00 [queued]>
[2022-11-21 22:16:40,084] {taskinstance.py:1035} INFO - Dependencies all met for <TaskInstance: etl_example.extract_load_data scheduled__2022-11-21T21:00:00+00:00 [queued]>
[2022-11-21 22:16:40,085] {taskinstance.py:1241} INFO - 
--------------------------------------------------------------------------------
[2022-11-21 22:16:40,086] {taskinstance.py:1242} INFO - Starting attempt 2 of 2
[2022-11-21 22:16:40,086] {taskinstance.py:1243} INFO - 
--------------------------------------------------------------------------------
[2022-11-21 22:16:40,099] {taskinstance.py:1262} INFO - Executing <Task(BashOperator): extract_load_data> on 2022-11-21 21:00:00+00:00
[2022-11-21 22:16:40,104] {standard_task_runner.py:52} INFO - Started process 1839 to run task
[2022-11-21 22:16:40,108] {standard_task_runner.py:76} INFO - Running: ['***', 'tasks', 'run', 'etl_example', 'extract_load_data', 'scheduled__2022-11-21T21:00:00+00:00', '--job-id', '39', '--raw', '--subdir', 'DAGS_FOLDER/etl_example.py', '--cfg-path', '/tmp/tmppyhqvlic', '--error-file', '/tmp/tmp8fgydomv']
[2022-11-21 22:16:40,109] {standard_task_runner.py:77} INFO - Job 39: Subtask extract_load_data
[2022-11-21 22:16:40,157] {logging_mixin.py:109} INFO - Running <TaskInstance: etl_example.extract_load_data scheduled__2022-11-21T21:00:00+00:00 [running]> on host e6f0f1db9976
[2022-11-21 22:16:40,208] {taskinstance.py:1414} INFO - Exporting the following env vars:
AIRFLOW_CTX_DAG_OWNER=***
AIRFLOW_CTX_DAG_ID=etl_example
AIRFLOW_CTX_TASK_ID=extract_load_data
AIRFLOW_CTX_EXECUTION_DATE=2022-11-21T21:00:00+00:00
AIRFLOW_CTX_DAG_RUN_ID=scheduled__2022-11-21T21:00:00+00:00
[2022-11-21 22:16:40,210] {subprocess.py:62} INFO - Tmp dir root location: 
 /tmp
[2022-11-21 22:16:40,211] {subprocess.py:74} INFO - Running command: ['bash', '-c', "curl -o /opt/***/datalake/bronze/launches.json -L 'https://ll.thespacedevs.com/2.0.0/launch/upcoming'"]
[2022-11-21 22:16:40,223] {subprocess.py:85} INFO - Output:
[2022-11-21 22:16:40,233] {subprocess.py:89} INFO -   % Total    % Received % Xferd  Average Speed   Time    Time     Time  Current
[2022-11-21 22:16:40,234] {subprocess.py:89} INFO -                                  Dload  Upload   Total   Spent    Left  Speed
[2022-11-21 22:16:40,840] {subprocess.py:89} INFO -   0     0    0     0    0     0      0      0 --:--:-- --:--:-- --:--:--     0  0     0    0     0    0     0      0      0 --:--:-- --:--:-- --:--:--     0  0     0    0     0    0     0      0      0 --:--:-- --:--:-- --:--:--     0
[2022-11-21 22:16:41,155] {subprocess.py:89} INFO - 100 25360  100 25360    0     0  27535      0 --:--:-- --:--:-- --:--:-- 27535
[2022-11-21 22:16:41,157] {subprocess.py:93} INFO - Command exited with return code 0
[2022-11-21 22:16:41,182] {taskinstance.py:1280} INFO - Marking task as SUCCESS. dag_id=etl_example, task_id=extract_load_data, execution_date=20221121T210000, start_date=20221121T221640, end_date=20221121T221641
[2022-11-21 22:16:41,208] {local_task_job.py:154} INFO - Task exited with return code 0
[2022-11-21 22:16:41,250] {local_task_job.py:264} INFO - 1 downstream tasks scheduled from follow-on schedule check
