[2022-11-21 23:40:01,878] {taskinstance.py:1035} INFO - Dependencies all met for <TaskInstance: python_operator.print_the_context scheduled__2022-11-21T23:35:00+00:00 [queued]>
[2022-11-21 23:40:01,945] {taskinstance.py:1035} INFO - Dependencies all met for <TaskInstance: python_operator.print_the_context scheduled__2022-11-21T23:35:00+00:00 [queued]>
[2022-11-21 23:40:01,947] {taskinstance.py:1241} INFO - 
--------------------------------------------------------------------------------
[2022-11-21 23:40:01,951] {taskinstance.py:1242} INFO - Starting attempt 1 of 1
[2022-11-21 23:40:01,954] {taskinstance.py:1243} INFO - 
--------------------------------------------------------------------------------
[2022-11-21 23:40:01,992] {taskinstance.py:1262} INFO - Executing <Task(PythonOperator): print_the_context> on 2022-11-21 23:35:00+00:00
[2022-11-21 23:40:02,016] {standard_task_runner.py:76} INFO - Running: ['***', 'tasks', 'run', 'python_operator', 'print_the_context', 'scheduled__2022-11-21T23:35:00+00:00', '--job-id', '65', '--raw', '--subdir', 'DAGS_FOLDER/python_example.py', '--cfg-path', '/tmp/tmpg5cicj22', '--error-file', '/tmp/tmp8mdwahft']
[2022-11-21 23:40:02,026] {standard_task_runner.py:77} INFO - Job 65: Subtask print_the_context
[2022-11-21 23:40:02,004] {standard_task_runner.py:52} INFO - Started process 4924 to run task
[2022-11-21 23:40:02,177] {logging_mixin.py:109} INFO - Running <TaskInstance: python_operator.print_the_context scheduled__2022-11-21T23:35:00+00:00 [running]> on host e6f0f1db9976
[2022-11-21 23:40:02,315] {taskinstance.py:1414} INFO - Exporting the following env vars:
AIRFLOW_CTX_DAG_OWNER=***
AIRFLOW_CTX_DAG_ID=python_operator
AIRFLOW_CTX_TASK_ID=print_the_context
AIRFLOW_CTX_EXECUTION_DATE=2022-11-21T23:35:00+00:00
AIRFLOW_CTX_DAG_RUN_ID=scheduled__2022-11-21T23:35:00+00:00
[2022-11-21 23:40:02,319] {logging_mixin.py:109} INFO - 2022-11-21
[2022-11-21 23:40:02,321] {python.py:152} INFO - Done. Returned value was: Olá pandawans
[2022-11-21 23:40:02,393] {taskinstance.py:1280} INFO - Marking task as SUCCESS. dag_id=python_operator, task_id=print_the_context, execution_date=20221121T233500, start_date=20221121T234001, end_date=20221121T234002
[2022-11-21 23:40:02,500] {local_task_job.py:154} INFO - Task exited with return code 0
[2022-11-21 23:40:02,611] {local_task_job.py:264} INFO - 0 downstream tasks scheduled from follow-on schedule check
